05/04/2023 06:51:44 AM [INFO] featurizing the danish corpus for task: 3-way-classification with model architecture: mtl
05/04/2023 06:51:49 AM [DEBUG] <<LOADING>> danish dataset from directory: /home2/devesh.marwah/Transformer-Models-for-Text-Coherence-Assessment/processed_data/danish
05/04/2023 06:51:49 AM [DEBUG] working on train dataset 
05/04/2023 06:51:49 AM [DEBUG] <Done>
05/04/2023 06:51:49 AM [DEBUG] working on dev dataset 
05/04/2023 06:51:49 AM [DEBUG] <Done>
05/04/2023 06:51:49 AM [DEBUG] ------------------------------------------------------------
05/04/2023 06:51:49 AM [INFO] post-processing the dataset
05/04/2023 06:51:49 AM [INFO] data preprocessed: 750, sentences preprocessed: 750
05/04/2023 06:51:49 AM [INFO] featurizing the datasets..
05/04/2023 06:51:49 AM [DEBUG] 750 data instance processed. max sent_seq_length: 512
05/04/2023 06:51:50 AM [INFO] post-processing the dataset
05/04/2023 06:51:50 AM [INFO] data preprocessed: 101, sentences preprocessed: 101
05/04/2023 06:51:50 AM [INFO] featurizing the datasets..
05/04/2023 06:51:50 AM [DEBUG] 101 data instance processed. max sent_seq_length: 512
05/04/2023 06:51:50 AM [DEBUG] ------------------------------------------------------------
05/04/2023 06:51:50 AM [INFO] featurizing the textual entailment corpus for task: 3-way-classification with model architecture: mtl
05/04/2023 06:51:55 AM [DEBUG] <<LOADING>> RTE dataset from directory: /home2/devesh.marwah/Transformer-Models-for-Text-Coherence-Assessment/processed_data/RTE
05/04/2023 06:51:55 AM [DEBUG] working on train dataset 
05/04/2023 06:51:55 AM [DEBUG] <Done>
05/04/2023 06:51:55 AM [DEBUG] working on dev dataset 
05/04/2023 06:51:55 AM [DEBUG] <Done>
05/04/2023 06:51:55 AM [DEBUG] ------------------------------------------------------------
05/04/2023 06:51:56 AM [INFO] post-processing the dataset
05/04/2023 06:51:56 AM [INFO] data preprocessed: 2489, sentences preprocessed: 2489
05/04/2023 06:51:56 AM [INFO] featurizing the datasets..
05/04/2023 06:51:56 AM [DEBUG] 2489 data instance processed. max sent_seq_length: 512
05/04/2023 06:51:56 AM [INFO] post-processing the dataset
05/04/2023 06:51:56 AM [INFO] data preprocessed: 277, sentences preprocessed: 277
05/04/2023 06:51:56 AM [INFO] featurizing the datasets..
05/04/2023 06:51:56 AM [DEBUG] 277 data instance processed. max sent_seq_length: 512
05/04/2023 06:51:58 AM [DEBUG] ------------------------------------------------------------
05/04/2023 06:51:58 AM [INFO] label distribution for train textual entailment dataset (total count: 2489)
05/04/2023 06:51:58 AM [INFO] {0: 1240, 1: 1249}
05/04/2023 06:51:58 AM [INFO] label distribution for dev textual entailment dataset (total count: 277)
05/04/2023 06:51:58 AM [INFO] {0: 131, 1: 146}
05/04/2023 06:51:58 AM [DEBUG] ------------------------------------------------------------
05/04/2023 06:51:58 AM [INFO] 
command line argument captured ..
05/04/2023 06:51:58 AM [INFO] ------------------------------------------------------------
05/04/2023 06:51:58 AM [INFO] processed_dataset_path - /home2/devesh.marwah/Transformer-Models-for-Text-Coherence-Assessment/processed_data
05/04/2023 06:51:58 AM [INFO] checkpoint_path - /home2/devesh.marwah/Transformer-Models-for-Text-Coherence-Assessment/lightning_checkpoints
05/04/2023 06:51:58 AM [INFO] gpus - 1
05/04/2023 06:51:58 AM [INFO] epochs - 2
05/04/2023 06:51:58 AM [INFO] batch_size - 2
05/04/2023 06:51:58 AM [INFO] learning_rate - 1e-06
05/04/2023 06:51:58 AM [INFO] clip_grad_norm - 0.0
05/04/2023 06:51:58 AM [INFO] weight_decay - 0.01
05/04/2023 06:51:58 AM [INFO] dropout_rate - 0.1
05/04/2023 06:51:58 AM [INFO] enable_scheduler - False
05/04/2023 06:51:58 AM [INFO] warmup_steps - 0.01
05/04/2023 06:51:58 AM [INFO] margin - 1.0
05/04/2023 06:51:58 AM [INFO] corpus - danish
05/04/2023 06:51:58 AM [INFO] sub_corpus - all
05/04/2023 06:51:58 AM [INFO] max_seq_len - 512
05/04/2023 06:51:58 AM [INFO] max_fact_count - 50
05/04/2023 06:51:58 AM [INFO] max_fact_seq_len - 50
05/04/2023 06:51:58 AM [INFO] permutation_count - 20
05/04/2023 06:51:58 AM [INFO] with_replacement - 1
05/04/2023 06:51:58 AM [INFO] train_dataset_count - 3239
05/04/2023 06:51:58 AM [INFO] val_dataset_count - 378
05/04/2023 06:51:58 AM [INFO] test_dataset_count - None
05/04/2023 06:51:58 AM [INFO] inverse_pra - 0
05/04/2023 06:51:58 AM [INFO] task - 3-way-classification
05/04/2023 06:51:58 AM [INFO] enable_kldiv - False
05/04/2023 06:51:59 AM [INFO] label_smoothing - 0.1
05/04/2023 06:51:59 AM [INFO] inference - False
05/04/2023 06:51:59 AM [INFO] online_mode - 0
05/04/2023 06:51:59 AM [INFO] logger_exp_name - danish-mtl-vanilla-3-way-classification-Maltehb-danish-bert-botxo
05/04/2023 06:51:59 AM [INFO] arch - mtl
05/04/2023 06:51:59 AM [INFO] disable_mtl - 0
05/04/2023 06:51:59 AM [INFO] mtl_base_arch - vanilla
05/04/2023 06:51:59 AM [INFO] model_name - Maltehb/danish-bert-botxo
05/04/2023 06:51:59 AM [INFO] tf2_model_name - roberta-base
05/04/2023 06:51:59 AM [INFO] use_pretrained_tf2 - 0
05/04/2023 06:51:59 AM [INFO] sentence_pooling - none
05/04/2023 06:51:59 AM [INFO] freeze_emb_layer - False
05/04/2023 06:51:59 AM [INFO] exp_count - 0
05/04/2023 06:51:59 AM [INFO] fp16 - 0
05/04/2023 06:51:59 AM [INFO] ------------------------------------------------------------
05/04/2023 06:51:59 AM [DEBUG] initiating training process...
05/04/2023 06:52:07 AM [DEBUG] ModelWrapper(
  (doc_encoder): TransformerModel(
    (tf2): BertModel(
      (embeddings): BertEmbeddings(
        (word_embeddings): Embedding(32000, 768, padding_idx=0)
        (position_embeddings): Embedding(512, 768)
        (token_type_embeddings): Embedding(2, 768)
        (LayerNorm): LayerNorm((768,), eps=1e-12, elementwise_affine=True)
        (dropout): Dropout(p=0.1, inplace=False)
      )
      (encoder): BertEncoder(
        (layer): ModuleList(
          (0): BertLayer(
            (attention): BertAttention(
              (self): BertSelfAttention(
                (query): Linear(in_features=768, out_features=768, bias=True)
                (key): Linear(in_features=768, out_features=768, bias=True)
                (value): Linear(in_features=768, out_features=768, bias=True)
                (dropout): Dropout(p=0.1, inplace=False)
              )
              (output): BertSelfOutput(
                (dense): Linear(in_features=768, out_features=768, bias=True)
                (LayerNorm): LayerNorm((768,), eps=1e-12, elementwise_affine=True)
                (dropout): Dropout(p=0.1, inplace=False)
              )
            )
            (intermediate): BertIntermediate(
              (dense): Linear(in_features=768, out_features=3072, bias=True)
            )
            (output): BertOutput(
              (dense): Linear(in_features=3072, out_features=768, bias=True)
              (LayerNorm): LayerNorm((768,), eps=1e-12, elementwise_affine=True)
              (dropout): Dropout(p=0.1, inplace=False)
            )
          )
          (1): BertLayer(
            (attention): BertAttention(
              (self): BertSelfAttention(
                (query): Linear(in_features=768, out_features=768, bias=True)
                (key): Linear(in_features=768, out_features=768, bias=True)
                (value): Linear(in_features=768, out_features=768, bias=True)
                (dropout): Dropout(p=0.1, inplace=False)
              )
              (output): BertSelfOutput(
                (dense): Linear(in_features=768, out_features=768, bias=True)
                (LayerNorm): LayerNorm((768,), eps=1e-12, elementwise_affine=True)
                (dropout): Dropout(p=0.1, inplace=False)
              )
            )
            (intermediate): BertIntermediate(
              (dense): Linear(in_features=768, out_features=3072, bias=True)
            )
            (output): BertOutput(
              (dense): Linear(in_features=3072, out_features=768, bias=True)
              (LayerNorm): LayerNorm((768,), eps=1e-12, elementwise_affine=True)
              (dropout): Dropout(p=0.1, inplace=False)
            )
          )
          (2): BertLayer(
            (attention): BertAttention(
              (self): BertSelfAttention(
                (query): Linear(in_features=768, out_features=768, bias=True)
                (key): Linear(in_features=768, out_features=768, bias=True)
                (value): Linear(in_features=768, out_features=768, bias=True)
                (dropout): Dropout(p=0.1, inplace=False)
              )
              (output): BertSelfOutput(
                (dense): Linear(in_features=768, out_features=768, bias=True)
                (LayerNorm): LayerNorm((768,), eps=1e-12, elementwise_affine=True)
                (dropout): Dropout(p=0.1, inplace=False)
              )
            )
            (intermediate): BertIntermediate(
              (dense): Linear(in_features=768, out_features=3072, bias=True)
            )
            (output): BertOutput(
              (dense): Linear(in_features=3072, out_features=768, bias=True)
              (LayerNorm): LayerNorm((768,), eps=1e-12, elementwise_affine=True)
              (dropout): Dropout(p=0.1, inplace=False)
            )
          )
          (3): BertLayer(
            (attention): BertAttention(
              (self): BertSelfAttention(
                (query): Linear(in_features=768, out_features=768, bias=True)
                (key): Linear(in_features=768, out_features=768, bias=True)
                (value): Linear(in_features=768, out_features=768, bias=True)
                (dropout): Dropout(p=0.1, inplace=False)
              )
              (output): BertSelfOutput(
                (dense): Linear(in_features=768, out_features=768, bias=True)
                (LayerNorm): LayerNorm((768,), eps=1e-12, elementwise_affine=True)
                (dropout): Dropout(p=0.1, inplace=False)
              )
            )
            (intermediate): BertIntermediate(
              (dense): Linear(in_features=768, out_features=3072, bias=True)
            )
            (output): BertOutput(
              (dense): Linear(in_features=3072, out_features=768, bias=True)
              (LayerNorm): LayerNorm((768,), eps=1e-12, elementwise_affine=True)
              (dropout): Dropout(p=0.1, inplace=False)
            )
          )
          (4): BertLayer(
            (attention): BertAttention(
              (self): BertSelfAttention(
                (query): Linear(in_features=768, out_features=768, bias=True)
                (key): Linear(in_features=768, out_features=768, bias=True)
                (value): Linear(in_features=768, out_features=768, bias=True)
                (dropout): Dropout(p=0.1, inplace=False)
              )
              (output): BertSelfOutput(
                (dense): Linear(in_features=768, out_features=768, bias=True)
                (LayerNorm): LayerNorm((768,), eps=1e-12, elementwise_affine=True)
                (dropout): Dropout(p=0.1, inplace=False)
              )
            )
            (intermediate): BertIntermediate(
              (dense): Linear(in_features=768, out_features=3072, bias=True)
            )
            (output): BertOutput(
              (dense): Linear(in_features=3072, out_features=768, bias=True)
              (LayerNorm): LayerNorm((768,), eps=1e-12, elementwise_affine=True)
              (dropout): Dropout(p=0.1, inplace=False)
            )
          )
          (5): BertLayer(
            (attention): BertAttention(
              (self): BertSelfAttention(
                (query): Linear(in_features=768, out_features=768, bias=True)
                (key): Linear(in_features=768, out_features=768, bias=True)
                (value): Linear(in_features=768, out_features=768, bias=True)
                (dropout): Dropout(p=0.1, inplace=False)
              )
              (output): BertSelfOutput(
                (dense): Linear(in_features=768, out_features=768, bias=True)
                (LayerNorm): LayerNorm((768,), eps=1e-12, elementwise_affine=True)
                (dropout): Dropout(p=0.1, inplace=False)
              )
            )
            (intermediate): BertIntermediate(
              (dense): Linear(in_features=768, out_features=3072, bias=True)
            )
            (output): BertOutput(
              (dense): Linear(in_features=3072, out_features=768, bias=True)
              (LayerNorm): LayerNorm((768,), eps=1e-12, elementwise_affine=True)
              (dropout): Dropout(p=0.1, inplace=False)
            )
          )
          (6): BertLayer(
            (attention): BertAttention(
              (self): BertSelfAttention(
                (query): Linear(in_features=768, out_features=768, bias=True)
                (key): Linear(in_features=768, out_features=768, bias=True)
                (value): Linear(in_features=768, out_features=768, bias=True)
                (dropout): Dropout(p=0.1, inplace=False)
              )
              (output): BertSelfOutput(
                (dense): Linear(in_features=768, out_features=768, bias=True)
                (LayerNorm): LayerNorm((768,), eps=1e-12, elementwise_affine=True)
                (dropout): Dropout(p=0.1, inplace=False)
              )
            )
            (intermediate): BertIntermediate(
              (dense): Linear(in_features=768, out_features=3072, bias=True)
            )
            (output): BertOutput(
              (dense): Linear(in_features=3072, out_features=768, bias=True)
              (LayerNorm): LayerNorm((768,), eps=1e-12, elementwise_affine=True)
              (dropout): Dropout(p=0.1, inplace=False)
            )
          )
          (7): BertLayer(
            (attention): BertAttention(
              (self): BertSelfAttention(
                (query): Linear(in_features=768, out_features=768, bias=True)
                (key): Linear(in_features=768, out_features=768, bias=True)
                (value): Linear(in_features=768, out_features=768, bias=True)
                (dropout): Dropout(p=0.1, inplace=False)
              )
              (output): BertSelfOutput(
                (dense): Linear(in_features=768, out_features=768, bias=True)
                (LayerNorm): LayerNorm((768,), eps=1e-12, elementwise_affine=True)
                (dropout): Dropout(p=0.1, inplace=False)
              )
            )
            (intermediate): BertIntermediate(
              (dense): Linear(in_features=768, out_features=3072, bias=True)
            )
            (output): BertOutput(
              (dense): Linear(in_features=3072, out_features=768, bias=True)
              (LayerNorm): LayerNorm((768,), eps=1e-12, elementwise_affine=True)
              (dropout): Dropout(p=0.1, inplace=False)
            )
          )
          (8): BertLayer(
            (attention): BertAttention(
              (self): BertSelfAttention(
                (query): Linear(in_features=768, out_features=768, bias=True)
                (key): Linear(in_features=768, out_features=768, bias=True)
                (value): Linear(in_features=768, out_features=768, bias=True)
                (dropout): Dropout(p=0.1, inplace=False)
              )
              (output): BertSelfOutput(
                (dense): Linear(in_features=768, out_features=768, bias=True)
                (LayerNorm): LayerNorm((768,), eps=1e-12, elementwise_affine=True)
                (dropout): Dropout(p=0.1, inplace=False)
              )
            )
            (intermediate): BertIntermediate(
              (dense): Linear(in_features=768, out_features=3072, bias=True)
            )
            (output): BertOutput(
              (dense): Linear(in_features=3072, out_features=768, bias=True)
              (LayerNorm): LayerNorm((768,), eps=1e-12, elementwise_affine=True)
              (dropout): Dropout(p=0.1, inplace=False)
            )
          )
          (9): BertLayer(
            (attention): BertAttention(
              (self): BertSelfAttention(
                (query): Linear(in_features=768, out_features=768, bias=True)
                (key): Linear(in_features=768, out_features=768, bias=True)
                (value): Linear(in_features=768, out_features=768, bias=True)
                (dropout): Dropout(p=0.1, inplace=False)
              )
              (output): BertSelfOutput(
                (dense): Linear(in_features=768, out_features=768, bias=True)
                (LayerNorm): LayerNorm((768,), eps=1e-12, elementwise_affine=True)
                (dropout): Dropout(p=0.1, inplace=False)
              )
            )
            (intermediate): BertIntermediate(
              (dense): Linear(in_features=768, out_features=3072, bias=True)
            )
            (output): BertOutput(
              (dense): Linear(in_features=3072, out_features=768, bias=True)
              (LayerNorm): LayerNorm((768,), eps=1e-12, elementwise_affine=True)
              (dropout): Dropout(p=0.1, inplace=False)
            )
          )
          (10): BertLayer(
            (attention): BertAttention(
              (self): BertSelfAttention(
                (query): Linear(in_features=768, out_features=768, bias=True)
                (key): Linear(in_features=768, out_features=768, bias=True)
                (value): Linear(in_features=768, out_features=768, bias=True)
                (dropout): Dropout(p=0.1, inplace=False)
              )
              (output): BertSelfOutput(
                (dense): Linear(in_features=768, out_features=768, bias=True)
                (LayerNorm): LayerNorm((768,), eps=1e-12, elementwise_affine=True)
                (dropout): Dropout(p=0.1, inplace=False)
              )
            )
            (intermediate): BertIntermediate(
              (dense): Linear(in_features=768, out_features=3072, bias=True)
            )
            (output): BertOutput(
              (dense): Linear(in_features=3072, out_features=768, bias=True)
              (LayerNorm): LayerNorm((768,), eps=1e-12, elementwise_affine=True)
              (dropout): Dropout(p=0.1, inplace=False)
            )
          )
          (11): BertLayer(
            (attention): BertAttention(
              (self): BertSelfAttention(
                (query): Linear(in_features=768, out_features=768, bias=True)
                (key): Linear(in_features=768, out_features=768, bias=True)
                (value): Linear(in_features=768, out_features=768, bias=True)
                (dropout): Dropout(p=0.1, inplace=False)
              )
              (output): BertSelfOutput(
                (dense): Linear(in_features=768, out_features=768, bias=True)
                (LayerNorm): LayerNorm((768,), eps=1e-12, elementwise_affine=True)
                (dropout): Dropout(p=0.1, inplace=False)
              )
            )
            (intermediate): BertIntermediate(
              (dense): Linear(in_features=768, out_features=3072, bias=True)
            )
            (output): BertOutput(
              (dense): Linear(in_features=3072, out_features=768, bias=True)
              (LayerNorm): LayerNorm((768,), eps=1e-12, elementwise_affine=True)
              (dropout): Dropout(p=0.1, inplace=False)
            )
          )
        )
      )
    )
  )
  (task_head): TexClassificationHead(
    (dense): Linear(in_features=768, out_features=768, bias=True)
    (dropout): Dropout(p=0.1, inplace=False)
    (out_proj): Linear(in_features=768, out_features=3, bias=True)
  )
  (train_metric): Accuracy()
  (val_metric): Accuracy()
  (test_metric): Accuracy()
  (te_task_head): TexClassificationHead(
    (dense): Linear(in_features=768, out_features=768, bias=True)
    (dropout): Dropout(p=0.1, inplace=False)
    (out_proj): Linear(in_features=768, out_features=2, bias=True)
  )
  (te_train_metric): Accuracy()
  (te_val_metric): Accuracy()
)
05/04/2023 06:52:07 AM [INFO] Model has 111211781 trainable parameters
05/04/2023 06:52:11 AM [DEBUG] about to start training loop...
05/04/2023 06:52:13 AM [INFO] epoch : 0 - average_val_loss : 1.064506, overall_val_acc : 0.000000
05/04/2023 06:52:13 AM [INFO] epoch : 0 - average_val_te_loss : 0.727416, overall_val_te_acc : 0.500000
05/04/2023 06:55:24 AM [INFO] epoch : 0 - average_val_loss : 0.980490, overall_val_acc : 0.673267
05/04/2023 06:55:24 AM [INFO] epoch : 0 - average_val_te_loss : 0.686231, overall_val_te_acc : 0.527076
05/04/2023 06:55:37 AM [INFO] epoch : 0 - average_train_loss : 1.022503, overall_train_acc : 0.534667
05/04/2023 06:55:37 AM [INFO] epoch : 0 - average_train_te_loss : 0.704996, overall_train_te_acc : 0.498594
05/04/2023 06:58:48 AM [INFO] epoch : 1 - average_val_loss : 0.958499, overall_val_acc : 0.693069
05/04/2023 06:58:48 AM [INFO] epoch : 1 - average_val_te_loss : 0.680808, overall_val_te_acc : 0.541516
05/04/2023 06:59:02 AM [INFO] epoch : 1 - average_train_loss : 0.997291, overall_train_acc : 0.572000
05/04/2023 06:59:02 AM [INFO] epoch : 1 - average_train_te_loss : 0.696377, overall_train_te_acc : 0.527521
05/04/2023 06:59:03 AM [DEBUG] training done.
05/04/2023 08:27:55 AM [INFO] featurizing the danish corpus for task: 3-way-classification with model architecture: mtl
05/04/2023 08:27:59 AM [DEBUG] <<LOADING>> danish dataset from directory: /home2/devesh.marwah/Transformer-Models-for-Text-Coherence-Assessment/processed_data/danish
05/04/2023 08:27:59 AM [DEBUG] working on test dataset 
05/04/2023 08:27:59 AM [DEBUG] <Done>
05/04/2023 08:27:59 AM [DEBUG] ------------------------------------------------------------
05/04/2023 08:27:59 AM [INFO] post-processing the dataset
05/04/2023 08:27:59 AM [INFO] data preprocessed: 150, sentences preprocessed: 150
05/04/2023 08:27:59 AM [INFO] featurizing the datasets..
05/04/2023 08:27:59 AM [DEBUG] 150 data instance processed. max sent_seq_length: 512
05/04/2023 08:28:00 AM [DEBUG] ------------------------------------------------------------
05/04/2023 08:28:00 AM [INFO] featurizing the textual entailment corpus for task: 3-way-classification with model architecture: mtl
05/04/2023 08:28:04 AM [DEBUG] <<LOADING>> RTE dataset from directory: /home2/devesh.marwah/Transformer-Models-for-Text-Coherence-Assessment/processed_data/RTE
05/04/2023 08:28:04 AM [DEBUG] working on train dataset 
05/04/2023 08:28:04 AM [DEBUG] <Done>
05/04/2023 08:28:04 AM [DEBUG] working on dev dataset 
05/04/2023 08:28:04 AM [DEBUG] <Done>
05/04/2023 08:28:04 AM [DEBUG] ------------------------------------------------------------
05/04/2023 08:28:04 AM [DEBUG] ------------------------------------------------------------
05/04/2023 08:28:04 AM [DEBUG] ------------------------------------------------------------
05/04/2023 08:28:04 AM [INFO] 
command line argument captured ..
05/04/2023 08:28:04 AM [INFO] ------------------------------------------------------------
05/04/2023 08:28:04 AM [INFO] processed_dataset_path - /home2/devesh.marwah/Transformer-Models-for-Text-Coherence-Assessment/processed_data
05/04/2023 08:28:04 AM [INFO] checkpoint_path - /home2/devesh.marwah/Transformer-Models-for-Text-Coherence-Assessment/lightning_checkpoints/danish-mtl-vanilla-3-way-classification-Maltehb-danish-bert-botxo/epoch=1.ckpt
05/04/2023 08:28:04 AM [INFO] gpus - 1
05/04/2023 08:28:04 AM [INFO] epochs - 10
05/04/2023 08:28:04 AM [INFO] batch_size - 2
05/04/2023 08:28:04 AM [INFO] learning_rate - 1e-06
05/04/2023 08:28:04 AM [INFO] clip_grad_norm - 0.0
05/04/2023 08:28:04 AM [INFO] weight_decay - 0.01
05/04/2023 08:28:04 AM [INFO] dropout_rate - 0.1
05/04/2023 08:28:04 AM [INFO] enable_scheduler - False
05/04/2023 08:28:04 AM [INFO] warmup_steps - 0.01
05/04/2023 08:28:04 AM [INFO] margin - 1.0
05/04/2023 08:28:04 AM [INFO] corpus - danish
05/04/2023 08:28:04 AM [INFO] sub_corpus - all
05/04/2023 08:28:04 AM [INFO] max_seq_len - 512
05/04/2023 08:28:04 AM [INFO] max_fact_count - 50
05/04/2023 08:28:04 AM [INFO] max_fact_seq_len - 50
05/04/2023 08:28:04 AM [INFO] permutation_count - 20
05/04/2023 08:28:04 AM [INFO] with_replacement - 1
05/04/2023 08:28:04 AM [INFO] train_dataset_count - None
05/04/2023 08:28:05 AM [INFO] val_dataset_count - None
05/04/2023 08:28:05 AM [INFO] test_dataset_count - 150
05/04/2023 08:28:05 AM [INFO] inverse_pra - 0
05/04/2023 08:28:05 AM [INFO] task - 3-way-classification
05/04/2023 08:28:05 AM [INFO] enable_kldiv - False
05/04/2023 08:28:05 AM [INFO] label_smoothing - 0.1
05/04/2023 08:28:05 AM [INFO] inference - True
05/04/2023 08:28:05 AM [INFO] online_mode - 0
05/04/2023 08:28:05 AM [INFO] logger_exp_name - danish-mtl-vanilla-3-way-classification-Maltehb-danish-bert-botxo
05/04/2023 08:28:05 AM [INFO] arch - mtl
05/04/2023 08:28:05 AM [INFO] disable_mtl - 0
05/04/2023 08:28:05 AM [INFO] mtl_base_arch - vanilla
05/04/2023 08:28:05 AM [INFO] model_name - Maltehb/danish-bert-botxo
05/04/2023 08:28:05 AM [INFO] tf2_model_name - roberta-base
05/04/2023 08:28:05 AM [INFO] use_pretrained_tf2 - 0
05/04/2023 08:28:05 AM [INFO] sentence_pooling - none
05/04/2023 08:28:05 AM [INFO] freeze_emb_layer - True
05/04/2023 08:28:05 AM [INFO] exp_count - 0
05/04/2023 08:28:05 AM [INFO] fp16 - 0
05/04/2023 08:28:05 AM [INFO] ------------------------------------------------------------
05/04/2023 08:28:05 AM [DEBUG] initiating inference process...
05/04/2023 08:28:12 AM [INFO] frozed embedding layer
05/04/2023 08:28:12 AM [DEBUG] loading the model from checkpoint : /home2/devesh.marwah/Transformer-Models-for-Text-Coherence-Assessment/lightning_checkpoints/danish-mtl-vanilla-3-way-classification-Maltehb-danish-bert-botxo/epoch=1.ckpt
05/04/2023 08:28:34 AM [INFO] frozed embedding layer
05/04/2023 08:28:35 AM [DEBUG] loaded model successfully !!!
05/04/2023 08:28:35 AM [INFO] testing on dataset : danish ( sub_dataset all ) on task : 3-way-classification
05/04/2023 08:28:43 AM [INFO] epoch : 0 - average_test_loss : 0.833503, overall_test_acc : 0.600000
05/04/2023 08:28:43 AM [DEBUG] testing done !!!
