05/04/2023 06:30:38 AM [INFO] featurizing the danish corpus for task: 3-way-classification with model architecture: mtl
05/04/2023 06:30:41 AM [DEBUG] <<LOADING>> danish dataset from directory: /home2/devesh.marwah/Transformer-Models-for-Text-Coherence-Assessment/processed_data/danish
05/04/2023 06:30:41 AM [DEBUG] working on train dataset 
05/04/2023 06:30:41 AM [DEBUG] <Done>
05/04/2023 06:30:41 AM [DEBUG] working on dev dataset 
05/04/2023 06:30:41 AM [DEBUG] <Done>
05/04/2023 06:30:41 AM [DEBUG] ------------------------------------------------------------
05/04/2023 06:30:41 AM [INFO] post-processing the dataset
05/04/2023 06:30:41 AM [INFO] data preprocessed: 750, sentences preprocessed: 750
05/04/2023 06:30:41 AM [INFO] featurizing the datasets..
05/04/2023 06:30:41 AM [DEBUG] 750 data instance processed. max sent_seq_length: 512
05/04/2023 06:30:42 AM [INFO] post-processing the dataset
05/04/2023 06:30:42 AM [INFO] data preprocessed: 101, sentences preprocessed: 101
05/04/2023 06:30:42 AM [INFO] featurizing the datasets..
05/04/2023 06:30:42 AM [DEBUG] 101 data instance processed. max sent_seq_length: 512
05/04/2023 06:30:42 AM [DEBUG] ------------------------------------------------------------
05/04/2023 06:30:42 AM [INFO] featurizing the textual entailment corpus for task: 3-way-classification with model architecture: mtl
05/04/2023 06:30:46 AM [DEBUG] <<LOADING>> RTE dataset from directory: /home2/devesh.marwah/Transformer-Models-for-Text-Coherence-Assessment/processed_data/RTE
05/04/2023 06:30:46 AM [DEBUG] working on train dataset 
05/04/2023 06:30:46 AM [DEBUG] <Done>
05/04/2023 06:30:46 AM [DEBUG] working on dev dataset 
05/04/2023 06:30:46 AM [DEBUG] <Done>
05/04/2023 06:30:46 AM [DEBUG] ------------------------------------------------------------
05/04/2023 06:30:46 AM [INFO] post-processing the dataset
05/04/2023 06:30:46 AM [INFO] data preprocessed: 2489, sentences preprocessed: 2489
05/04/2023 06:30:46 AM [INFO] featurizing the datasets..
05/04/2023 06:30:46 AM [DEBUG] 2489 data instance processed. max sent_seq_length: 512
05/04/2023 06:30:46 AM [INFO] post-processing the dataset
05/04/2023 06:30:46 AM [INFO] data preprocessed: 277, sentences preprocessed: 277
05/04/2023 06:30:46 AM [INFO] featurizing the datasets..
05/04/2023 06:30:46 AM [DEBUG] 277 data instance processed. max sent_seq_length: 512
05/04/2023 06:30:49 AM [DEBUG] ------------------------------------------------------------
05/04/2023 06:30:49 AM [INFO] label distribution for train textual entailment dataset (total count: 2489)
05/04/2023 06:30:49 AM [INFO] {0: 1240, 1: 1249}
05/04/2023 06:30:49 AM [INFO] label distribution for dev textual entailment dataset (total count: 277)
05/04/2023 06:30:49 AM [INFO] {0: 131, 1: 146}
05/04/2023 06:30:49 AM [DEBUG] ------------------------------------------------------------
05/04/2023 06:30:49 AM [INFO] 
command line argument captured ..
05/04/2023 06:30:49 AM [INFO] ------------------------------------------------------------
05/04/2023 06:30:49 AM [INFO] processed_dataset_path - /home2/devesh.marwah/Transformer-Models-for-Text-Coherence-Assessment/processed_data
05/04/2023 06:30:49 AM [INFO] checkpoint_path - /home2/devesh.marwah/Transformer-Models-for-Text-Coherence-Assessment/lightning_checkpoints
05/04/2023 06:30:49 AM [INFO] gpus - 1
05/04/2023 06:30:49 AM [INFO] epochs - 2
05/04/2023 06:30:49 AM [INFO] batch_size - 2
05/04/2023 06:30:49 AM [INFO] learning_rate - 1e-06
05/04/2023 06:30:49 AM [INFO] clip_grad_norm - 0.0
05/04/2023 06:30:49 AM [INFO] weight_decay - 0.01
05/04/2023 06:30:49 AM [INFO] dropout_rate - 0.1
05/04/2023 06:30:49 AM [INFO] enable_scheduler - False
05/04/2023 06:30:49 AM [INFO] warmup_steps - 0.01
05/04/2023 06:30:49 AM [INFO] margin - 1.0
05/04/2023 06:30:49 AM [INFO] corpus - danish
05/04/2023 06:30:49 AM [INFO] sub_corpus - all
05/04/2023 06:30:49 AM [INFO] max_seq_len - 512
05/04/2023 06:30:49 AM [INFO] max_fact_count - 50
05/04/2023 06:30:49 AM [INFO] max_fact_seq_len - 50
05/04/2023 06:30:49 AM [INFO] permutation_count - 20
05/04/2023 06:30:49 AM [INFO] with_replacement - 1
05/04/2023 06:30:49 AM [INFO] train_dataset_count - 3239
05/04/2023 06:30:49 AM [INFO] val_dataset_count - 378
05/04/2023 06:30:49 AM [INFO] test_dataset_count - None
05/04/2023 06:30:49 AM [INFO] inverse_pra - 0
05/04/2023 06:30:49 AM [INFO] task - 3-way-classification
05/04/2023 06:30:49 AM [INFO] enable_kldiv - False
05/04/2023 06:30:49 AM [INFO] label_smoothing - 0.1
05/04/2023 06:30:49 AM [INFO] inference - False
05/04/2023 06:30:49 AM [INFO] online_mode - 0
05/04/2023 06:30:49 AM [INFO] logger_exp_name - danish-mtl-vanilla-3-way-classification-roberta-base
05/04/2023 06:30:49 AM [INFO] arch - mtl
05/04/2023 06:30:49 AM [INFO] disable_mtl - 0
05/04/2023 06:30:49 AM [INFO] mtl_base_arch - vanilla
05/04/2023 06:30:49 AM [INFO] model_name - roberta-base
05/04/2023 06:30:49 AM [INFO] tf2_model_name - roberta-base
05/04/2023 06:30:49 AM [INFO] use_pretrained_tf2 - 0
05/04/2023 06:30:49 AM [INFO] sentence_pooling - none
05/04/2023 06:30:49 AM [INFO] freeze_emb_layer - False
05/04/2023 06:30:49 AM [INFO] exp_count - 0
05/04/2023 06:30:49 AM [INFO] fp16 - 0
05/04/2023 06:30:49 AM [INFO] ------------------------------------------------------------
05/04/2023 06:30:49 AM [DEBUG] initiating training process...
05/04/2023 06:30:54 AM [DEBUG] ModelWrapper(
  (doc_encoder): TransformerModel(
    (tf2): RobertaModel(
      (embeddings): RobertaEmbeddings(
        (word_embeddings): Embedding(50265, 768, padding_idx=1)
        (position_embeddings): Embedding(514, 768, padding_idx=1)
        (token_type_embeddings): Embedding(1, 768)
        (LayerNorm): LayerNorm((768,), eps=1e-05, elementwise_affine=True)
        (dropout): Dropout(p=0.1, inplace=False)
      )
      (encoder): RobertaEncoder(
        (layer): ModuleList(
          (0): RobertaLayer(
            (attention): RobertaAttention(
              (self): RobertaSelfAttention(
                (query): Linear(in_features=768, out_features=768, bias=True)
                (key): Linear(in_features=768, out_features=768, bias=True)
                (value): Linear(in_features=768, out_features=768, bias=True)
                (dropout): Dropout(p=0.1, inplace=False)
              )
              (output): RobertaSelfOutput(
                (dense): Linear(in_features=768, out_features=768, bias=True)
                (LayerNorm): LayerNorm((768,), eps=1e-05, elementwise_affine=True)
                (dropout): Dropout(p=0.1, inplace=False)
              )
            )
            (intermediate): RobertaIntermediate(
              (dense): Linear(in_features=768, out_features=3072, bias=True)
            )
            (output): RobertaOutput(
              (dense): Linear(in_features=3072, out_features=768, bias=True)
              (LayerNorm): LayerNorm((768,), eps=1e-05, elementwise_affine=True)
              (dropout): Dropout(p=0.1, inplace=False)
            )
          )
          (1): RobertaLayer(
            (attention): RobertaAttention(
              (self): RobertaSelfAttention(
                (query): Linear(in_features=768, out_features=768, bias=True)
                (key): Linear(in_features=768, out_features=768, bias=True)
                (value): Linear(in_features=768, out_features=768, bias=True)
                (dropout): Dropout(p=0.1, inplace=False)
              )
              (output): RobertaSelfOutput(
                (dense): Linear(in_features=768, out_features=768, bias=True)
                (LayerNorm): LayerNorm((768,), eps=1e-05, elementwise_affine=True)
                (dropout): Dropout(p=0.1, inplace=False)
              )
            )
            (intermediate): RobertaIntermediate(
              (dense): Linear(in_features=768, out_features=3072, bias=True)
            )
            (output): RobertaOutput(
              (dense): Linear(in_features=3072, out_features=768, bias=True)
              (LayerNorm): LayerNorm((768,), eps=1e-05, elementwise_affine=True)
              (dropout): Dropout(p=0.1, inplace=False)
            )
          )
          (2): RobertaLayer(
            (attention): RobertaAttention(
              (self): RobertaSelfAttention(
                (query): Linear(in_features=768, out_features=768, bias=True)
                (key): Linear(in_features=768, out_features=768, bias=True)
                (value): Linear(in_features=768, out_features=768, bias=True)
                (dropout): Dropout(p=0.1, inplace=False)
              )
              (output): RobertaSelfOutput(
                (dense): Linear(in_features=768, out_features=768, bias=True)
                (LayerNorm): LayerNorm((768,), eps=1e-05, elementwise_affine=True)
                (dropout): Dropout(p=0.1, inplace=False)
              )
            )
            (intermediate): RobertaIntermediate(
              (dense): Linear(in_features=768, out_features=3072, bias=True)
            )
            (output): RobertaOutput(
              (dense): Linear(in_features=3072, out_features=768, bias=True)
              (LayerNorm): LayerNorm((768,), eps=1e-05, elementwise_affine=True)
              (dropout): Dropout(p=0.1, inplace=False)
            )
          )
          (3): RobertaLayer(
            (attention): RobertaAttention(
              (self): RobertaSelfAttention(
                (query): Linear(in_features=768, out_features=768, bias=True)
                (key): Linear(in_features=768, out_features=768, bias=True)
                (value): Linear(in_features=768, out_features=768, bias=True)
                (dropout): Dropout(p=0.1, inplace=False)
              )
              (output): RobertaSelfOutput(
                (dense): Linear(in_features=768, out_features=768, bias=True)
                (LayerNorm): LayerNorm((768,), eps=1e-05, elementwise_affine=True)
                (dropout): Dropout(p=0.1, inplace=False)
              )
            )
            (intermediate): RobertaIntermediate(
              (dense): Linear(in_features=768, out_features=3072, bias=True)
            )
            (output): RobertaOutput(
              (dense): Linear(in_features=3072, out_features=768, bias=True)
              (LayerNorm): LayerNorm((768,), eps=1e-05, elementwise_affine=True)
              (dropout): Dropout(p=0.1, inplace=False)
            )
          )
          (4): RobertaLayer(
            (attention): RobertaAttention(
              (self): RobertaSelfAttention(
                (query): Linear(in_features=768, out_features=768, bias=True)
                (key): Linear(in_features=768, out_features=768, bias=True)
                (value): Linear(in_features=768, out_features=768, bias=True)
                (dropout): Dropout(p=0.1, inplace=False)
              )
              (output): RobertaSelfOutput(
                (dense): Linear(in_features=768, out_features=768, bias=True)
                (LayerNorm): LayerNorm((768,), eps=1e-05, elementwise_affine=True)
                (dropout): Dropout(p=0.1, inplace=False)
              )
            )
            (intermediate): RobertaIntermediate(
              (dense): Linear(in_features=768, out_features=3072, bias=True)
            )
            (output): RobertaOutput(
              (dense): Linear(in_features=3072, out_features=768, bias=True)
              (LayerNorm): LayerNorm((768,), eps=1e-05, elementwise_affine=True)
              (dropout): Dropout(p=0.1, inplace=False)
            )
          )
          (5): RobertaLayer(
            (attention): RobertaAttention(
              (self): RobertaSelfAttention(
                (query): Linear(in_features=768, out_features=768, bias=True)
                (key): Linear(in_features=768, out_features=768, bias=True)
                (value): Linear(in_features=768, out_features=768, bias=True)
                (dropout): Dropout(p=0.1, inplace=False)
              )
              (output): RobertaSelfOutput(
                (dense): Linear(in_features=768, out_features=768, bias=True)
                (LayerNorm): LayerNorm((768,), eps=1e-05, elementwise_affine=True)
                (dropout): Dropout(p=0.1, inplace=False)
              )
            )
            (intermediate): RobertaIntermediate(
              (dense): Linear(in_features=768, out_features=3072, bias=True)
            )
            (output): RobertaOutput(
              (dense): Linear(in_features=3072, out_features=768, bias=True)
              (LayerNorm): LayerNorm((768,), eps=1e-05, elementwise_affine=True)
              (dropout): Dropout(p=0.1, inplace=False)
            )
          )
          (6): RobertaLayer(
            (attention): RobertaAttention(
              (self): RobertaSelfAttention(
                (query): Linear(in_features=768, out_features=768, bias=True)
                (key): Linear(in_features=768, out_features=768, bias=True)
                (value): Linear(in_features=768, out_features=768, bias=True)
                (dropout): Dropout(p=0.1, inplace=False)
              )
              (output): RobertaSelfOutput(
                (dense): Linear(in_features=768, out_features=768, bias=True)
                (LayerNorm): LayerNorm((768,), eps=1e-05, elementwise_affine=True)
                (dropout): Dropout(p=0.1, inplace=False)
              )
            )
            (intermediate): RobertaIntermediate(
              (dense): Linear(in_features=768, out_features=3072, bias=True)
            )
            (output): RobertaOutput(
              (dense): Linear(in_features=3072, out_features=768, bias=True)
              (LayerNorm): LayerNorm((768,), eps=1e-05, elementwise_affine=True)
              (dropout): Dropout(p=0.1, inplace=False)
            )
          )
          (7): RobertaLayer(
            (attention): RobertaAttention(
              (self): RobertaSelfAttention(
                (query): Linear(in_features=768, out_features=768, bias=True)
                (key): Linear(in_features=768, out_features=768, bias=True)
                (value): Linear(in_features=768, out_features=768, bias=True)
                (dropout): Dropout(p=0.1, inplace=False)
              )
              (output): RobertaSelfOutput(
                (dense): Linear(in_features=768, out_features=768, bias=True)
                (LayerNorm): LayerNorm((768,), eps=1e-05, elementwise_affine=True)
                (dropout): Dropout(p=0.1, inplace=False)
              )
            )
            (intermediate): RobertaIntermediate(
              (dense): Linear(in_features=768, out_features=3072, bias=True)
            )
            (output): RobertaOutput(
              (dense): Linear(in_features=3072, out_features=768, bias=True)
              (LayerNorm): LayerNorm((768,), eps=1e-05, elementwise_affine=True)
              (dropout): Dropout(p=0.1, inplace=False)
            )
          )
          (8): RobertaLayer(
            (attention): RobertaAttention(
              (self): RobertaSelfAttention(
                (query): Linear(in_features=768, out_features=768, bias=True)
                (key): Linear(in_features=768, out_features=768, bias=True)
                (value): Linear(in_features=768, out_features=768, bias=True)
                (dropout): Dropout(p=0.1, inplace=False)
              )
              (output): RobertaSelfOutput(
                (dense): Linear(in_features=768, out_features=768, bias=True)
                (LayerNorm): LayerNorm((768,), eps=1e-05, elementwise_affine=True)
                (dropout): Dropout(p=0.1, inplace=False)
              )
            )
            (intermediate): RobertaIntermediate(
              (dense): Linear(in_features=768, out_features=3072, bias=True)
            )
            (output): RobertaOutput(
              (dense): Linear(in_features=3072, out_features=768, bias=True)
              (LayerNorm): LayerNorm((768,), eps=1e-05, elementwise_affine=True)
              (dropout): Dropout(p=0.1, inplace=False)
            )
          )
          (9): RobertaLayer(
            (attention): RobertaAttention(
              (self): RobertaSelfAttention(
                (query): Linear(in_features=768, out_features=768, bias=True)
                (key): Linear(in_features=768, out_features=768, bias=True)
                (value): Linear(in_features=768, out_features=768, bias=True)
                (dropout): Dropout(p=0.1, inplace=False)
              )
              (output): RobertaSelfOutput(
                (dense): Linear(in_features=768, out_features=768, bias=True)
                (LayerNorm): LayerNorm((768,), eps=1e-05, elementwise_affine=True)
                (dropout): Dropout(p=0.1, inplace=False)
              )
            )
            (intermediate): RobertaIntermediate(
              (dense): Linear(in_features=768, out_features=3072, bias=True)
            )
            (output): RobertaOutput(
              (dense): Linear(in_features=3072, out_features=768, bias=True)
              (LayerNorm): LayerNorm((768,), eps=1e-05, elementwise_affine=True)
              (dropout): Dropout(p=0.1, inplace=False)
            )
          )
          (10): RobertaLayer(
            (attention): RobertaAttention(
              (self): RobertaSelfAttention(
                (query): Linear(in_features=768, out_features=768, bias=True)
                (key): Linear(in_features=768, out_features=768, bias=True)
                (value): Linear(in_features=768, out_features=768, bias=True)
                (dropout): Dropout(p=0.1, inplace=False)
              )
              (output): RobertaSelfOutput(
                (dense): Linear(in_features=768, out_features=768, bias=True)
                (LayerNorm): LayerNorm((768,), eps=1e-05, elementwise_affine=True)
                (dropout): Dropout(p=0.1, inplace=False)
              )
            )
            (intermediate): RobertaIntermediate(
              (dense): Linear(in_features=768, out_features=3072, bias=True)
            )
            (output): RobertaOutput(
              (dense): Linear(in_features=3072, out_features=768, bias=True)
              (LayerNorm): LayerNorm((768,), eps=1e-05, elementwise_affine=True)
              (dropout): Dropout(p=0.1, inplace=False)
            )
          )
          (11): RobertaLayer(
            (attention): RobertaAttention(
              (self): RobertaSelfAttention(
                (query): Linear(in_features=768, out_features=768, bias=True)
                (key): Linear(in_features=768, out_features=768, bias=True)
                (value): Linear(in_features=768, out_features=768, bias=True)
                (dropout): Dropout(p=0.1, inplace=False)
              )
              (output): RobertaSelfOutput(
                (dense): Linear(in_features=768, out_features=768, bias=True)
                (LayerNorm): LayerNorm((768,), eps=1e-05, elementwise_affine=True)
                (dropout): Dropout(p=0.1, inplace=False)
              )
            )
            (intermediate): RobertaIntermediate(
              (dense): Linear(in_features=768, out_features=3072, bias=True)
            )
            (output): RobertaOutput(
              (dense): Linear(in_features=3072, out_features=768, bias=True)
              (LayerNorm): LayerNorm((768,), eps=1e-05, elementwise_affine=True)
              (dropout): Dropout(p=0.1, inplace=False)
            )
          )
        )
      )
    )
  )
  (task_head): TexClassificationHead(
    (dense): Linear(in_features=768, out_features=768, bias=True)
    (dropout): Dropout(p=0.1, inplace=False)
    (out_proj): Linear(in_features=768, out_features=3, bias=True)
  )
  (train_metric): Accuracy()
  (val_metric): Accuracy()
  (test_metric): Accuracy()
  (te_task_head): TexClassificationHead(
    (dense): Linear(in_features=768, out_features=768, bias=True)
    (dropout): Dropout(p=0.1, inplace=False)
    (out_proj): Linear(in_features=768, out_features=2, bias=True)
  )
  (te_train_metric): Accuracy()
  (te_val_metric): Accuracy()
)
05/04/2023 06:30:54 AM [INFO] Model has 125240069 trainable parameters
05/04/2023 06:30:57 AM [DEBUG] about to start training loop...
05/04/2023 06:31:00 AM [INFO] epoch : 0 - average_val_loss : 0.947087, overall_val_acc : 0.000000
05/04/2023 06:31:00 AM [INFO] epoch : 0 - average_val_te_loss : 0.718613, overall_val_te_acc : 0.000000
05/04/2023 06:34:15 AM [INFO] epoch : 0 - average_val_loss : 0.990864, overall_val_acc : 0.673267
05/04/2023 06:34:15 AM [INFO] epoch : 0 - average_val_te_loss : 0.691177, overall_val_te_acc : 0.548736
05/04/2023 06:34:30 AM [INFO] epoch : 0 - average_train_loss : 1.025447, overall_train_acc : 0.496000
05/04/2023 06:34:30 AM [INFO] epoch : 0 - average_train_te_loss : 0.695057, overall_train_te_acc : 0.504219
05/04/2023 06:34:39 AM [DEBUG] training done.
05/04/2023 08:26:01 AM [INFO] featurizing the danish corpus for task: 3-way-classification with model architecture: mtl
05/04/2023 08:26:04 AM [DEBUG] <<LOADING>> danish dataset from directory: /home2/devesh.marwah/Transformer-Models-for-Text-Coherence-Assessment/processed_data/danish
05/04/2023 08:26:04 AM [DEBUG] working on test dataset 
05/04/2023 08:26:04 AM [DEBUG] <Done>
05/04/2023 08:26:04 AM [DEBUG] ------------------------------------------------------------
05/04/2023 08:26:04 AM [INFO] post-processing the dataset
05/04/2023 08:26:04 AM [INFO] data preprocessed: 150, sentences preprocessed: 150
05/04/2023 08:26:04 AM [INFO] featurizing the datasets..
05/04/2023 08:26:04 AM [DEBUG] 150 data instance processed. max sent_seq_length: 512
05/04/2023 08:26:04 AM [DEBUG] ------------------------------------------------------------
05/04/2023 08:26:04 AM [INFO] featurizing the textual entailment corpus for task: 3-way-classification with model architecture: mtl
05/04/2023 08:26:08 AM [DEBUG] <<LOADING>> RTE dataset from directory: /home2/devesh.marwah/Transformer-Models-for-Text-Coherence-Assessment/processed_data/RTE
05/04/2023 08:26:08 AM [DEBUG] working on train dataset 
05/04/2023 08:26:08 AM [DEBUG] <Done>
05/04/2023 08:26:08 AM [DEBUG] working on dev dataset 
05/04/2023 08:26:08 AM [DEBUG] <Done>
05/04/2023 08:26:08 AM [DEBUG] ------------------------------------------------------------
05/04/2023 08:26:08 AM [DEBUG] ------------------------------------------------------------
05/04/2023 08:26:08 AM [DEBUG] ------------------------------------------------------------
05/04/2023 08:26:08 AM [INFO] 
command line argument captured ..
05/04/2023 08:26:08 AM [INFO] ------------------------------------------------------------
05/04/2023 08:26:08 AM [INFO] processed_dataset_path - /home2/devesh.marwah/Transformer-Models-for-Text-Coherence-Assessment/processed_data
05/04/2023 08:26:08 AM [INFO] checkpoint_path - /home2/devesh.marwah/Transformer-Models-for-Text-Coherence-Assessment/lightning_checkpoints/danish-mtl-vanilla-3-way-classification-Maltehb-danish-bert-botxo/epoch=1.ckpt
05/04/2023 08:26:08 AM [INFO] gpus - 1
05/04/2023 08:26:08 AM [INFO] epochs - 10
05/04/2023 08:26:08 AM [INFO] batch_size - 2
05/04/2023 08:26:08 AM [INFO] learning_rate - 1e-06
05/04/2023 08:26:08 AM [INFO] clip_grad_norm - 0.0
05/04/2023 08:26:08 AM [INFO] weight_decay - 0.01
05/04/2023 08:26:08 AM [INFO] dropout_rate - 0.1
05/04/2023 08:26:08 AM [INFO] enable_scheduler - False
05/04/2023 08:26:08 AM [INFO] warmup_steps - 0.01
05/04/2023 08:26:08 AM [INFO] margin - 1.0
05/04/2023 08:26:08 AM [INFO] corpus - danish
05/04/2023 08:26:08 AM [INFO] sub_corpus - all
05/04/2023 08:26:08 AM [INFO] max_seq_len - 512
05/04/2023 08:26:08 AM [INFO] max_fact_count - 50
05/04/2023 08:26:08 AM [INFO] max_fact_seq_len - 50
05/04/2023 08:26:08 AM [INFO] permutation_count - 20
05/04/2023 08:26:08 AM [INFO] with_replacement - 1
05/04/2023 08:26:08 AM [INFO] train_dataset_count - None
05/04/2023 08:26:08 AM [INFO] val_dataset_count - None
05/04/2023 08:26:08 AM [INFO] test_dataset_count - 150
05/04/2023 08:26:08 AM [INFO] inverse_pra - 0
05/04/2023 08:26:08 AM [INFO] task - 3-way-classification
05/04/2023 08:26:08 AM [INFO] enable_kldiv - False
05/04/2023 08:26:08 AM [INFO] label_smoothing - 0.1
05/04/2023 08:26:08 AM [INFO] inference - True
05/04/2023 08:26:08 AM [INFO] online_mode - 0
05/04/2023 08:26:08 AM [INFO] logger_exp_name - danish-mtl-vanilla-3-way-classification-roberta-base
05/04/2023 08:26:08 AM [INFO] arch - mtl
05/04/2023 08:26:08 AM [INFO] disable_mtl - 0
05/04/2023 08:26:08 AM [INFO] mtl_base_arch - vanilla
05/04/2023 08:26:08 AM [INFO] model_name - roberta-base
05/04/2023 08:26:08 AM [INFO] tf2_model_name - roberta-base
05/04/2023 08:26:08 AM [INFO] use_pretrained_tf2 - 0
05/04/2023 08:26:08 AM [INFO] sentence_pooling - none
05/04/2023 08:26:08 AM [INFO] freeze_emb_layer - True
05/04/2023 08:26:08 AM [INFO] exp_count - 0
05/04/2023 08:26:08 AM [INFO] fp16 - 0
05/04/2023 08:26:08 AM [INFO] ------------------------------------------------------------
05/04/2023 08:26:08 AM [DEBUG] initiating inference process...
05/04/2023 08:26:14 AM [INFO] frozed embedding layer
05/04/2023 08:26:14 AM [DEBUG] loading the model from checkpoint : /home2/devesh.marwah/Transformer-Models-for-Text-Coherence-Assessment/lightning_checkpoints/danish-mtl-vanilla-3-way-classification-Maltehb-danish-bert-botxo/epoch=1.ckpt
