05/04/2023 05:22:50 AM [INFO] featurizing the gcdc corpus: all for task: minority-classification with model architecture: mtl
05/04/2023 05:22:54 AM [DEBUG] <<LOADING>> GCDC dataset from directory: /home2/devesh.marwah/Transformer-Models-for-Text-Coherence-Assessment/processed_data/GCDC
05/04/2023 05:22:54 AM [DEBUG] working on train dataset 
05/04/2023 05:22:54 AM [DEBUG] <Done>
05/04/2023 05:22:54 AM [DEBUG] working on dev dataset 
05/04/2023 05:22:55 AM [DEBUG] <Done>
05/04/2023 05:22:55 AM [DEBUG] ------------------------------------------------------------
05/04/2023 05:22:55 AM [INFO] post-processing the dataset
05/04/2023 05:22:55 AM [INFO] data preprocessed: 3200, sentences preprocessed: 3200
05/04/2023 05:22:56 AM [INFO] featurizing the datasets..
05/04/2023 05:22:56 AM [DEBUG] 3200 data instance processed. max sent_seq_length: 512
05/04/2023 05:22:58 AM [INFO] post-processing the dataset
05/04/2023 05:22:58 AM [INFO] data preprocessed: 800, sentences preprocessed: 800
05/04/2023 05:22:58 AM [INFO] featurizing the datasets..
05/04/2023 05:22:58 AM [DEBUG] 800 data instance processed. max sent_seq_length: 512
05/04/2023 05:22:58 AM [DEBUG] ------------------------------------------------------------
05/04/2023 05:22:58 AM [INFO] label distribution in train dataset (total count: 3200)
05/04/2023 05:22:58 AM [INFO] {0: 2561, 1: 639}
05/04/2023 05:22:58 AM [INFO] label distribution in dev dataset (total count: 800)
05/04/2023 05:22:58 AM [INFO] {0: 641, 1: 159}
05/04/2023 05:22:58 AM [DEBUG] ------------------------------------------------------------
05/04/2023 05:22:58 AM [INFO] featurizing the textual entailment corpus for task: minority-classification with model architecture: mtl
05/04/2023 05:23:01 AM [DEBUG] <<LOADING>> RTE dataset from directory: /home2/devesh.marwah/Transformer-Models-for-Text-Coherence-Assessment/processed_data/RTE
05/04/2023 05:23:01 AM [DEBUG] working on train dataset 
05/04/2023 05:23:01 AM [DEBUG] <Done>
05/04/2023 05:23:01 AM [DEBUG] working on dev dataset 
05/04/2023 05:23:01 AM [DEBUG] <Done>
05/04/2023 05:23:01 AM [DEBUG] ------------------------------------------------------------
05/04/2023 05:23:02 AM [INFO] post-processing the dataset
05/04/2023 05:23:02 AM [INFO] data preprocessed: 2489, sentences preprocessed: 2489
05/04/2023 05:23:02 AM [INFO] featurizing the datasets..
05/04/2023 05:23:02 AM [DEBUG] 2489 data instance processed. max sent_seq_length: 512
05/04/2023 05:23:02 AM [INFO] post-processing the dataset
05/04/2023 05:23:02 AM [INFO] data preprocessed: 277, sentences preprocessed: 277
05/04/2023 05:23:02 AM [INFO] featurizing the datasets..
05/04/2023 05:23:02 AM [DEBUG] 277 data instance processed. max sent_seq_length: 512
05/04/2023 05:23:06 AM [DEBUG] ------------------------------------------------------------
05/04/2023 05:23:06 AM [INFO] label distribution for train textual entailment dataset (total count: 2489)
05/04/2023 05:23:06 AM [INFO] {0: 1240, 1: 1249}
05/04/2023 05:23:06 AM [INFO] label distribution for dev textual entailment dataset (total count: 277)
05/04/2023 05:23:06 AM [INFO] {0: 131, 1: 146}
05/04/2023 05:23:06 AM [DEBUG] ------------------------------------------------------------
05/04/2023 05:23:06 AM [INFO] 
command line argument captured ..
05/04/2023 05:23:06 AM [INFO] ------------------------------------------------------------
05/04/2023 05:23:06 AM [INFO] processed_dataset_path - /home2/devesh.marwah/Transformer-Models-for-Text-Coherence-Assessment/processed_data
05/04/2023 05:23:06 AM [INFO] checkpoint_path - /home2/devesh.marwah/Transformer-Models-for-Text-Coherence-Assessment/lightning_checkpoints
05/04/2023 05:23:06 AM [INFO] gpus - 1
05/04/2023 05:23:06 AM [INFO] epochs - 2
05/04/2023 05:23:06 AM [INFO] batch_size - 2
05/04/2023 05:23:06 AM [INFO] learning_rate - 1e-06
05/04/2023 05:23:06 AM [INFO] clip_grad_norm - 0.0
05/04/2023 05:23:06 AM [INFO] weight_decay - 0.01
05/04/2023 05:23:06 AM [INFO] dropout_rate - 0.1
05/04/2023 05:23:06 AM [INFO] enable_scheduler - False
05/04/2023 05:23:06 AM [INFO] warmup_steps - 0.01
05/04/2023 05:23:06 AM [INFO] margin - 1.0
05/04/2023 05:23:06 AM [INFO] corpus - gcdc
05/04/2023 05:23:06 AM [INFO] sub_corpus - all
05/04/2023 05:23:06 AM [INFO] max_seq_len - 512
05/04/2023 05:23:06 AM [INFO] max_fact_count - 50
05/04/2023 05:23:06 AM [INFO] max_fact_seq_len - 50
05/04/2023 05:23:06 AM [INFO] permutation_count - 20
05/04/2023 05:23:06 AM [INFO] with_replacement - 1
05/04/2023 05:23:06 AM [INFO] train_dataset_count - 5689
05/04/2023 05:23:06 AM [INFO] val_dataset_count - 1077
05/04/2023 05:23:06 AM [INFO] test_dataset_count - None
05/04/2023 05:23:06 AM [INFO] inverse_pra - 0
05/04/2023 05:23:06 AM [INFO] task - minority-classification
05/04/2023 05:23:06 AM [INFO] enable_kldiv - False
05/04/2023 05:23:06 AM [INFO] label_smoothing - 0.1
05/04/2023 05:23:06 AM [INFO] inference - False
05/04/2023 05:23:06 AM [INFO] online_mode - 0
05/04/2023 05:23:06 AM [INFO] logger_exp_name - gcdc-All-mtl-vanilla-minority-classification-roberta-base
05/04/2023 05:23:06 AM [INFO] arch - mtl
05/04/2023 05:23:06 AM [INFO] disable_mtl - 0
05/04/2023 05:23:06 AM [INFO] mtl_base_arch - vanilla
05/04/2023 05:23:06 AM [INFO] model_name - roberta-base
05/04/2023 05:23:06 AM [INFO] tf2_model_name - roberta-base
05/04/2023 05:23:06 AM [INFO] use_pretrained_tf2 - 0
05/04/2023 05:23:06 AM [INFO] sentence_pooling - none
05/04/2023 05:23:06 AM [INFO] freeze_emb_layer - False
05/04/2023 05:23:06 AM [INFO] exp_count - 0
05/04/2023 05:23:06 AM [INFO] fp16 - 0
05/04/2023 05:23:06 AM [INFO] ------------------------------------------------------------
05/04/2023 05:23:06 AM [DEBUG] initiating training process...
05/04/2023 05:23:10 AM [DEBUG] ModelWrapper(
  (doc_encoder): TransformerModel(
    (tf2): RobertaModel(
      (embeddings): RobertaEmbeddings(
        (word_embeddings): Embedding(50265, 768, padding_idx=1)
        (position_embeddings): Embedding(514, 768, padding_idx=1)
        (token_type_embeddings): Embedding(1, 768)
        (LayerNorm): LayerNorm((768,), eps=1e-05, elementwise_affine=True)
        (dropout): Dropout(p=0.1, inplace=False)
      )
      (encoder): RobertaEncoder(
        (layer): ModuleList(
          (0): RobertaLayer(
            (attention): RobertaAttention(
              (self): RobertaSelfAttention(
                (query): Linear(in_features=768, out_features=768, bias=True)
                (key): Linear(in_features=768, out_features=768, bias=True)
                (value): Linear(in_features=768, out_features=768, bias=True)
                (dropout): Dropout(p=0.1, inplace=False)
              )
              (output): RobertaSelfOutput(
                (dense): Linear(in_features=768, out_features=768, bias=True)
                (LayerNorm): LayerNorm((768,), eps=1e-05, elementwise_affine=True)
                (dropout): Dropout(p=0.1, inplace=False)
              )
            )
            (intermediate): RobertaIntermediate(
              (dense): Linear(in_features=768, out_features=3072, bias=True)
            )
            (output): RobertaOutput(
              (dense): Linear(in_features=3072, out_features=768, bias=True)
              (LayerNorm): LayerNorm((768,), eps=1e-05, elementwise_affine=True)
              (dropout): Dropout(p=0.1, inplace=False)
            )
          )
          (1): RobertaLayer(
            (attention): RobertaAttention(
              (self): RobertaSelfAttention(
                (query): Linear(in_features=768, out_features=768, bias=True)
                (key): Linear(in_features=768, out_features=768, bias=True)
                (value): Linear(in_features=768, out_features=768, bias=True)
                (dropout): Dropout(p=0.1, inplace=False)
              )
              (output): RobertaSelfOutput(
                (dense): Linear(in_features=768, out_features=768, bias=True)
                (LayerNorm): LayerNorm((768,), eps=1e-05, elementwise_affine=True)
                (dropout): Dropout(p=0.1, inplace=False)
              )
            )
            (intermediate): RobertaIntermediate(
              (dense): Linear(in_features=768, out_features=3072, bias=True)
            )
            (output): RobertaOutput(
              (dense): Linear(in_features=3072, out_features=768, bias=True)
              (LayerNorm): LayerNorm((768,), eps=1e-05, elementwise_affine=True)
              (dropout): Dropout(p=0.1, inplace=False)
            )
          )
          (2): RobertaLayer(
            (attention): RobertaAttention(
              (self): RobertaSelfAttention(
                (query): Linear(in_features=768, out_features=768, bias=True)
                (key): Linear(in_features=768, out_features=768, bias=True)
                (value): Linear(in_features=768, out_features=768, bias=True)
                (dropout): Dropout(p=0.1, inplace=False)
              )
              (output): RobertaSelfOutput(
                (dense): Linear(in_features=768, out_features=768, bias=True)
                (LayerNorm): LayerNorm((768,), eps=1e-05, elementwise_affine=True)
                (dropout): Dropout(p=0.1, inplace=False)
              )
            )
            (intermediate): RobertaIntermediate(
              (dense): Linear(in_features=768, out_features=3072, bias=True)
            )
            (output): RobertaOutput(
              (dense): Linear(in_features=3072, out_features=768, bias=True)
              (LayerNorm): LayerNorm((768,), eps=1e-05, elementwise_affine=True)
              (dropout): Dropout(p=0.1, inplace=False)
            )
          )
          (3): RobertaLayer(
            (attention): RobertaAttention(
              (self): RobertaSelfAttention(
                (query): Linear(in_features=768, out_features=768, bias=True)
                (key): Linear(in_features=768, out_features=768, bias=True)
                (value): Linear(in_features=768, out_features=768, bias=True)
                (dropout): Dropout(p=0.1, inplace=False)
              )
              (output): RobertaSelfOutput(
                (dense): Linear(in_features=768, out_features=768, bias=True)
                (LayerNorm): LayerNorm((768,), eps=1e-05, elementwise_affine=True)
                (dropout): Dropout(p=0.1, inplace=False)
              )
            )
            (intermediate): RobertaIntermediate(
              (dense): Linear(in_features=768, out_features=3072, bias=True)
            )
            (output): RobertaOutput(
              (dense): Linear(in_features=3072, out_features=768, bias=True)
              (LayerNorm): LayerNorm((768,), eps=1e-05, elementwise_affine=True)
              (dropout): Dropout(p=0.1, inplace=False)
            )
          )
          (4): RobertaLayer(
            (attention): RobertaAttention(
              (self): RobertaSelfAttention(
                (query): Linear(in_features=768, out_features=768, bias=True)
                (key): Linear(in_features=768, out_features=768, bias=True)
                (value): Linear(in_features=768, out_features=768, bias=True)
                (dropout): Dropout(p=0.1, inplace=False)
              )
              (output): RobertaSelfOutput(
                (dense): Linear(in_features=768, out_features=768, bias=True)
                (LayerNorm): LayerNorm((768,), eps=1e-05, elementwise_affine=True)
                (dropout): Dropout(p=0.1, inplace=False)
              )
            )
            (intermediate): RobertaIntermediate(
              (dense): Linear(in_features=768, out_features=3072, bias=True)
            )
            (output): RobertaOutput(
              (dense): Linear(in_features=3072, out_features=768, bias=True)
              (LayerNorm): LayerNorm((768,), eps=1e-05, elementwise_affine=True)
              (dropout): Dropout(p=0.1, inplace=False)
            )
          )
          (5): RobertaLayer(
            (attention): RobertaAttention(
              (self): RobertaSelfAttention(
                (query): Linear(in_features=768, out_features=768, bias=True)
                (key): Linear(in_features=768, out_features=768, bias=True)
                (value): Linear(in_features=768, out_features=768, bias=True)
                (dropout): Dropout(p=0.1, inplace=False)
              )
              (output): RobertaSelfOutput(
                (dense): Linear(in_features=768, out_features=768, bias=True)
                (LayerNorm): LayerNorm((768,), eps=1e-05, elementwise_affine=True)
                (dropout): Dropout(p=0.1, inplace=False)
              )
            )
            (intermediate): RobertaIntermediate(
              (dense): Linear(in_features=768, out_features=3072, bias=True)
            )
            (output): RobertaOutput(
              (dense): Linear(in_features=3072, out_features=768, bias=True)
              (LayerNorm): LayerNorm((768,), eps=1e-05, elementwise_affine=True)
              (dropout): Dropout(p=0.1, inplace=False)
            )
          )
          (6): RobertaLayer(
            (attention): RobertaAttention(
              (self): RobertaSelfAttention(
                (query): Linear(in_features=768, out_features=768, bias=True)
                (key): Linear(in_features=768, out_features=768, bias=True)
                (value): Linear(in_features=768, out_features=768, bias=True)
                (dropout): Dropout(p=0.1, inplace=False)
              )
              (output): RobertaSelfOutput(
                (dense): Linear(in_features=768, out_features=768, bias=True)
                (LayerNorm): LayerNorm((768,), eps=1e-05, elementwise_affine=True)
                (dropout): Dropout(p=0.1, inplace=False)
              )
            )
            (intermediate): RobertaIntermediate(
              (dense): Linear(in_features=768, out_features=3072, bias=True)
            )
            (output): RobertaOutput(
              (dense): Linear(in_features=3072, out_features=768, bias=True)
              (LayerNorm): LayerNorm((768,), eps=1e-05, elementwise_affine=True)
              (dropout): Dropout(p=0.1, inplace=False)
            )
          )
          (7): RobertaLayer(
            (attention): RobertaAttention(
              (self): RobertaSelfAttention(
                (query): Linear(in_features=768, out_features=768, bias=True)
                (key): Linear(in_features=768, out_features=768, bias=True)
                (value): Linear(in_features=768, out_features=768, bias=True)
                (dropout): Dropout(p=0.1, inplace=False)
              )
              (output): RobertaSelfOutput(
                (dense): Linear(in_features=768, out_features=768, bias=True)
                (LayerNorm): LayerNorm((768,), eps=1e-05, elementwise_affine=True)
                (dropout): Dropout(p=0.1, inplace=False)
              )
            )
            (intermediate): RobertaIntermediate(
              (dense): Linear(in_features=768, out_features=3072, bias=True)
            )
            (output): RobertaOutput(
              (dense): Linear(in_features=3072, out_features=768, bias=True)
              (LayerNorm): LayerNorm((768,), eps=1e-05, elementwise_affine=True)
              (dropout): Dropout(p=0.1, inplace=False)
            )
          )
          (8): RobertaLayer(
            (attention): RobertaAttention(
              (self): RobertaSelfAttention(
                (query): Linear(in_features=768, out_features=768, bias=True)
                (key): Linear(in_features=768, out_features=768, bias=True)
                (value): Linear(in_features=768, out_features=768, bias=True)
                (dropout): Dropout(p=0.1, inplace=False)
              )
              (output): RobertaSelfOutput(
                (dense): Linear(in_features=768, out_features=768, bias=True)
                (LayerNorm): LayerNorm((768,), eps=1e-05, elementwise_affine=True)
                (dropout): Dropout(p=0.1, inplace=False)
              )
            )
            (intermediate): RobertaIntermediate(
              (dense): Linear(in_features=768, out_features=3072, bias=True)
            )
            (output): RobertaOutput(
              (dense): Linear(in_features=3072, out_features=768, bias=True)
              (LayerNorm): LayerNorm((768,), eps=1e-05, elementwise_affine=True)
              (dropout): Dropout(p=0.1, inplace=False)
            )
          )
          (9): RobertaLayer(
            (attention): RobertaAttention(
              (self): RobertaSelfAttention(
                (query): Linear(in_features=768, out_features=768, bias=True)
                (key): Linear(in_features=768, out_features=768, bias=True)
                (value): Linear(in_features=768, out_features=768, bias=True)
                (dropout): Dropout(p=0.1, inplace=False)
              )
              (output): RobertaSelfOutput(
                (dense): Linear(in_features=768, out_features=768, bias=True)
                (LayerNorm): LayerNorm((768,), eps=1e-05, elementwise_affine=True)
                (dropout): Dropout(p=0.1, inplace=False)
              )
            )
            (intermediate): RobertaIntermediate(
              (dense): Linear(in_features=768, out_features=3072, bias=True)
            )
            (output): RobertaOutput(
              (dense): Linear(in_features=3072, out_features=768, bias=True)
              (LayerNorm): LayerNorm((768,), eps=1e-05, elementwise_affine=True)
              (dropout): Dropout(p=0.1, inplace=False)
            )
          )
          (10): RobertaLayer(
            (attention): RobertaAttention(
              (self): RobertaSelfAttention(
                (query): Linear(in_features=768, out_features=768, bias=True)
                (key): Linear(in_features=768, out_features=768, bias=True)
                (value): Linear(in_features=768, out_features=768, bias=True)
                (dropout): Dropout(p=0.1, inplace=False)
              )
              (output): RobertaSelfOutput(
                (dense): Linear(in_features=768, out_features=768, bias=True)
                (LayerNorm): LayerNorm((768,), eps=1e-05, elementwise_affine=True)
                (dropout): Dropout(p=0.1, inplace=False)
              )
            )
            (intermediate): RobertaIntermediate(
              (dense): Linear(in_features=768, out_features=3072, bias=True)
            )
            (output): RobertaOutput(
              (dense): Linear(in_features=3072, out_features=768, bias=True)
              (LayerNorm): LayerNorm((768,), eps=1e-05, elementwise_affine=True)
              (dropout): Dropout(p=0.1, inplace=False)
            )
          )
          (11): RobertaLayer(
            (attention): RobertaAttention(
              (self): RobertaSelfAttention(
                (query): Linear(in_features=768, out_features=768, bias=True)
                (key): Linear(in_features=768, out_features=768, bias=True)
                (value): Linear(in_features=768, out_features=768, bias=True)
                (dropout): Dropout(p=0.1, inplace=False)
              )
              (output): RobertaSelfOutput(
                (dense): Linear(in_features=768, out_features=768, bias=True)
                (LayerNorm): LayerNorm((768,), eps=1e-05, elementwise_affine=True)
                (dropout): Dropout(p=0.1, inplace=False)
              )
            )
            (intermediate): RobertaIntermediate(
              (dense): Linear(in_features=768, out_features=3072, bias=True)
            )
            (output): RobertaOutput(
              (dense): Linear(in_features=3072, out_features=768, bias=True)
              (LayerNorm): LayerNorm((768,), eps=1e-05, elementwise_affine=True)
              (dropout): Dropout(p=0.1, inplace=False)
            )
          )
        )
      )
    )
  )
  (task_head): TexClassificationHead(
    (dense): Linear(in_features=768, out_features=768, bias=True)
    (dropout): Dropout(p=0.1, inplace=False)
    (out_proj): Linear(in_features=768, out_features=2, bias=True)
  )
  (train_metric): Accuracy()
  (val_metric): Accuracy()
  (test_metric): FBeta()
  (te_task_head): TexClassificationHead(
    (dense): Linear(in_features=768, out_features=768, bias=True)
    (dropout): Dropout(p=0.1, inplace=False)
    (out_proj): Linear(in_features=768, out_features=2, bias=True)
  )
  (te_train_metric): Accuracy()
  (te_val_metric): Accuracy()
)
05/04/2023 05:23:10 AM [INFO] Model has 125239300 trainable parameters
05/04/2023 05:23:13 AM [DEBUG] about to start training loop...
05/04/2023 05:23:16 AM [INFO] epoch : 0 - average_val_loss : 0.815981, overall_val_acc : 0.000000
05/04/2023 05:29:07 AM [INFO] epoch : 0 - average_val_loss : 0.712993, overall_val_acc : 0.801250
05/04/2023 05:29:07 AM [INFO] epoch : 0 - average_val_te_loss : 0.683818, overall_val_te_acc : 0.574007
05/04/2023 05:29:22 AM [INFO] epoch : 0 - average_train_loss : 0.873250, overall_train_acc : 0.775000
05/04/2023 05:29:22 AM [INFO] epoch : 0 - average_train_te_loss : 0.692570, overall_train_te_acc : 0.519486
05/04/2023 05:35:10 AM [INFO] epoch : 1 - average_val_loss : 0.711949, overall_val_acc : 0.817500
05/04/2023 05:35:10 AM [INFO] epoch : 1 - average_val_te_loss : 0.635377, overall_val_te_acc : 0.642599
05/04/2023 05:35:25 AM [INFO] epoch : 1 - average_train_loss : 0.781839, overall_train_acc : 0.817500
05/04/2023 05:35:25 AM [INFO] epoch : 1 - average_train_te_loss : 0.673676, overall_train_te_acc : 0.581760
05/04/2023 05:35:26 AM [DEBUG] training done.
05/04/2023 05:46:34 AM [INFO] featurizing the gcdc corpus: All for task: minority-classification with model architecture: mtl
05/04/2023 05:46:38 AM [DEBUG] <<LOADING>> GCDC dataset from directory: /home2/devesh.marwah/Transformer-Models-for-Text-Coherence-Assessment/processed_data/GCDC
05/04/2023 05:46:38 AM [DEBUG] working on test dataset 
05/04/2023 05:46:38 AM [DEBUG] <Done>
05/04/2023 05:46:38 AM [DEBUG] ------------------------------------------------------------
05/04/2023 05:46:38 AM [INFO] post-processing the dataset
05/04/2023 05:46:38 AM [INFO] data preprocessed: 800, sentences preprocessed: 800
05/04/2023 05:46:38 AM [INFO] featurizing the datasets..
05/04/2023 05:46:38 AM [DEBUG] 800 data instance processed. max sent_seq_length: 512
05/04/2023 05:46:39 AM [DEBUG] ------------------------------------------------------------
05/04/2023 05:46:39 AM [INFO] label distribution in test dataset (total count: 800)
05/04/2023 05:46:39 AM [INFO] {0: 657, 1: 143}
05/04/2023 05:46:39 AM [DEBUG] ------------------------------------------------------------
05/04/2023 05:46:39 AM [INFO] featurizing the textual entailment corpus for task: minority-classification with model architecture: mtl
05/04/2023 05:46:42 AM [DEBUG] <<LOADING>> RTE dataset from directory: /home2/devesh.marwah/Transformer-Models-for-Text-Coherence-Assessment/processed_data/RTE
05/04/2023 05:46:42 AM [DEBUG] working on train dataset 
05/04/2023 05:46:42 AM [DEBUG] <Done>
05/04/2023 05:46:42 AM [DEBUG] working on dev dataset 
05/04/2023 05:46:42 AM [DEBUG] <Done>
05/04/2023 05:46:42 AM [DEBUG] ------------------------------------------------------------
05/04/2023 05:46:42 AM [DEBUG] ------------------------------------------------------------
05/04/2023 05:46:42 AM [DEBUG] ------------------------------------------------------------
05/04/2023 05:46:42 AM [INFO] 
command line argument captured ..
05/04/2023 05:46:42 AM [INFO] ------------------------------------------------------------
05/04/2023 05:46:42 AM [INFO] processed_dataset_path - /home2/devesh.marwah/Transformer-Models-for-Text-Coherence-Assessment/processed_data
05/04/2023 05:46:42 AM [INFO] checkpoint_path - /home2/devesh.marwah/Transformer-Models-for-Text-Coherence-Assessment/lightning_checkpoints/gcdc-All-mtl-vanilla-minority-classification-roberta-base/epoch=1.ckpt
05/04/2023 05:46:42 AM [INFO] gpus - 1
05/04/2023 05:46:42 AM [INFO] epochs - 10
05/04/2023 05:46:42 AM [INFO] batch_size - 2
05/04/2023 05:46:42 AM [INFO] learning_rate - 1e-06
05/04/2023 05:46:42 AM [INFO] clip_grad_norm - 0.0
05/04/2023 05:46:42 AM [INFO] weight_decay - 0.01
05/04/2023 05:46:42 AM [INFO] dropout_rate - 0.1
05/04/2023 05:46:42 AM [INFO] enable_scheduler - False
05/04/2023 05:46:42 AM [INFO] warmup_steps - 0.01
05/04/2023 05:46:42 AM [INFO] margin - 1.0
05/04/2023 05:46:42 AM [INFO] corpus - gcdc
05/04/2023 05:46:42 AM [INFO] sub_corpus - All
05/04/2023 05:46:42 AM [INFO] max_seq_len - 512
05/04/2023 05:46:42 AM [INFO] max_fact_count - 50
05/04/2023 05:46:42 AM [INFO] max_fact_seq_len - 50
05/04/2023 05:46:42 AM [INFO] permutation_count - 20
05/04/2023 05:46:42 AM [INFO] with_replacement - 1
05/04/2023 05:46:42 AM [INFO] train_dataset_count - None
05/04/2023 05:46:42 AM [INFO] val_dataset_count - None
05/04/2023 05:46:42 AM [INFO] test_dataset_count - 800
05/04/2023 05:46:42 AM [INFO] inverse_pra - 0
05/04/2023 05:46:42 AM [INFO] task - minority-classification
05/04/2023 05:46:42 AM [INFO] enable_kldiv - False
05/04/2023 05:46:42 AM [INFO] label_smoothing - 0.1
05/04/2023 05:46:42 AM [INFO] inference - True
05/04/2023 05:46:42 AM [INFO] online_mode - 0
05/04/2023 05:46:42 AM [INFO] logger_exp_name - gcdc-All-mtl-vanilla-minority-classification-roberta-base
05/04/2023 05:46:42 AM [INFO] arch - mtl
05/04/2023 05:46:42 AM [INFO] disable_mtl - 0
05/04/2023 05:46:42 AM [INFO] mtl_base_arch - vanilla
05/04/2023 05:46:42 AM [INFO] model_name - roberta-base
05/04/2023 05:46:42 AM [INFO] tf2_model_name - roberta-base
05/04/2023 05:46:42 AM [INFO] use_pretrained_tf2 - 0
05/04/2023 05:46:42 AM [INFO] sentence_pooling - none
05/04/2023 05:46:42 AM [INFO] freeze_emb_layer - True
05/04/2023 05:46:42 AM [INFO] exp_count - 0
05/04/2023 05:46:42 AM [INFO] fp16 - 0
05/04/2023 05:46:42 AM [INFO] ------------------------------------------------------------
05/04/2023 05:46:42 AM [DEBUG] initiating inference process...
05/04/2023 05:46:47 AM [INFO] frozed embedding layer
05/04/2023 05:46:47 AM [DEBUG] loading the model from checkpoint : /home2/devesh.marwah/Transformer-Models-for-Text-Coherence-Assessment/lightning_checkpoints/gcdc-All-mtl-vanilla-minority-classification-roberta-base/epoch=1.ckpt
05/04/2023 05:47:04 AM [INFO] frozed embedding layer
05/04/2023 05:47:04 AM [DEBUG] loaded model successfully !!!
05/04/2023 05:47:04 AM [INFO] testing on dataset : gcdc ( sub_dataset All ) on task : minority-classification
05/04/2023 05:47:26 AM [INFO] epoch : 0 - average_test_loss : 0.414589, overall_test_acc : 0.392157
05/04/2023 05:47:26 AM [DEBUG] testing done !!!
