05/04/2023 08:50:36 AM [INFO] featurizing the gcdc corpus: all for task: minority-classification with model architecture: hierarchical
05/04/2023 08:50:40 AM [DEBUG] <<LOADING>> GCDC dataset from directory: /home2/devesh.marwah/Transformer-Models-for-Text-Coherence-Assessment/processed_data/GCDC
05/04/2023 08:50:40 AM [DEBUG] working on train dataset 
05/04/2023 08:50:41 AM [DEBUG] <Done>
05/04/2023 08:50:41 AM [DEBUG] working on dev dataset 
05/04/2023 08:50:41 AM [DEBUG] <Done>
05/04/2023 08:50:41 AM [DEBUG] ------------------------------------------------------------
05/04/2023 08:50:41 AM [INFO] post-processing the dataset
05/04/2023 08:50:41 AM [INFO] data preprocessed: 3200, sentences preprocessed: 3200
05/04/2023 08:50:42 AM [INFO] featurizing the datasets..
05/04/2023 08:50:42 AM [DEBUG] 3200 data instance processed. max sent_seq_length: 512
05/04/2023 08:50:44 AM [INFO] post-processing the dataset
05/04/2023 08:50:44 AM [INFO] data preprocessed: 800, sentences preprocessed: 800
05/04/2023 08:50:44 AM [INFO] featurizing the datasets..
05/04/2023 08:50:44 AM [DEBUG] 800 data instance processed. max sent_seq_length: 512
05/04/2023 08:50:45 AM [DEBUG] ------------------------------------------------------------
05/04/2023 08:50:45 AM [INFO] label distribution in train dataset (total count: 3200)
05/04/2023 08:50:45 AM [INFO] {0: 2561, 1: 639}
05/04/2023 08:50:45 AM [INFO] label distribution in dev dataset (total count: 800)
05/04/2023 08:50:45 AM [INFO] {0: 641, 1: 159}
05/04/2023 08:50:45 AM [DEBUG] ------------------------------------------------------------
05/04/2023 08:50:45 AM [INFO] 
command line argument captured ..
05/04/2023 08:50:45 AM [INFO] ------------------------------------------------------------
05/04/2023 08:50:45 AM [INFO] processed_dataset_path - /home2/devesh.marwah/Transformer-Models-for-Text-Coherence-Assessment/processed_data
05/04/2023 08:50:45 AM [INFO] checkpoint_path - /home2/devesh.marwah/Transformer-Models-for-Text-Coherence-Assessment/lightning_checkpoints
05/04/2023 08:50:45 AM [INFO] gpus - 1
05/04/2023 08:50:45 AM [INFO] epochs - 2
05/04/2023 08:50:45 AM [INFO] batch_size - 2
05/04/2023 08:50:45 AM [INFO] learning_rate - 1e-06
05/04/2023 08:50:45 AM [INFO] clip_grad_norm - 0.0
05/04/2023 08:50:45 AM [INFO] weight_decay - 0.01
05/04/2023 08:50:45 AM [INFO] dropout_rate - 0.1
05/04/2023 08:50:45 AM [INFO] enable_scheduler - False
05/04/2023 08:50:45 AM [INFO] warmup_steps - 0.01
05/04/2023 08:50:45 AM [INFO] margin - 1.0
05/04/2023 08:50:45 AM [INFO] corpus - gcdc
05/04/2023 08:50:45 AM [INFO] sub_corpus - all
05/04/2023 08:50:45 AM [INFO] max_seq_len - 512
05/04/2023 08:50:45 AM [INFO] max_fact_count - 50
05/04/2023 08:50:45 AM [INFO] max_fact_seq_len - 50
05/04/2023 08:50:45 AM [INFO] permutation_count - 20
05/04/2023 08:50:45 AM [INFO] with_replacement - 1
05/04/2023 08:50:45 AM [INFO] train_dataset_count - 3200
05/04/2023 08:50:45 AM [INFO] val_dataset_count - 800
05/04/2023 08:50:45 AM [INFO] test_dataset_count - None
05/04/2023 08:50:45 AM [INFO] inverse_pra - 0
05/04/2023 08:50:45 AM [INFO] task - minority-classification
05/04/2023 08:50:45 AM [INFO] enable_kldiv - False
05/04/2023 08:50:45 AM [INFO] label_smoothing - 0.1
05/04/2023 08:50:45 AM [INFO] inference - False
05/04/2023 08:50:45 AM [INFO] online_mode - 0
05/04/2023 08:50:45 AM [INFO] logger_exp_name - gcdc-All-hierarchical-minority-classification-roberta-base
05/04/2023 08:50:45 AM [INFO] arch - hierarchical
05/04/2023 08:50:45 AM [INFO] disable_mtl - 0
05/04/2023 08:50:45 AM [INFO] mtl_base_arch - vanilla
05/04/2023 08:50:45 AM [INFO] model_name - roberta-base
05/04/2023 08:50:45 AM [INFO] tf2_model_name - roberta-base
05/04/2023 08:50:45 AM [INFO] use_pretrained_tf2 - 0
05/04/2023 08:50:45 AM [INFO] sentence_pooling - none
05/04/2023 08:50:45 AM [INFO] freeze_emb_layer - False
05/04/2023 08:50:45 AM [INFO] exp_count - 0
05/04/2023 08:50:45 AM [INFO] fp16 - 0
05/04/2023 08:50:45 AM [INFO] ------------------------------------------------------------
05/04/2023 08:50:45 AM [DEBUG] initiating training process...
05/04/2023 08:51:00 AM [DEBUG] ModelWrapper(
  (doc_encoder): HierarchicalModel(
    (tf1): RobertaModel(
      (embeddings): RobertaEmbeddings(
        (word_embeddings): Embedding(50265, 768, padding_idx=1)
        (position_embeddings): Embedding(514, 768, padding_idx=1)
        (token_type_embeddings): Embedding(1, 768)
        (LayerNorm): LayerNorm((768,), eps=1e-05, elementwise_affine=True)
        (dropout): Dropout(p=0.1, inplace=False)
      )
      (encoder): RobertaEncoder(
        (layer): ModuleList(
          (0): RobertaLayer(
            (attention): RobertaAttention(
              (self): RobertaSelfAttention(
                (query): Linear(in_features=768, out_features=768, bias=True)
                (key): Linear(in_features=768, out_features=768, bias=True)
                (value): Linear(in_features=768, out_features=768, bias=True)
                (dropout): Dropout(p=0.1, inplace=False)
              )
              (output): RobertaSelfOutput(
                (dense): Linear(in_features=768, out_features=768, bias=True)
                (LayerNorm): LayerNorm((768,), eps=1e-05, elementwise_affine=True)
                (dropout): Dropout(p=0.1, inplace=False)
              )
            )
            (intermediate): RobertaIntermediate(
              (dense): Linear(in_features=768, out_features=3072, bias=True)
            )
            (output): RobertaOutput(
              (dense): Linear(in_features=3072, out_features=768, bias=True)
              (LayerNorm): LayerNorm((768,), eps=1e-05, elementwise_affine=True)
              (dropout): Dropout(p=0.1, inplace=False)
            )
          )
          (1): RobertaLayer(
            (attention): RobertaAttention(
              (self): RobertaSelfAttention(
                (query): Linear(in_features=768, out_features=768, bias=True)
                (key): Linear(in_features=768, out_features=768, bias=True)
                (value): Linear(in_features=768, out_features=768, bias=True)
                (dropout): Dropout(p=0.1, inplace=False)
              )
              (output): RobertaSelfOutput(
                (dense): Linear(in_features=768, out_features=768, bias=True)
                (LayerNorm): LayerNorm((768,), eps=1e-05, elementwise_affine=True)
                (dropout): Dropout(p=0.1, inplace=False)
              )
            )
            (intermediate): RobertaIntermediate(
              (dense): Linear(in_features=768, out_features=3072, bias=True)
            )
            (output): RobertaOutput(
              (dense): Linear(in_features=3072, out_features=768, bias=True)
              (LayerNorm): LayerNorm((768,), eps=1e-05, elementwise_affine=True)
              (dropout): Dropout(p=0.1, inplace=False)
            )
          )
          (2): RobertaLayer(
            (attention): RobertaAttention(
              (self): RobertaSelfAttention(
                (query): Linear(in_features=768, out_features=768, bias=True)
                (key): Linear(in_features=768, out_features=768, bias=True)
                (value): Linear(in_features=768, out_features=768, bias=True)
                (dropout): Dropout(p=0.1, inplace=False)
              )
              (output): RobertaSelfOutput(
                (dense): Linear(in_features=768, out_features=768, bias=True)
                (LayerNorm): LayerNorm((768,), eps=1e-05, elementwise_affine=True)
                (dropout): Dropout(p=0.1, inplace=False)
              )
            )
            (intermediate): RobertaIntermediate(
              (dense): Linear(in_features=768, out_features=3072, bias=True)
            )
            (output): RobertaOutput(
              (dense): Linear(in_features=3072, out_features=768, bias=True)
              (LayerNorm): LayerNorm((768,), eps=1e-05, elementwise_affine=True)
              (dropout): Dropout(p=0.1, inplace=False)
            )
          )
          (3): RobertaLayer(
            (attention): RobertaAttention(
              (self): RobertaSelfAttention(
                (query): Linear(in_features=768, out_features=768, bias=True)
                (key): Linear(in_features=768, out_features=768, bias=True)
                (value): Linear(in_features=768, out_features=768, bias=True)
                (dropout): Dropout(p=0.1, inplace=False)
              )
              (output): RobertaSelfOutput(
                (dense): Linear(in_features=768, out_features=768, bias=True)
                (LayerNorm): LayerNorm((768,), eps=1e-05, elementwise_affine=True)
                (dropout): Dropout(p=0.1, inplace=False)
              )
            )
            (intermediate): RobertaIntermediate(
              (dense): Linear(in_features=768, out_features=3072, bias=True)
            )
            (output): RobertaOutput(
              (dense): Linear(in_features=3072, out_features=768, bias=True)
              (LayerNorm): LayerNorm((768,), eps=1e-05, elementwise_affine=True)
              (dropout): Dropout(p=0.1, inplace=False)
            )
          )
          (4): RobertaLayer(
            (attention): RobertaAttention(
              (self): RobertaSelfAttention(
                (query): Linear(in_features=768, out_features=768, bias=True)
                (key): Linear(in_features=768, out_features=768, bias=True)
                (value): Linear(in_features=768, out_features=768, bias=True)
                (dropout): Dropout(p=0.1, inplace=False)
              )
              (output): RobertaSelfOutput(
                (dense): Linear(in_features=768, out_features=768, bias=True)
                (LayerNorm): LayerNorm((768,), eps=1e-05, elementwise_affine=True)
                (dropout): Dropout(p=0.1, inplace=False)
              )
            )
            (intermediate): RobertaIntermediate(
              (dense): Linear(in_features=768, out_features=3072, bias=True)
            )
            (output): RobertaOutput(
              (dense): Linear(in_features=3072, out_features=768, bias=True)
              (LayerNorm): LayerNorm((768,), eps=1e-05, elementwise_affine=True)
              (dropout): Dropout(p=0.1, inplace=False)
            )
          )
          (5): RobertaLayer(
            (attention): RobertaAttention(
              (self): RobertaSelfAttention(
                (query): Linear(in_features=768, out_features=768, bias=True)
                (key): Linear(in_features=768, out_features=768, bias=True)
                (value): Linear(in_features=768, out_features=768, bias=True)
                (dropout): Dropout(p=0.1, inplace=False)
              )
              (output): RobertaSelfOutput(
                (dense): Linear(in_features=768, out_features=768, bias=True)
                (LayerNorm): LayerNorm((768,), eps=1e-05, elementwise_affine=True)
                (dropout): Dropout(p=0.1, inplace=False)
              )
            )
            (intermediate): RobertaIntermediate(
              (dense): Linear(in_features=768, out_features=3072, bias=True)
            )
            (output): RobertaOutput(
              (dense): Linear(in_features=3072, out_features=768, bias=True)
              (LayerNorm): LayerNorm((768,), eps=1e-05, elementwise_affine=True)
              (dropout): Dropout(p=0.1, inplace=False)
            )
          )
          (6): RobertaLayer(
            (attention): RobertaAttention(
              (self): RobertaSelfAttention(
                (query): Linear(in_features=768, out_features=768, bias=True)
                (key): Linear(in_features=768, out_features=768, bias=True)
                (value): Linear(in_features=768, out_features=768, bias=True)
                (dropout): Dropout(p=0.1, inplace=False)
              )
              (output): RobertaSelfOutput(
                (dense): Linear(in_features=768, out_features=768, bias=True)
                (LayerNorm): LayerNorm((768,), eps=1e-05, elementwise_affine=True)
                (dropout): Dropout(p=0.1, inplace=False)
              )
            )
            (intermediate): RobertaIntermediate(
              (dense): Linear(in_features=768, out_features=3072, bias=True)
            )
            (output): RobertaOutput(
              (dense): Linear(in_features=3072, out_features=768, bias=True)
              (LayerNorm): LayerNorm((768,), eps=1e-05, elementwise_affine=True)
              (dropout): Dropout(p=0.1, inplace=False)
            )
          )
          (7): RobertaLayer(
            (attention): RobertaAttention(
              (self): RobertaSelfAttention(
                (query): Linear(in_features=768, out_features=768, bias=True)
                (key): Linear(in_features=768, out_features=768, bias=True)
                (value): Linear(in_features=768, out_features=768, bias=True)
                (dropout): Dropout(p=0.1, inplace=False)
              )
              (output): RobertaSelfOutput(
                (dense): Linear(in_features=768, out_features=768, bias=True)
                (LayerNorm): LayerNorm((768,), eps=1e-05, elementwise_affine=True)
                (dropout): Dropout(p=0.1, inplace=False)
              )
            )
            (intermediate): RobertaIntermediate(
              (dense): Linear(in_features=768, out_features=3072, bias=True)
            )
            (output): RobertaOutput(
              (dense): Linear(in_features=3072, out_features=768, bias=True)
              (LayerNorm): LayerNorm((768,), eps=1e-05, elementwise_affine=True)
              (dropout): Dropout(p=0.1, inplace=False)
            )
          )
          (8): RobertaLayer(
            (attention): RobertaAttention(
              (self): RobertaSelfAttention(
                (query): Linear(in_features=768, out_features=768, bias=True)
                (key): Linear(in_features=768, out_features=768, bias=True)
                (value): Linear(in_features=768, out_features=768, bias=True)
                (dropout): Dropout(p=0.1, inplace=False)
              )
              (output): RobertaSelfOutput(
                (dense): Linear(in_features=768, out_features=768, bias=True)
                (LayerNorm): LayerNorm((768,), eps=1e-05, elementwise_affine=True)
                (dropout): Dropout(p=0.1, inplace=False)
              )
            )
            (intermediate): RobertaIntermediate(
              (dense): Linear(in_features=768, out_features=3072, bias=True)
            )
            (output): RobertaOutput(
              (dense): Linear(in_features=3072, out_features=768, bias=True)
              (LayerNorm): LayerNorm((768,), eps=1e-05, elementwise_affine=True)
              (dropout): Dropout(p=0.1, inplace=False)
            )
          )
          (9): RobertaLayer(
            (attention): RobertaAttention(
              (self): RobertaSelfAttention(
                (query): Linear(in_features=768, out_features=768, bias=True)
                (key): Linear(in_features=768, out_features=768, bias=True)
                (value): Linear(in_features=768, out_features=768, bias=True)
                (dropout): Dropout(p=0.1, inplace=False)
              )
              (output): RobertaSelfOutput(
                (dense): Linear(in_features=768, out_features=768, bias=True)
                (LayerNorm): LayerNorm((768,), eps=1e-05, elementwise_affine=True)
                (dropout): Dropout(p=0.1, inplace=False)
              )
            )
            (intermediate): RobertaIntermediate(
              (dense): Linear(in_features=768, out_features=3072, bias=True)
            )
            (output): RobertaOutput(
              (dense): Linear(in_features=3072, out_features=768, bias=True)
              (LayerNorm): LayerNorm((768,), eps=1e-05, elementwise_affine=True)
              (dropout): Dropout(p=0.1, inplace=False)
            )
          )
          (10): RobertaLayer(
            (attention): RobertaAttention(
              (self): RobertaSelfAttention(
                (query): Linear(in_features=768, out_features=768, bias=True)
                (key): Linear(in_features=768, out_features=768, bias=True)
                (value): Linear(in_features=768, out_features=768, bias=True)
                (dropout): Dropout(p=0.1, inplace=False)
              )
              (output): RobertaSelfOutput(
                (dense): Linear(in_features=768, out_features=768, bias=True)
                (LayerNorm): LayerNorm((768,), eps=1e-05, elementwise_affine=True)
                (dropout): Dropout(p=0.1, inplace=False)
              )
            )
            (intermediate): RobertaIntermediate(
              (dense): Linear(in_features=768, out_features=3072, bias=True)
            )
            (output): RobertaOutput(
              (dense): Linear(in_features=3072, out_features=768, bias=True)
              (LayerNorm): LayerNorm((768,), eps=1e-05, elementwise_affine=True)
              (dropout): Dropout(p=0.1, inplace=False)
            )
          )
          (11): RobertaLayer(
            (attention): RobertaAttention(
              (self): RobertaSelfAttention(
                (query): Linear(in_features=768, out_features=768, bias=True)
                (key): Linear(in_features=768, out_features=768, bias=True)
                (value): Linear(in_features=768, out_features=768, bias=True)
                (dropout): Dropout(p=0.1, inplace=False)
              )
              (output): RobertaSelfOutput(
                (dense): Linear(in_features=768, out_features=768, bias=True)
                (LayerNorm): LayerNorm((768,), eps=1e-05, elementwise_affine=True)
                (dropout): Dropout(p=0.1, inplace=False)
              )
            )
            (intermediate): RobertaIntermediate(
              (dense): Linear(in_features=768, out_features=3072, bias=True)
            )
            (output): RobertaOutput(
              (dense): Linear(in_features=3072, out_features=768, bias=True)
              (LayerNorm): LayerNorm((768,), eps=1e-05, elementwise_affine=True)
              (dropout): Dropout(p=0.1, inplace=False)
            )
          )
        )
      )
    )
    (tf2): RobertaModel(
      (embeddings): RobertaEmbeddings(
        (word_embeddings): Embedding(50265, 768, padding_idx=1)
        (position_embeddings): Embedding(514, 768, padding_idx=1)
        (token_type_embeddings): Embedding(1, 768)
        (LayerNorm): LayerNorm((768,), eps=1e-05, elementwise_affine=True)
        (dropout): Dropout(p=0.1, inplace=False)
      )
      (encoder): RobertaEncoder(
        (layer): ModuleList(
          (0): RobertaLayer(
            (attention): RobertaAttention(
              (self): RobertaSelfAttention(
                (query): Linear(in_features=768, out_features=768, bias=True)
                (key): Linear(in_features=768, out_features=768, bias=True)
                (value): Linear(in_features=768, out_features=768, bias=True)
                (dropout): Dropout(p=0.1, inplace=False)
              )
              (output): RobertaSelfOutput(
                (dense): Linear(in_features=768, out_features=768, bias=True)
                (LayerNorm): LayerNorm((768,), eps=1e-05, elementwise_affine=True)
                (dropout): Dropout(p=0.1, inplace=False)
              )
            )
            (intermediate): RobertaIntermediate(
              (dense): Linear(in_features=768, out_features=3072, bias=True)
            )
            (output): RobertaOutput(
              (dense): Linear(in_features=3072, out_features=768, bias=True)
              (LayerNorm): LayerNorm((768,), eps=1e-05, elementwise_affine=True)
              (dropout): Dropout(p=0.1, inplace=False)
            )
          )
          (1): RobertaLayer(
            (attention): RobertaAttention(
              (self): RobertaSelfAttention(
                (query): Linear(in_features=768, out_features=768, bias=True)
                (key): Linear(in_features=768, out_features=768, bias=True)
                (value): Linear(in_features=768, out_features=768, bias=True)
                (dropout): Dropout(p=0.1, inplace=False)
              )
              (output): RobertaSelfOutput(
                (dense): Linear(in_features=768, out_features=768, bias=True)
                (LayerNorm): LayerNorm((768,), eps=1e-05, elementwise_affine=True)
                (dropout): Dropout(p=0.1, inplace=False)
              )
            )
            (intermediate): RobertaIntermediate(
              (dense): Linear(in_features=768, out_features=3072, bias=True)
            )
            (output): RobertaOutput(
              (dense): Linear(in_features=3072, out_features=768, bias=True)
              (LayerNorm): LayerNorm((768,), eps=1e-05, elementwise_affine=True)
              (dropout): Dropout(p=0.1, inplace=False)
            )
          )
          (2): RobertaLayer(
            (attention): RobertaAttention(
              (self): RobertaSelfAttention(
                (query): Linear(in_features=768, out_features=768, bias=True)
                (key): Linear(in_features=768, out_features=768, bias=True)
                (value): Linear(in_features=768, out_features=768, bias=True)
                (dropout): Dropout(p=0.1, inplace=False)
              )
              (output): RobertaSelfOutput(
                (dense): Linear(in_features=768, out_features=768, bias=True)
                (LayerNorm): LayerNorm((768,), eps=1e-05, elementwise_affine=True)
                (dropout): Dropout(p=0.1, inplace=False)
              )
            )
            (intermediate): RobertaIntermediate(
              (dense): Linear(in_features=768, out_features=3072, bias=True)
            )
            (output): RobertaOutput(
              (dense): Linear(in_features=3072, out_features=768, bias=True)
              (LayerNorm): LayerNorm((768,), eps=1e-05, elementwise_affine=True)
              (dropout): Dropout(p=0.1, inplace=False)
            )
          )
          (3): RobertaLayer(
            (attention): RobertaAttention(
              (self): RobertaSelfAttention(
                (query): Linear(in_features=768, out_features=768, bias=True)
                (key): Linear(in_features=768, out_features=768, bias=True)
                (value): Linear(in_features=768, out_features=768, bias=True)
                (dropout): Dropout(p=0.1, inplace=False)
              )
              (output): RobertaSelfOutput(
                (dense): Linear(in_features=768, out_features=768, bias=True)
                (LayerNorm): LayerNorm((768,), eps=1e-05, elementwise_affine=True)
                (dropout): Dropout(p=0.1, inplace=False)
              )
            )
            (intermediate): RobertaIntermediate(
              (dense): Linear(in_features=768, out_features=3072, bias=True)
            )
            (output): RobertaOutput(
              (dense): Linear(in_features=3072, out_features=768, bias=True)
              (LayerNorm): LayerNorm((768,), eps=1e-05, elementwise_affine=True)
              (dropout): Dropout(p=0.1, inplace=False)
            )
          )
          (4): RobertaLayer(
            (attention): RobertaAttention(
              (self): RobertaSelfAttention(
                (query): Linear(in_features=768, out_features=768, bias=True)
                (key): Linear(in_features=768, out_features=768, bias=True)
                (value): Linear(in_features=768, out_features=768, bias=True)
                (dropout): Dropout(p=0.1, inplace=False)
              )
              (output): RobertaSelfOutput(
                (dense): Linear(in_features=768, out_features=768, bias=True)
                (LayerNorm): LayerNorm((768,), eps=1e-05, elementwise_affine=True)
                (dropout): Dropout(p=0.1, inplace=False)
              )
            )
            (intermediate): RobertaIntermediate(
              (dense): Linear(in_features=768, out_features=3072, bias=True)
            )
            (output): RobertaOutput(
              (dense): Linear(in_features=3072, out_features=768, bias=True)
              (LayerNorm): LayerNorm((768,), eps=1e-05, elementwise_affine=True)
              (dropout): Dropout(p=0.1, inplace=False)
            )
          )
          (5): RobertaLayer(
            (attention): RobertaAttention(
              (self): RobertaSelfAttention(
                (query): Linear(in_features=768, out_features=768, bias=True)
                (key): Linear(in_features=768, out_features=768, bias=True)
                (value): Linear(in_features=768, out_features=768, bias=True)
                (dropout): Dropout(p=0.1, inplace=False)
              )
              (output): RobertaSelfOutput(
                (dense): Linear(in_features=768, out_features=768, bias=True)
                (LayerNorm): LayerNorm((768,), eps=1e-05, elementwise_affine=True)
                (dropout): Dropout(p=0.1, inplace=False)
              )
            )
            (intermediate): RobertaIntermediate(
              (dense): Linear(in_features=768, out_features=3072, bias=True)
            )
            (output): RobertaOutput(
              (dense): Linear(in_features=3072, out_features=768, bias=True)
              (LayerNorm): LayerNorm((768,), eps=1e-05, elementwise_affine=True)
              (dropout): Dropout(p=0.1, inplace=False)
            )
          )
          (6): RobertaLayer(
            (attention): RobertaAttention(
              (self): RobertaSelfAttention(
                (query): Linear(in_features=768, out_features=768, bias=True)
                (key): Linear(in_features=768, out_features=768, bias=True)
                (value): Linear(in_features=768, out_features=768, bias=True)
                (dropout): Dropout(p=0.1, inplace=False)
              )
              (output): RobertaSelfOutput(
                (dense): Linear(in_features=768, out_features=768, bias=True)
                (LayerNorm): LayerNorm((768,), eps=1e-05, elementwise_affine=True)
                (dropout): Dropout(p=0.1, inplace=False)
              )
            )
            (intermediate): RobertaIntermediate(
              (dense): Linear(in_features=768, out_features=3072, bias=True)
            )
            (output): RobertaOutput(
              (dense): Linear(in_features=3072, out_features=768, bias=True)
              (LayerNorm): LayerNorm((768,), eps=1e-05, elementwise_affine=True)
              (dropout): Dropout(p=0.1, inplace=False)
            )
          )
          (7): RobertaLayer(
            (attention): RobertaAttention(
              (self): RobertaSelfAttention(
                (query): Linear(in_features=768, out_features=768, bias=True)
                (key): Linear(in_features=768, out_features=768, bias=True)
                (value): Linear(in_features=768, out_features=768, bias=True)
                (dropout): Dropout(p=0.1, inplace=False)
              )
              (output): RobertaSelfOutput(
                (dense): Linear(in_features=768, out_features=768, bias=True)
                (LayerNorm): LayerNorm((768,), eps=1e-05, elementwise_affine=True)
                (dropout): Dropout(p=0.1, inplace=False)
              )
            )
            (intermediate): RobertaIntermediate(
              (dense): Linear(in_features=768, out_features=3072, bias=True)
            )
            (output): RobertaOutput(
              (dense): Linear(in_features=3072, out_features=768, bias=True)
              (LayerNorm): LayerNorm((768,), eps=1e-05, elementwise_affine=True)
              (dropout): Dropout(p=0.1, inplace=False)
            )
          )
          (8): RobertaLayer(
            (attention): RobertaAttention(
              (self): RobertaSelfAttention(
                (query): Linear(in_features=768, out_features=768, bias=True)
                (key): Linear(in_features=768, out_features=768, bias=True)
                (value): Linear(in_features=768, out_features=768, bias=True)
                (dropout): Dropout(p=0.1, inplace=False)
              )
              (output): RobertaSelfOutput(
                (dense): Linear(in_features=768, out_features=768, bias=True)
                (LayerNorm): LayerNorm((768,), eps=1e-05, elementwise_affine=True)
                (dropout): Dropout(p=0.1, inplace=False)
              )
            )
            (intermediate): RobertaIntermediate(
              (dense): Linear(in_features=768, out_features=3072, bias=True)
            )
            (output): RobertaOutput(
              (dense): Linear(in_features=3072, out_features=768, bias=True)
              (LayerNorm): LayerNorm((768,), eps=1e-05, elementwise_affine=True)
              (dropout): Dropout(p=0.1, inplace=False)
            )
          )
          (9): RobertaLayer(
            (attention): RobertaAttention(
              (self): RobertaSelfAttention(
                (query): Linear(in_features=768, out_features=768, bias=True)
                (key): Linear(in_features=768, out_features=768, bias=True)
                (value): Linear(in_features=768, out_features=768, bias=True)
                (dropout): Dropout(p=0.1, inplace=False)
              )
              (output): RobertaSelfOutput(
                (dense): Linear(in_features=768, out_features=768, bias=True)
                (LayerNorm): LayerNorm((768,), eps=1e-05, elementwise_affine=True)
                (dropout): Dropout(p=0.1, inplace=False)
              )
            )
            (intermediate): RobertaIntermediate(
              (dense): Linear(in_features=768, out_features=3072, bias=True)
            )
            (output): RobertaOutput(
              (dense): Linear(in_features=3072, out_features=768, bias=True)
              (LayerNorm): LayerNorm((768,), eps=1e-05, elementwise_affine=True)
              (dropout): Dropout(p=0.1, inplace=False)
            )
          )
          (10): RobertaLayer(
            (attention): RobertaAttention(
              (self): RobertaSelfAttention(
                (query): Linear(in_features=768, out_features=768, bias=True)
                (key): Linear(in_features=768, out_features=768, bias=True)
                (value): Linear(in_features=768, out_features=768, bias=True)
                (dropout): Dropout(p=0.1, inplace=False)
              )
              (output): RobertaSelfOutput(
                (dense): Linear(in_features=768, out_features=768, bias=True)
                (LayerNorm): LayerNorm((768,), eps=1e-05, elementwise_affine=True)
                (dropout): Dropout(p=0.1, inplace=False)
              )
            )
            (intermediate): RobertaIntermediate(
              (dense): Linear(in_features=768, out_features=3072, bias=True)
            )
            (output): RobertaOutput(
              (dense): Linear(in_features=3072, out_features=768, bias=True)
              (LayerNorm): LayerNorm((768,), eps=1e-05, elementwise_affine=True)
              (dropout): Dropout(p=0.1, inplace=False)
            )
          )
          (11): RobertaLayer(
            (attention): RobertaAttention(
              (self): RobertaSelfAttention(
                (query): Linear(in_features=768, out_features=768, bias=True)
                (key): Linear(in_features=768, out_features=768, bias=True)
                (value): Linear(in_features=768, out_features=768, bias=True)
                (dropout): Dropout(p=0.1, inplace=False)
              )
              (output): RobertaSelfOutput(
                (dense): Linear(in_features=768, out_features=768, bias=True)
                (LayerNorm): LayerNorm((768,), eps=1e-05, elementwise_affine=True)
                (dropout): Dropout(p=0.1, inplace=False)
              )
            )
            (intermediate): RobertaIntermediate(
              (dense): Linear(in_features=768, out_features=3072, bias=True)
            )
            (output): RobertaOutput(
              (dense): Linear(in_features=3072, out_features=768, bias=True)
              (LayerNorm): LayerNorm((768,), eps=1e-05, elementwise_affine=True)
              (dropout): Dropout(p=0.1, inplace=False)
            )
          )
        )
      )
      (pooler): RobertaPooler(
        (dense): Linear(in_features=768, out_features=768, bias=True)
        (activation): Tanh()
      )
    )
  )
  (task_head): TexClassificationHead(
    (dense): Linear(in_features=768, out_features=768, bias=True)
    (dropout): Dropout(p=0.1, inplace=False)
    (out_proj): Linear(in_features=768, out_features=2, bias=True)
  )
  (train_metric): Accuracy()
  (val_metric): Accuracy()
  (test_metric): FBeta()
)
05/04/2023 08:51:00 AM [INFO] Model has 249292802 trainable parameters
05/04/2023 08:51:05 AM [DEBUG] about to start training loop...
05/04/2023 08:51:08 AM [INFO] epoch : 0 - average_val_loss : 0.672704, overall_val_acc : 0.750000
05/04/2023 08:56:18 AM [INFO] epoch : 0 - average_val_loss : 0.497912, overall_val_acc : 0.806250
05/04/2023 08:56:45 AM [INFO] epoch : 0 - average_train_loss : 0.443631, overall_train_acc : 0.809375
05/04/2023 09:01:54 AM [INFO] epoch : 1 - average_val_loss : 0.429797, overall_val_acc : 0.828750
05/04/2023 09:02:22 AM [INFO] epoch : 1 - average_train_loss : 0.382217, overall_train_acc : 0.837500
05/04/2023 09:02:23 AM [DEBUG] training done.
05/04/2023 09:32:22 AM [INFO] featurizing the gcdc corpus: All for task: minority-classification with model architecture: hierarchical
05/04/2023 09:32:26 AM [DEBUG] <<LOADING>> GCDC dataset from directory: /home2/devesh.marwah/Transformer-Models-for-Text-Coherence-Assessment/processed_data/GCDC
05/04/2023 09:32:26 AM [DEBUG] working on test dataset 
05/04/2023 09:32:26 AM [DEBUG] <Done>
05/04/2023 09:32:26 AM [DEBUG] ------------------------------------------------------------
05/04/2023 09:32:26 AM [INFO] post-processing the dataset
05/04/2023 09:32:26 AM [INFO] data preprocessed: 800, sentences preprocessed: 800
05/04/2023 09:32:26 AM [INFO] featurizing the datasets..
05/04/2023 09:32:26 AM [DEBUG] 800 data instance processed. max sent_seq_length: 512
05/04/2023 09:32:27 AM [DEBUG] ------------------------------------------------------------
05/04/2023 09:32:27 AM [INFO] label distribution in test dataset (total count: 800)
05/04/2023 09:32:27 AM [INFO] {0: 657, 1: 143}
05/04/2023 09:32:27 AM [DEBUG] ------------------------------------------------------------
05/04/2023 09:32:27 AM [INFO] 
command line argument captured ..
05/04/2023 09:32:27 AM [INFO] ------------------------------------------------------------
05/04/2023 09:32:27 AM [INFO] processed_dataset_path - /home2/devesh.marwah/Transformer-Models-for-Text-Coherence-Assessment/processed_data
05/04/2023 09:32:27 AM [INFO] checkpoint_path - /home2/devesh.marwah/Transformer-Models-for-Text-Coherence-Assessment/lightning_checkpoints/gcdc-All-hierarchical-minority-classification-roberta-base/epoch=1.ckpt
05/04/2023 09:32:27 AM [INFO] gpus - 1
05/04/2023 09:32:27 AM [INFO] epochs - 10
05/04/2023 09:32:27 AM [INFO] batch_size - 2
05/04/2023 09:32:27 AM [INFO] learning_rate - 1e-06
05/04/2023 09:32:27 AM [INFO] clip_grad_norm - 0.0
05/04/2023 09:32:27 AM [INFO] weight_decay - 0.01
05/04/2023 09:32:27 AM [INFO] dropout_rate - 0.1
05/04/2023 09:32:27 AM [INFO] enable_scheduler - False
05/04/2023 09:32:27 AM [INFO] warmup_steps - 0.01
05/04/2023 09:32:27 AM [INFO] margin - 1.0
05/04/2023 09:32:27 AM [INFO] corpus - gcdc
05/04/2023 09:32:27 AM [INFO] sub_corpus - All
05/04/2023 09:32:27 AM [INFO] max_seq_len - 512
05/04/2023 09:32:27 AM [INFO] max_fact_count - 50
05/04/2023 09:32:27 AM [INFO] max_fact_seq_len - 50
05/04/2023 09:32:27 AM [INFO] permutation_count - 20
05/04/2023 09:32:27 AM [INFO] with_replacement - 1
05/04/2023 09:32:27 AM [INFO] train_dataset_count - None
05/04/2023 09:32:27 AM [INFO] val_dataset_count - None
05/04/2023 09:32:27 AM [INFO] test_dataset_count - 800
05/04/2023 09:32:27 AM [INFO] inverse_pra - 0
05/04/2023 09:32:27 AM [INFO] task - minority-classification
05/04/2023 09:32:27 AM [INFO] enable_kldiv - False
05/04/2023 09:32:27 AM [INFO] label_smoothing - 0.1
05/04/2023 09:32:27 AM [INFO] inference - True
05/04/2023 09:32:27 AM [INFO] online_mode - 0
05/04/2023 09:32:27 AM [INFO] logger_exp_name - gcdc-All-hierarchical-minority-classification-roberta-base
05/04/2023 09:32:27 AM [INFO] arch - hierarchical
05/04/2023 09:32:27 AM [INFO] disable_mtl - 0
05/04/2023 09:32:27 AM [INFO] mtl_base_arch - vanilla
05/04/2023 09:32:27 AM [INFO] model_name - roberta-base
05/04/2023 09:32:27 AM [INFO] tf2_model_name - roberta-base
05/04/2023 09:32:27 AM [INFO] use_pretrained_tf2 - 0
05/04/2023 09:32:27 AM [INFO] sentence_pooling - none
05/04/2023 09:32:27 AM [INFO] freeze_emb_layer - True
05/04/2023 09:32:27 AM [INFO] exp_count - 0
05/04/2023 09:32:27 AM [INFO] fp16 - 0
05/04/2023 09:32:27 AM [INFO] ------------------------------------------------------------
05/04/2023 09:32:27 AM [DEBUG] initiating inference process...
05/04/2023 09:32:38 AM [INFO] frozed embedding layer
05/04/2023 09:32:38 AM [DEBUG] loading the model from checkpoint : /home2/devesh.marwah/Transformer-Models-for-Text-Coherence-Assessment/lightning_checkpoints/gcdc-All-hierarchical-minority-classification-roberta-base/epoch=1.ckpt
05/04/2023 09:32:49 AM [INFO] frozed embedding layer
05/04/2023 09:32:49 AM [DEBUG] loaded model successfully !!!
05/04/2023 09:32:49 AM [INFO] testing on dataset : gcdc ( sub_dataset All ) on task : minority-classification
05/04/2023 09:33:12 AM [INFO] epoch : 0 - average_test_loss : 0.390528, overall_test_acc : 0.489297
05/04/2023 09:33:12 AM [DEBUG] testing done !!!
