03/15/2023 05:49:50 PM [INFO] featurizing the gcdc corpus: all for task: sentence-ordering with model architecture: vanilla
03/15/2023 05:49:53 PM [DEBUG] <<LOADING>> GCDC dataset from directory: /home2/devesh.marwah/Transformer-Models-for-Text-Coherence-Assessment/processed_data/GCDC
03/15/2023 05:49:53 PM [DEBUG] working on train dataset 
03/15/2023 05:49:54 PM [DEBUG] <Done>
03/15/2023 05:49:54 PM [DEBUG] working on dev dataset 
03/15/2023 05:49:54 PM [DEBUG] <Done>
03/15/2023 05:49:54 PM [DEBUG] ------------------------------------------------------------
03/15/2023 05:49:55 PM [INFO] single sentence doc count: 1, total doc count: 3200, obtained permutation dataset count: 63980
03/15/2023 05:49:55 PM [INFO] single sentence doc count: 0, total doc count: 800, obtained permutation dataset count: 16000
03/15/2023 05:49:55 PM [INFO] post-processing the dataset
03/15/2023 05:49:55 PM [INFO] data preprocessed: 63980, sentences preprocessed: 127960
03/15/2023 05:50:13 PM [INFO] featurizing the datasets..
03/15/2023 05:50:14 PM [DEBUG] 63980 data instance processed. max sent_seq_length: 512
03/15/2023 05:51:25 PM [INFO] post-processing the dataset
03/15/2023 05:51:25 PM [INFO] data preprocessed: 16000, sentences preprocessed: 32000
03/15/2023 05:51:29 PM [INFO] featurizing the datasets..
03/15/2023 05:51:29 PM [DEBUG] 16000 data instance processed. max sent_seq_length: 512
03/15/2023 05:51:47 PM [DEBUG] ------------------------------------------------------------
03/15/2023 05:51:47 PM [INFO] label distribution in train dataset (total count: 63980)
03/15/2023 05:51:47 PM [INFO] {1: 31990, -1: 31990}
03/15/2023 05:51:47 PM [INFO] label distribution in dev dataset (total count: 16000)
03/15/2023 05:51:47 PM [INFO] {1: 8000, -1: 8000}
03/15/2023 05:51:47 PM [DEBUG] ------------------------------------------------------------
03/15/2023 05:51:48 PM [INFO] 
command line argument captured ..
03/15/2023 05:51:48 PM [INFO] ------------------------------------------------------------
03/15/2023 05:51:48 PM [INFO] processed_dataset_path - /home2/devesh.marwah/Transformer-Models-for-Text-Coherence-Assessment/processed_data
03/15/2023 05:51:48 PM [INFO] checkpoint_path - /home2/devesh.marwah/Transformer-Models-for-Text-Coherence-Assessment/lightning_checkpoints
03/15/2023 05:51:48 PM [INFO] gpus - 1
03/15/2023 05:51:48 PM [INFO] epochs - 10
03/15/2023 05:51:48 PM [INFO] batch_size - 2
03/15/2023 05:51:48 PM [INFO] learning_rate - 1e-06
03/15/2023 05:51:48 PM [INFO] clip_grad_norm - 0.0
03/15/2023 05:51:48 PM [INFO] weight_decay - 0.01
03/15/2023 05:51:48 PM [INFO] dropout_rate - 0.1
03/15/2023 05:51:48 PM [INFO] enable_scheduler - False
03/15/2023 05:51:48 PM [INFO] warmup_steps - 0.01
03/15/2023 05:51:48 PM [INFO] margin - 1.0
03/15/2023 05:51:48 PM [INFO] corpus - gcdc
03/15/2023 05:51:48 PM [INFO] sub_corpus - all
03/15/2023 05:51:48 PM [INFO] max_seq_len - 512
03/15/2023 05:51:48 PM [INFO] max_fact_count - 50
03/15/2023 05:51:48 PM [INFO] max_fact_seq_len - 50
03/15/2023 05:51:48 PM [INFO] permutation_count - 20
03/15/2023 05:51:48 PM [INFO] with_replacement - 1
03/15/2023 05:51:48 PM [INFO] train_dataset_count - 63980
03/15/2023 05:51:48 PM [INFO] val_dataset_count - 16000
03/15/2023 05:51:48 PM [INFO] test_dataset_count - None
03/15/2023 05:51:48 PM [INFO] inverse_pra - 0
03/15/2023 05:51:48 PM [INFO] task - sentence-ordering
03/15/2023 05:51:48 PM [INFO] enable_kldiv - False
03/15/2023 05:51:48 PM [INFO] label_smoothing - 0.1
03/15/2023 05:51:48 PM [INFO] inference - False
03/15/2023 05:51:48 PM [INFO] online_mode - 0
03/15/2023 05:51:48 PM [INFO] logger_exp_name - gcdc-All-vanilla-sentence-ordering-roberta-base
03/15/2023 05:51:48 PM [INFO] arch - vanilla
03/15/2023 05:51:48 PM [INFO] disable_mtl - 0
03/15/2023 05:51:48 PM [INFO] mtl_base_arch - vanilla
03/15/2023 05:51:48 PM [INFO] model_name - roberta-base
03/15/2023 05:51:48 PM [INFO] tf2_model_name - roberta-base
03/15/2023 05:51:48 PM [INFO] use_pretrained_tf2 - 0
03/15/2023 05:51:48 PM [INFO] sentence_pooling - none
03/15/2023 05:51:48 PM [INFO] freeze_emb_layer - False
03/15/2023 05:51:48 PM [INFO] exp_count - 0
03/15/2023 05:51:48 PM [INFO] fp16 - 0
03/15/2023 05:51:48 PM [INFO] ------------------------------------------------------------
03/15/2023 05:51:48 PM [DEBUG] initiating training process...
03/15/2023 05:51:52 PM [DEBUG] ModelWrapper(
  (doc_encoder): TransformerModel(
    (tf2): RobertaModel(
      (embeddings): RobertaEmbeddings(
        (word_embeddings): Embedding(50265, 768, padding_idx=1)
        (position_embeddings): Embedding(514, 768, padding_idx=1)
        (token_type_embeddings): Embedding(1, 768)
        (LayerNorm): LayerNorm((768,), eps=1e-05, elementwise_affine=True)
        (dropout): Dropout(p=0.1, inplace=False)
      )
      (encoder): RobertaEncoder(
        (layer): ModuleList(
          (0): RobertaLayer(
            (attention): RobertaAttention(
              (self): RobertaSelfAttention(
                (query): Linear(in_features=768, out_features=768, bias=True)
                (key): Linear(in_features=768, out_features=768, bias=True)
                (value): Linear(in_features=768, out_features=768, bias=True)
                (dropout): Dropout(p=0.1, inplace=False)
              )
              (output): RobertaSelfOutput(
                (dense): Linear(in_features=768, out_features=768, bias=True)
                (LayerNorm): LayerNorm((768,), eps=1e-05, elementwise_affine=True)
                (dropout): Dropout(p=0.1, inplace=False)
              )
            )
            (intermediate): RobertaIntermediate(
              (dense): Linear(in_features=768, out_features=3072, bias=True)
            )
            (output): RobertaOutput(
              (dense): Linear(in_features=3072, out_features=768, bias=True)
              (LayerNorm): LayerNorm((768,), eps=1e-05, elementwise_affine=True)
              (dropout): Dropout(p=0.1, inplace=False)
            )
          )
          (1): RobertaLayer(
            (attention): RobertaAttention(
              (self): RobertaSelfAttention(
                (query): Linear(in_features=768, out_features=768, bias=True)
                (key): Linear(in_features=768, out_features=768, bias=True)
                (value): Linear(in_features=768, out_features=768, bias=True)
                (dropout): Dropout(p=0.1, inplace=False)
              )
              (output): RobertaSelfOutput(
                (dense): Linear(in_features=768, out_features=768, bias=True)
                (LayerNorm): LayerNorm((768,), eps=1e-05, elementwise_affine=True)
                (dropout): Dropout(p=0.1, inplace=False)
              )
            )
            (intermediate): RobertaIntermediate(
              (dense): Linear(in_features=768, out_features=3072, bias=True)
            )
            (output): RobertaOutput(
              (dense): Linear(in_features=3072, out_features=768, bias=True)
              (LayerNorm): LayerNorm((768,), eps=1e-05, elementwise_affine=True)
              (dropout): Dropout(p=0.1, inplace=False)
            )
          )
          (2): RobertaLayer(
            (attention): RobertaAttention(
              (self): RobertaSelfAttention(
                (query): Linear(in_features=768, out_features=768, bias=True)
                (key): Linear(in_features=768, out_features=768, bias=True)
                (value): Linear(in_features=768, out_features=768, bias=True)
                (dropout): Dropout(p=0.1, inplace=False)
              )
              (output): RobertaSelfOutput(
                (dense): Linear(in_features=768, out_features=768, bias=True)
                (LayerNorm): LayerNorm((768,), eps=1e-05, elementwise_affine=True)
                (dropout): Dropout(p=0.1, inplace=False)
              )
            )
            (intermediate): RobertaIntermediate(
              (dense): Linear(in_features=768, out_features=3072, bias=True)
            )
            (output): RobertaOutput(
              (dense): Linear(in_features=3072, out_features=768, bias=True)
              (LayerNorm): LayerNorm((768,), eps=1e-05, elementwise_affine=True)
              (dropout): Dropout(p=0.1, inplace=False)
            )
          )
          (3): RobertaLayer(
            (attention): RobertaAttention(
              (self): RobertaSelfAttention(
                (query): Linear(in_features=768, out_features=768, bias=True)
                (key): Linear(in_features=768, out_features=768, bias=True)
                (value): Linear(in_features=768, out_features=768, bias=True)
                (dropout): Dropout(p=0.1, inplace=False)
              )
              (output): RobertaSelfOutput(
                (dense): Linear(in_features=768, out_features=768, bias=True)
                (LayerNorm): LayerNorm((768,), eps=1e-05, elementwise_affine=True)
                (dropout): Dropout(p=0.1, inplace=False)
              )
            )
            (intermediate): RobertaIntermediate(
              (dense): Linear(in_features=768, out_features=3072, bias=True)
            )
            (output): RobertaOutput(
              (dense): Linear(in_features=3072, out_features=768, bias=True)
              (LayerNorm): LayerNorm((768,), eps=1e-05, elementwise_affine=True)
              (dropout): Dropout(p=0.1, inplace=False)
            )
          )
          (4): RobertaLayer(
            (attention): RobertaAttention(
              (self): RobertaSelfAttention(
                (query): Linear(in_features=768, out_features=768, bias=True)
                (key): Linear(in_features=768, out_features=768, bias=True)
                (value): Linear(in_features=768, out_features=768, bias=True)
                (dropout): Dropout(p=0.1, inplace=False)
              )
              (output): RobertaSelfOutput(
                (dense): Linear(in_features=768, out_features=768, bias=True)
                (LayerNorm): LayerNorm((768,), eps=1e-05, elementwise_affine=True)
                (dropout): Dropout(p=0.1, inplace=False)
              )
            )
            (intermediate): RobertaIntermediate(
              (dense): Linear(in_features=768, out_features=3072, bias=True)
            )
            (output): RobertaOutput(
              (dense): Linear(in_features=3072, out_features=768, bias=True)
              (LayerNorm): LayerNorm((768,), eps=1e-05, elementwise_affine=True)
              (dropout): Dropout(p=0.1, inplace=False)
            )
          )
          (5): RobertaLayer(
            (attention): RobertaAttention(
              (self): RobertaSelfAttention(
                (query): Linear(in_features=768, out_features=768, bias=True)
                (key): Linear(in_features=768, out_features=768, bias=True)
                (value): Linear(in_features=768, out_features=768, bias=True)
                (dropout): Dropout(p=0.1, inplace=False)
              )
              (output): RobertaSelfOutput(
                (dense): Linear(in_features=768, out_features=768, bias=True)
                (LayerNorm): LayerNorm((768,), eps=1e-05, elementwise_affine=True)
                (dropout): Dropout(p=0.1, inplace=False)
              )
            )
            (intermediate): RobertaIntermediate(
              (dense): Linear(in_features=768, out_features=3072, bias=True)
            )
            (output): RobertaOutput(
              (dense): Linear(in_features=3072, out_features=768, bias=True)
              (LayerNorm): LayerNorm((768,), eps=1e-05, elementwise_affine=True)
              (dropout): Dropout(p=0.1, inplace=False)
            )
          )
          (6): RobertaLayer(
            (attention): RobertaAttention(
              (self): RobertaSelfAttention(
                (query): Linear(in_features=768, out_features=768, bias=True)
                (key): Linear(in_features=768, out_features=768, bias=True)
                (value): Linear(in_features=768, out_features=768, bias=True)
                (dropout): Dropout(p=0.1, inplace=False)
              )
              (output): RobertaSelfOutput(
                (dense): Linear(in_features=768, out_features=768, bias=True)
                (LayerNorm): LayerNorm((768,), eps=1e-05, elementwise_affine=True)
                (dropout): Dropout(p=0.1, inplace=False)
              )
            )
            (intermediate): RobertaIntermediate(
              (dense): Linear(in_features=768, out_features=3072, bias=True)
            )
            (output): RobertaOutput(
              (dense): Linear(in_features=3072, out_features=768, bias=True)
              (LayerNorm): LayerNorm((768,), eps=1e-05, elementwise_affine=True)
              (dropout): Dropout(p=0.1, inplace=False)
            )
          )
          (7): RobertaLayer(
            (attention): RobertaAttention(
              (self): RobertaSelfAttention(
                (query): Linear(in_features=768, out_features=768, bias=True)
                (key): Linear(in_features=768, out_features=768, bias=True)
                (value): Linear(in_features=768, out_features=768, bias=True)
                (dropout): Dropout(p=0.1, inplace=False)
              )
              (output): RobertaSelfOutput(
                (dense): Linear(in_features=768, out_features=768, bias=True)
                (LayerNorm): LayerNorm((768,), eps=1e-05, elementwise_affine=True)
                (dropout): Dropout(p=0.1, inplace=False)
              )
            )
            (intermediate): RobertaIntermediate(
              (dense): Linear(in_features=768, out_features=3072, bias=True)
            )
            (output): RobertaOutput(
              (dense): Linear(in_features=3072, out_features=768, bias=True)
              (LayerNorm): LayerNorm((768,), eps=1e-05, elementwise_affine=True)
              (dropout): Dropout(p=0.1, inplace=False)
            )
          )
          (8): RobertaLayer(
            (attention): RobertaAttention(
              (self): RobertaSelfAttention(
                (query): Linear(in_features=768, out_features=768, bias=True)
                (key): Linear(in_features=768, out_features=768, bias=True)
                (value): Linear(in_features=768, out_features=768, bias=True)
                (dropout): Dropout(p=0.1, inplace=False)
              )
              (output): RobertaSelfOutput(
                (dense): Linear(in_features=768, out_features=768, bias=True)
                (LayerNorm): LayerNorm((768,), eps=1e-05, elementwise_affine=True)
                (dropout): Dropout(p=0.1, inplace=False)
              )
            )
            (intermediate): RobertaIntermediate(
              (dense): Linear(in_features=768, out_features=3072, bias=True)
            )
            (output): RobertaOutput(
              (dense): Linear(in_features=3072, out_features=768, bias=True)
              (LayerNorm): LayerNorm((768,), eps=1e-05, elementwise_affine=True)
              (dropout): Dropout(p=0.1, inplace=False)
            )
          )
          (9): RobertaLayer(
            (attention): RobertaAttention(
              (self): RobertaSelfAttention(
                (query): Linear(in_features=768, out_features=768, bias=True)
                (key): Linear(in_features=768, out_features=768, bias=True)
                (value): Linear(in_features=768, out_features=768, bias=True)
                (dropout): Dropout(p=0.1, inplace=False)
              )
              (output): RobertaSelfOutput(
                (dense): Linear(in_features=768, out_features=768, bias=True)
                (LayerNorm): LayerNorm((768,), eps=1e-05, elementwise_affine=True)
                (dropout): Dropout(p=0.1, inplace=False)
              )
            )
            (intermediate): RobertaIntermediate(
              (dense): Linear(in_features=768, out_features=3072, bias=True)
            )
            (output): RobertaOutput(
              (dense): Linear(in_features=3072, out_features=768, bias=True)
              (LayerNorm): LayerNorm((768,), eps=1e-05, elementwise_affine=True)
              (dropout): Dropout(p=0.1, inplace=False)
            )
          )
          (10): RobertaLayer(
            (attention): RobertaAttention(
              (self): RobertaSelfAttention(
                (query): Linear(in_features=768, out_features=768, bias=True)
                (key): Linear(in_features=768, out_features=768, bias=True)
                (value): Linear(in_features=768, out_features=768, bias=True)
                (dropout): Dropout(p=0.1, inplace=False)
              )
              (output): RobertaSelfOutput(
                (dense): Linear(in_features=768, out_features=768, bias=True)
                (LayerNorm): LayerNorm((768,), eps=1e-05, elementwise_affine=True)
                (dropout): Dropout(p=0.1, inplace=False)
              )
            )
            (intermediate): RobertaIntermediate(
              (dense): Linear(in_features=768, out_features=3072, bias=True)
            )
            (output): RobertaOutput(
              (dense): Linear(in_features=3072, out_features=768, bias=True)
              (LayerNorm): LayerNorm((768,), eps=1e-05, elementwise_affine=True)
              (dropout): Dropout(p=0.1, inplace=False)
            )
          )
          (11): RobertaLayer(
            (attention): RobertaAttention(
              (self): RobertaSelfAttention(
                (query): Linear(in_features=768, out_features=768, bias=True)
                (key): Linear(in_features=768, out_features=768, bias=True)
                (value): Linear(in_features=768, out_features=768, bias=True)
                (dropout): Dropout(p=0.1, inplace=False)
              )
              (output): RobertaSelfOutput(
                (dense): Linear(in_features=768, out_features=768, bias=True)
                (LayerNorm): LayerNorm((768,), eps=1e-05, elementwise_affine=True)
                (dropout): Dropout(p=0.1, inplace=False)
              )
            )
            (intermediate): RobertaIntermediate(
              (dense): Linear(in_features=768, out_features=3072, bias=True)
            )
            (output): RobertaOutput(
              (dense): Linear(in_features=3072, out_features=768, bias=True)
              (LayerNorm): LayerNorm((768,), eps=1e-05, elementwise_affine=True)
              (dropout): Dropout(p=0.1, inplace=False)
            )
          )
        )
      )
    )
  )
  (task_head): PairWiseSentenceRanking(
    (phi): Linear(in_features=768, out_features=1, bias=True)
    (dropout): Dropout(p=0.1, inplace=False)
  )
  (train_metric): Accuracy()
  (val_metric): Accuracy()
  (test_metric): Accuracy()
)
03/15/2023 05:51:52 PM [INFO] Model has 124055809 trainable parameters
03/15/2023 05:52:03 PM [DEBUG] about to start training loop...
03/15/2023 05:52:07 PM [INFO] epoch : 0 - average_val_loss : 1.000000, overall_val_acc : 0.250000
03/15/2023 07:37:29 PM [INFO] epoch : 0 - average_val_loss : 1.072919, overall_val_acc : 0.984937
03/15/2023 07:37:45 PM [INFO] epoch : 0 - average_train_loss : 0.669632, overall_train_acc : 0.946811
03/15/2023 09:23:00 PM [INFO] epoch : 1 - average_val_loss : 1.048237, overall_val_acc : 0.981250
03/15/2023 09:23:00 PM [INFO] epoch : 1 - average_train_loss : 0.583762, overall_train_acc : 0.984183
03/15/2023 11:08:53 PM [INFO] epoch : 2 - average_val_loss : 1.029062, overall_val_acc : 0.978938
03/15/2023 11:08:54 PM [INFO] epoch : 2 - average_train_loss : 0.556129, overall_train_acc : 0.984542
03/16/2023 12:54:46 AM [INFO] epoch : 3 - average_val_loss : 1.014828, overall_val_acc : 0.980375
03/16/2023 12:54:46 AM [INFO] epoch : 3 - average_train_loss : 0.542218, overall_train_acc : 0.986152
03/16/2023 02:39:46 AM [INFO] epoch : 4 - average_val_loss : 1.017004, overall_val_acc : 0.970500
03/16/2023 02:39:46 AM [INFO] epoch : 4 - average_train_loss : 0.538006, overall_train_acc : 0.987340
03/16/2023 04:24:45 AM [INFO] epoch : 5 - average_val_loss : 1.023946, overall_val_acc : 0.982625
03/16/2023 04:24:46 AM [INFO] epoch : 5 - average_train_loss : 0.531733, overall_train_acc : 0.988340
03/16/2023 06:10:56 AM [INFO] epoch : 6 - average_val_loss : 1.009109, overall_val_acc : 0.982750
03/16/2023 06:10:57 AM [INFO] epoch : 6 - average_train_loss : 0.533296, overall_train_acc : 0.988371
03/16/2023 07:56:38 AM [INFO] epoch : 7 - average_val_loss : 1.018302, overall_val_acc : 0.976937
03/16/2023 07:56:38 AM [INFO] epoch : 7 - average_train_loss : 0.526452, overall_train_acc : 0.989684
03/16/2023 09:42:46 AM [INFO] epoch : 8 - average_val_loss : 1.020962, overall_val_acc : 0.979813
03/16/2023 09:42:46 AM [INFO] epoch : 8 - average_train_loss : 0.529717, overall_train_acc : 0.989450
03/16/2023 11:28:18 AM [INFO] epoch : 9 - average_val_loss : 1.016190, overall_val_acc : 0.978000
03/16/2023 11:28:18 AM [INFO] epoch : 9 - average_train_loss : 0.522101, overall_train_acc : 0.990231
03/16/2023 11:28:19 AM [DEBUG] training done.
05/04/2023 07:43:33 PM [INFO] featurizing the gcdc corpus: All for task: sentence-ordering with model architecture: vanilla
05/04/2023 07:43:36 PM [DEBUG] <<LOADING>> GCDC dataset from directory: /home2/devesh.marwah/Transformer-Models-for-Text-Coherence-Assessment/processed_data/GCDC
05/04/2023 07:43:36 PM [DEBUG] working on test dataset 
05/04/2023 07:43:36 PM [DEBUG] <Done>
05/04/2023 07:43:36 PM [DEBUG] ------------------------------------------------------------
05/04/2023 07:43:37 PM [INFO] single sentence doc count: 0, total doc count: 800, obtained permutation dataset count: 16000
05/04/2023 07:43:37 PM [INFO] post-processing the dataset
05/04/2023 07:43:37 PM [INFO] data preprocessed: 16000, sentences preprocessed: 32000
05/04/2023 07:43:41 PM [INFO] featurizing the datasets..
05/04/2023 07:43:41 PM [DEBUG] 16000 data instance processed. max sent_seq_length: 512
05/04/2023 07:43:59 PM [DEBUG] ------------------------------------------------------------
05/04/2023 07:43:59 PM [INFO] label distribution in test dataset (total count: 16000)
05/04/2023 07:43:59 PM [INFO] {1: 8000, -1: 8000}
05/04/2023 07:43:59 PM [DEBUG] ------------------------------------------------------------
05/04/2023 07:44:00 PM [INFO] 
command line argument captured ..
05/04/2023 07:44:00 PM [INFO] ------------------------------------------------------------
05/04/2023 07:44:00 PM [INFO] processed_dataset_path - /home2/devesh.marwah/Transformer-Models-for-Text-Coherence-Assessment/processed_data
05/04/2023 07:44:00 PM [INFO] checkpoint_path - /home2/devesh.marwah/model.ckpt
05/04/2023 07:44:00 PM [INFO] gpus - 1
05/04/2023 07:44:00 PM [INFO] epochs - 10
05/04/2023 07:44:00 PM [INFO] batch_size - 2
05/04/2023 07:44:00 PM [INFO] learning_rate - 1e-06
05/04/2023 07:44:00 PM [INFO] clip_grad_norm - 0.0
05/04/2023 07:44:00 PM [INFO] weight_decay - 0.01
05/04/2023 07:44:00 PM [INFO] dropout_rate - 0.1
05/04/2023 07:44:00 PM [INFO] enable_scheduler - False
05/04/2023 07:44:00 PM [INFO] warmup_steps - 0.01
05/04/2023 07:44:00 PM [INFO] margin - 1.0
05/04/2023 07:44:00 PM [INFO] corpus - gcdc
05/04/2023 07:44:00 PM [INFO] sub_corpus - All
05/04/2023 07:44:00 PM [INFO] max_seq_len - 512
05/04/2023 07:44:00 PM [INFO] max_fact_count - 50
05/04/2023 07:44:00 PM [INFO] max_fact_seq_len - 50
05/04/2023 07:44:00 PM [INFO] permutation_count - 20
05/04/2023 07:44:00 PM [INFO] with_replacement - 1
05/04/2023 07:44:00 PM [INFO] train_dataset_count - None
05/04/2023 07:44:00 PM [INFO] val_dataset_count - None
05/04/2023 07:44:00 PM [INFO] test_dataset_count - 16000
05/04/2023 07:44:00 PM [INFO] inverse_pra - 0
05/04/2023 07:44:00 PM [INFO] task - sentence-ordering
05/04/2023 07:44:00 PM [INFO] enable_kldiv - False
05/04/2023 07:44:00 PM [INFO] label_smoothing - 0.1
05/04/2023 07:44:00 PM [INFO] inference - True
05/04/2023 07:44:00 PM [INFO] online_mode - 0
05/04/2023 07:44:00 PM [INFO] logger_exp_name - gcdc-All-vanilla-sentence-ordering-roberta-base
05/04/2023 07:44:00 PM [INFO] arch - vanilla
05/04/2023 07:44:00 PM [INFO] disable_mtl - 0
05/04/2023 07:44:00 PM [INFO] mtl_base_arch - vanilla
05/04/2023 07:44:00 PM [INFO] model_name - roberta-base
05/04/2023 07:44:00 PM [INFO] tf2_model_name - roberta-base
05/04/2023 07:44:00 PM [INFO] use_pretrained_tf2 - 0
05/04/2023 07:44:00 PM [INFO] sentence_pooling - none
05/04/2023 07:44:00 PM [INFO] freeze_emb_layer - True
05/04/2023 07:44:00 PM [INFO] exp_count - 0
05/04/2023 07:44:00 PM [INFO] fp16 - 0
05/04/2023 07:44:00 PM [INFO] ------------------------------------------------------------
05/04/2023 07:44:00 PM [DEBUG] initiating inference process...
05/04/2023 07:44:04 PM [INFO] frozed embedding layer
05/04/2023 07:44:04 PM [DEBUG] loading the model from checkpoint : /home2/devesh.marwah/model.ckpt
05/04/2023 07:44:20 PM [INFO] frozed embedding layer
05/04/2023 07:44:21 PM [DEBUG] loaded model successfully !!!
05/04/2023 07:44:21 PM [INFO] testing on dataset : gcdc ( sub_dataset All ) on task : sentence-ordering
