03/15/2023 08:57:46 PM [INFO] featurizing the gcdc corpus: Enron for task: sentence-ordering with model architecture: vanilla
03/15/2023 08:57:50 PM [DEBUG] <<LOADING>> GCDC dataset from directory: /home2/devesh.marwah/Transformer-Models-for-Text-Coherence-Assessment/processed_data/GCDC
03/15/2023 08:57:50 PM [DEBUG] working on test dataset 
03/15/2023 08:57:50 PM [DEBUG] <Done>
03/15/2023 08:57:50 PM [DEBUG] ------------------------------------------------------------
03/15/2023 08:57:50 PM [INFO] single sentence doc count: 0, total doc count: 200, obtained permutation dataset count: 4000
03/15/2023 08:57:50 PM [INFO] post-processing the dataset
03/15/2023 08:57:50 PM [INFO] data preprocessed: 4000, sentences preprocessed: 8000
03/15/2023 08:57:51 PM [INFO] featurizing the datasets..
03/15/2023 08:57:51 PM [DEBUG] 4000 data instance processed. max sent_seq_length: 512
03/15/2023 08:57:56 PM [DEBUG] ------------------------------------------------------------
03/15/2023 08:57:56 PM [INFO] label distribution in test dataset (total count: 4000)
03/15/2023 08:57:56 PM [INFO] {1: 2000, -1: 2000}
03/15/2023 08:57:56 PM [DEBUG] ------------------------------------------------------------
03/15/2023 08:57:56 PM [INFO] 
command line argument captured ..
03/15/2023 08:57:56 PM [INFO] ------------------------------------------------------------
03/15/2023 08:57:56 PM [INFO] processed_dataset_path - /home2/devesh.marwah/Transformer-Models-for-Text-Coherence-Assessment/processed_data
03/15/2023 08:57:56 PM [INFO] checkpoint_path - /home2/devesh.marwah/Transformer-Models-for-Text-Coherence-Assessment/lightning_checkpoints/model.ckpt
03/15/2023 08:57:56 PM [INFO] gpus - 1
03/15/2023 08:57:56 PM [INFO] epochs - 10
03/15/2023 08:57:56 PM [INFO] batch_size - 2
03/15/2023 08:57:56 PM [INFO] learning_rate - 1e-06
03/15/2023 08:57:56 PM [INFO] clip_grad_norm - 0.0
03/15/2023 08:57:56 PM [INFO] weight_decay - 0.01
03/15/2023 08:57:56 PM [INFO] dropout_rate - 0.1
03/15/2023 08:57:56 PM [INFO] enable_scheduler - False
03/15/2023 08:57:56 PM [INFO] warmup_steps - 0.01
03/15/2023 08:57:56 PM [INFO] margin - 1.0
03/15/2023 08:57:56 PM [INFO] corpus - gcdc
03/15/2023 08:57:56 PM [INFO] sub_corpus - Enron
03/15/2023 08:57:56 PM [INFO] max_seq_len - 512
03/15/2023 08:57:56 PM [INFO] max_fact_count - 50
03/15/2023 08:57:56 PM [INFO] max_fact_seq_len - 50
03/15/2023 08:57:56 PM [INFO] permutation_count - 20
03/15/2023 08:57:56 PM [INFO] with_replacement - 1
03/15/2023 08:57:56 PM [INFO] train_dataset_count - None
03/15/2023 08:57:56 PM [INFO] val_dataset_count - None
03/15/2023 08:57:56 PM [INFO] test_dataset_count - 4000
03/15/2023 08:57:56 PM [INFO] inverse_pra - 0
03/15/2023 08:57:56 PM [INFO] task - sentence-ordering
03/15/2023 08:57:56 PM [INFO] enable_kldiv - False
03/15/2023 08:57:56 PM [INFO] label_smoothing - 0.1
03/15/2023 08:57:56 PM [INFO] inference - True
03/15/2023 08:57:56 PM [INFO] online_mode - 0
03/15/2023 08:57:56 PM [INFO] logger_exp_name - gcdc-Enron-vanilla-sentence-ordering-roberta-base
03/15/2023 08:57:56 PM [INFO] arch - vanilla
03/15/2023 08:57:56 PM [INFO] disable_mtl - 0
03/15/2023 08:57:56 PM [INFO] mtl_base_arch - vanilla
03/15/2023 08:57:56 PM [INFO] model_name - roberta-base
03/15/2023 08:57:56 PM [INFO] tf2_model_name - roberta-base
03/15/2023 08:57:56 PM [INFO] use_pretrained_tf2 - 0
03/15/2023 08:57:56 PM [INFO] sentence_pooling - none
03/15/2023 08:57:56 PM [INFO] freeze_emb_layer - True
03/15/2023 08:57:56 PM [INFO] exp_count - 0
03/15/2023 08:57:56 PM [INFO] fp16 - 0
03/15/2023 08:57:56 PM [INFO] ------------------------------------------------------------
03/15/2023 08:57:56 PM [DEBUG] initiating inference process...
03/15/2023 08:58:00 PM [INFO] frozed embedding layer
03/15/2023 08:58:00 PM [DEBUG] loading the model from checkpoint : /home2/devesh.marwah/Transformer-Models-for-Text-Coherence-Assessment/lightning_checkpoints/model.ckpt
03/15/2023 08:58:05 PM [INFO] frozed embedding layer
03/15/2023 08:58:05 PM [DEBUG] loaded model successfully !!!
03/15/2023 08:58:05 PM [INFO] testing on dataset : gcdc ( sub_dataset Enron ) on task : sentence-ordering
03/15/2023 09:01:03 PM [INFO] epoch : 0 - average_test_loss : 1.069307, overall_test_acc : 0.992000
03/15/2023 09:01:03 PM [DEBUG] testing done !!!
05/04/2023 07:46:35 PM [INFO] featurizing the gcdc corpus: Enron for task: sentence-ordering with model architecture: vanilla
05/04/2023 07:46:38 PM [DEBUG] <<LOADING>> GCDC dataset from directory: /home2/devesh.marwah/Transformer-Models-for-Text-Coherence-Assessment/processed_data/GCDC
05/04/2023 07:46:38 PM [DEBUG] working on test dataset 
05/04/2023 07:46:38 PM [DEBUG] <Done>
05/04/2023 07:46:38 PM [DEBUG] ------------------------------------------------------------
05/04/2023 07:46:38 PM [INFO] single sentence doc count: 0, total doc count: 200, obtained permutation dataset count: 4000
05/04/2023 07:46:38 PM [INFO] post-processing the dataset
05/04/2023 07:46:38 PM [INFO] data preprocessed: 4000, sentences preprocessed: 8000
05/04/2023 07:46:39 PM [INFO] featurizing the datasets..
05/04/2023 07:46:39 PM [DEBUG] 4000 data instance processed. max sent_seq_length: 512
05/04/2023 07:46:44 PM [DEBUG] ------------------------------------------------------------
05/04/2023 07:46:44 PM [INFO] label distribution in test dataset (total count: 4000)
05/04/2023 07:46:44 PM [INFO] {1: 2000, -1: 2000}
05/04/2023 07:46:44 PM [DEBUG] ------------------------------------------------------------
05/04/2023 07:46:44 PM [INFO] 
command line argument captured ..
05/04/2023 07:46:44 PM [INFO] ------------------------------------------------------------
05/04/2023 07:46:44 PM [INFO] processed_dataset_path - /home2/devesh.marwah/Transformer-Models-for-Text-Coherence-Assessment/processed_data
05/04/2023 07:46:44 PM [INFO] checkpoint_path - /home2/devesh.marwah/model.ckpt
05/04/2023 07:46:44 PM [INFO] gpus - 1
05/04/2023 07:46:44 PM [INFO] epochs - 10
05/04/2023 07:46:44 PM [INFO] batch_size - 2
05/04/2023 07:46:44 PM [INFO] learning_rate - 1e-06
05/04/2023 07:46:44 PM [INFO] clip_grad_norm - 0.0
05/04/2023 07:46:44 PM [INFO] weight_decay - 0.01
05/04/2023 07:46:44 PM [INFO] dropout_rate - 0.1
05/04/2023 07:46:44 PM [INFO] enable_scheduler - False
05/04/2023 07:46:44 PM [INFO] warmup_steps - 0.01
05/04/2023 07:46:44 PM [INFO] margin - 1.0
05/04/2023 07:46:44 PM [INFO] corpus - gcdc
05/04/2023 07:46:44 PM [INFO] sub_corpus - Enron
05/04/2023 07:46:44 PM [INFO] max_seq_len - 512
05/04/2023 07:46:44 PM [INFO] max_fact_count - 50
05/04/2023 07:46:44 PM [INFO] max_fact_seq_len - 50
05/04/2023 07:46:44 PM [INFO] permutation_count - 20
05/04/2023 07:46:44 PM [INFO] with_replacement - 1
05/04/2023 07:46:44 PM [INFO] train_dataset_count - None
05/04/2023 07:46:44 PM [INFO] val_dataset_count - None
05/04/2023 07:46:44 PM [INFO] test_dataset_count - 4000
05/04/2023 07:46:44 PM [INFO] inverse_pra - 0
05/04/2023 07:46:44 PM [INFO] task - sentence-ordering
05/04/2023 07:46:44 PM [INFO] enable_kldiv - False
05/04/2023 07:46:44 PM [INFO] label_smoothing - 0.1
05/04/2023 07:46:44 PM [INFO] inference - True
05/04/2023 07:46:44 PM [INFO] online_mode - 0
05/04/2023 07:46:44 PM [INFO] logger_exp_name - gcdc-Enron-vanilla-sentence-ordering-roberta-base
05/04/2023 07:46:44 PM [INFO] arch - vanilla
05/04/2023 07:46:44 PM [INFO] disable_mtl - 0
05/04/2023 07:46:44 PM [INFO] mtl_base_arch - vanilla
05/04/2023 07:46:44 PM [INFO] model_name - roberta-base
05/04/2023 07:46:44 PM [INFO] tf2_model_name - roberta-base
05/04/2023 07:46:44 PM [INFO] use_pretrained_tf2 - 0
05/04/2023 07:46:44 PM [INFO] sentence_pooling - none
05/04/2023 07:46:44 PM [INFO] freeze_emb_layer - True
05/04/2023 07:46:44 PM [INFO] exp_count - 0
05/04/2023 07:46:44 PM [INFO] fp16 - 0
05/04/2023 07:46:44 PM [INFO] ------------------------------------------------------------
05/04/2023 07:46:44 PM [DEBUG] initiating inference process...
05/04/2023 07:46:48 PM [INFO] frozed embedding layer
05/04/2023 07:46:48 PM [DEBUG] loading the model from checkpoint : /home2/devesh.marwah/model.ckpt
05/04/2023 07:46:53 PM [INFO] frozed embedding layer
05/04/2023 07:46:53 PM [DEBUG] loaded model successfully !!!
05/04/2023 07:46:53 PM [INFO] testing on dataset : gcdc ( sub_dataset Enron ) on task : sentence-ordering
05/04/2023 07:48:46 PM [INFO] epoch : 0 - average_test_loss : 1.063707, overall_test_acc : 0.993000
05/04/2023 07:48:46 PM [DEBUG] testing done !!!
