05/04/2023 05:04:51 AM [INFO] featurizing the gcdc corpus: all for task: sentence-score-prediction with model architecture: mtl
05/04/2023 05:04:54 AM [DEBUG] <<LOADING>> GCDC dataset from directory: /home2/devesh.marwah/Transformer-Models-for-Text-Coherence-Assessment/processed_data/GCDC
05/04/2023 05:04:54 AM [DEBUG] working on train dataset 
05/04/2023 05:04:54 AM [DEBUG] <Done>
05/04/2023 05:04:54 AM [DEBUG] working on dev dataset 
05/04/2023 05:04:54 AM [DEBUG] <Done>
05/04/2023 05:04:54 AM [DEBUG] ------------------------------------------------------------
05/04/2023 05:04:54 AM [INFO] post-processing the dataset
05/04/2023 05:04:54 AM [INFO] data preprocessed: 3200, sentences preprocessed: 3200
05/04/2023 05:04:55 AM [INFO] featurizing the datasets..
05/04/2023 05:04:55 AM [DEBUG] 3200 data instance processed. max sent_seq_length: 512
05/04/2023 05:04:57 AM [INFO] post-processing the dataset
05/04/2023 05:04:57 AM [INFO] data preprocessed: 800, sentences preprocessed: 800
05/04/2023 05:04:57 AM [INFO] featurizing the datasets..
05/04/2023 05:04:57 AM [DEBUG] 800 data instance processed. max sent_seq_length: 512
05/04/2023 05:04:58 AM [DEBUG] ------------------------------------------------------------
05/04/2023 05:04:58 AM [INFO] featurizing the textual entailment corpus for task: sentence-score-prediction with model architecture: mtl
05/04/2023 05:05:01 AM [DEBUG] <<LOADING>> RTE dataset from directory: /home2/devesh.marwah/Transformer-Models-for-Text-Coherence-Assessment/processed_data/RTE
05/04/2023 05:05:01 AM [DEBUG] working on train dataset 
05/04/2023 05:05:01 AM [DEBUG] <Done>
05/04/2023 05:05:01 AM [DEBUG] working on dev dataset 
05/04/2023 05:05:01 AM [DEBUG] <Done>
05/04/2023 05:05:01 AM [DEBUG] ------------------------------------------------------------
05/04/2023 05:05:02 AM [INFO] post-processing the dataset
05/04/2023 05:05:02 AM [INFO] data preprocessed: 2489, sentences preprocessed: 2489
05/04/2023 05:05:02 AM [INFO] featurizing the datasets..
05/04/2023 05:05:02 AM [DEBUG] 2489 data instance processed. max sent_seq_length: 512
05/04/2023 05:05:02 AM [INFO] post-processing the dataset
05/04/2023 05:05:02 AM [INFO] data preprocessed: 277, sentences preprocessed: 277
05/04/2023 05:05:02 AM [INFO] featurizing the datasets..
05/04/2023 05:05:02 AM [DEBUG] 277 data instance processed. max sent_seq_length: 512
05/04/2023 05:05:06 AM [DEBUG] ------------------------------------------------------------
05/04/2023 05:05:06 AM [INFO] label distribution for train textual entailment dataset (total count: 2489)
05/04/2023 05:05:06 AM [INFO] {0: 1240, 1: 1249}
05/04/2023 05:05:06 AM [INFO] label distribution for dev textual entailment dataset (total count: 277)
05/04/2023 05:05:06 AM [INFO] {0: 131, 1: 146}
05/04/2023 05:05:06 AM [DEBUG] ------------------------------------------------------------
05/04/2023 05:05:06 AM [INFO] 
command line argument captured ..
05/04/2023 05:05:06 AM [INFO] ------------------------------------------------------------
05/04/2023 05:05:06 AM [INFO] processed_dataset_path - /home2/devesh.marwah/Transformer-Models-for-Text-Coherence-Assessment/processed_data
05/04/2023 05:05:06 AM [INFO] checkpoint_path - /home2/devesh.marwah/Transformer-Models-for-Text-Coherence-Assessment/lightning_checkpoints
05/04/2023 05:05:06 AM [INFO] gpus - 1
05/04/2023 05:05:06 AM [INFO] epochs - 7
05/04/2023 05:05:06 AM [INFO] batch_size - 2
05/04/2023 05:05:06 AM [INFO] learning_rate - 1e-06
05/04/2023 05:05:06 AM [INFO] clip_grad_norm - 0.0
05/04/2023 05:05:06 AM [INFO] weight_decay - 0.01
05/04/2023 05:05:06 AM [INFO] dropout_rate - 0.1
05/04/2023 05:05:06 AM [INFO] enable_scheduler - False
05/04/2023 05:05:06 AM [INFO] warmup_steps - 0.01
05/04/2023 05:05:06 AM [INFO] margin - 1.0
05/04/2023 05:05:06 AM [INFO] corpus - gcdc
05/04/2023 05:05:06 AM [INFO] sub_corpus - all
05/04/2023 05:05:06 AM [INFO] max_seq_len - 512
05/04/2023 05:05:06 AM [INFO] max_fact_count - 50
05/04/2023 05:05:06 AM [INFO] max_fact_seq_len - 50
05/04/2023 05:05:06 AM [INFO] permutation_count - 20
05/04/2023 05:05:06 AM [INFO] with_replacement - 1
05/04/2023 05:05:06 AM [INFO] train_dataset_count - 5689
05/04/2023 05:05:06 AM [INFO] val_dataset_count - 1077
05/04/2023 05:05:06 AM [INFO] test_dataset_count - None
05/04/2023 05:05:06 AM [INFO] inverse_pra - 0
05/04/2023 05:05:06 AM [INFO] task - sentence-score-prediction
05/04/2023 05:05:06 AM [INFO] enable_kldiv - False
05/04/2023 05:05:06 AM [INFO] label_smoothing - 0.1
05/04/2023 05:05:06 AM [INFO] inference - False
05/04/2023 05:05:06 AM [INFO] online_mode - 0
05/04/2023 05:05:06 AM [INFO] logger_exp_name - gcdc-All-mtl-vanilla-sentence-score-prediction-roberta-base
05/04/2023 05:05:06 AM [INFO] arch - mtl
05/04/2023 05:05:06 AM [INFO] disable_mtl - 0
05/04/2023 05:05:06 AM [INFO] mtl_base_arch - vanilla
05/04/2023 05:05:06 AM [INFO] model_name - roberta-base
05/04/2023 05:05:06 AM [INFO] tf2_model_name - roberta-base
05/04/2023 05:05:06 AM [INFO] use_pretrained_tf2 - 0
05/04/2023 05:05:06 AM [INFO] sentence_pooling - none
05/04/2023 05:05:06 AM [INFO] freeze_emb_layer - False
05/04/2023 05:05:06 AM [INFO] exp_count - 0
05/04/2023 05:05:06 AM [INFO] fp16 - 0
05/04/2023 05:05:06 AM [INFO] ------------------------------------------------------------
05/04/2023 05:05:06 AM [DEBUG] initiating training process...
05/04/2023 05:05:11 AM [DEBUG] ModelWrapper(
  (doc_encoder): TransformerModel(
    (tf2): RobertaModel(
      (embeddings): RobertaEmbeddings(
        (word_embeddings): Embedding(50265, 768, padding_idx=1)
        (position_embeddings): Embedding(514, 768, padding_idx=1)
        (token_type_embeddings): Embedding(1, 768)
        (LayerNorm): LayerNorm((768,), eps=1e-05, elementwise_affine=True)
        (dropout): Dropout(p=0.1, inplace=False)
      )
      (encoder): RobertaEncoder(
        (layer): ModuleList(
          (0): RobertaLayer(
            (attention): RobertaAttention(
              (self): RobertaSelfAttention(
                (query): Linear(in_features=768, out_features=768, bias=True)
                (key): Linear(in_features=768, out_features=768, bias=True)
                (value): Linear(in_features=768, out_features=768, bias=True)
                (dropout): Dropout(p=0.1, inplace=False)
              )
              (output): RobertaSelfOutput(
                (dense): Linear(in_features=768, out_features=768, bias=True)
                (LayerNorm): LayerNorm((768,), eps=1e-05, elementwise_affine=True)
                (dropout): Dropout(p=0.1, inplace=False)
              )
            )
            (intermediate): RobertaIntermediate(
              (dense): Linear(in_features=768, out_features=3072, bias=True)
            )
            (output): RobertaOutput(
              (dense): Linear(in_features=3072, out_features=768, bias=True)
              (LayerNorm): LayerNorm((768,), eps=1e-05, elementwise_affine=True)
              (dropout): Dropout(p=0.1, inplace=False)
            )
          )
          (1): RobertaLayer(
            (attention): RobertaAttention(
              (self): RobertaSelfAttention(
                (query): Linear(in_features=768, out_features=768, bias=True)
                (key): Linear(in_features=768, out_features=768, bias=True)
                (value): Linear(in_features=768, out_features=768, bias=True)
                (dropout): Dropout(p=0.1, inplace=False)
              )
              (output): RobertaSelfOutput(
                (dense): Linear(in_features=768, out_features=768, bias=True)
                (LayerNorm): LayerNorm((768,), eps=1e-05, elementwise_affine=True)
                (dropout): Dropout(p=0.1, inplace=False)
              )
            )
            (intermediate): RobertaIntermediate(
              (dense): Linear(in_features=768, out_features=3072, bias=True)
            )
            (output): RobertaOutput(
              (dense): Linear(in_features=3072, out_features=768, bias=True)
              (LayerNorm): LayerNorm((768,), eps=1e-05, elementwise_affine=True)
              (dropout): Dropout(p=0.1, inplace=False)
            )
          )
          (2): RobertaLayer(
            (attention): RobertaAttention(
              (self): RobertaSelfAttention(
                (query): Linear(in_features=768, out_features=768, bias=True)
                (key): Linear(in_features=768, out_features=768, bias=True)
                (value): Linear(in_features=768, out_features=768, bias=True)
                (dropout): Dropout(p=0.1, inplace=False)
              )
              (output): RobertaSelfOutput(
                (dense): Linear(in_features=768, out_features=768, bias=True)
                (LayerNorm): LayerNorm((768,), eps=1e-05, elementwise_affine=True)
                (dropout): Dropout(p=0.1, inplace=False)
              )
            )
            (intermediate): RobertaIntermediate(
              (dense): Linear(in_features=768, out_features=3072, bias=True)
            )
            (output): RobertaOutput(
              (dense): Linear(in_features=3072, out_features=768, bias=True)
              (LayerNorm): LayerNorm((768,), eps=1e-05, elementwise_affine=True)
              (dropout): Dropout(p=0.1, inplace=False)
            )
          )
          (3): RobertaLayer(
            (attention): RobertaAttention(
              (self): RobertaSelfAttention(
                (query): Linear(in_features=768, out_features=768, bias=True)
                (key): Linear(in_features=768, out_features=768, bias=True)
                (value): Linear(in_features=768, out_features=768, bias=True)
                (dropout): Dropout(p=0.1, inplace=False)
              )
              (output): RobertaSelfOutput(
                (dense): Linear(in_features=768, out_features=768, bias=True)
                (LayerNorm): LayerNorm((768,), eps=1e-05, elementwise_affine=True)
                (dropout): Dropout(p=0.1, inplace=False)
              )
            )
            (intermediate): RobertaIntermediate(
              (dense): Linear(in_features=768, out_features=3072, bias=True)
            )
            (output): RobertaOutput(
              (dense): Linear(in_features=3072, out_features=768, bias=True)
              (LayerNorm): LayerNorm((768,), eps=1e-05, elementwise_affine=True)
              (dropout): Dropout(p=0.1, inplace=False)
            )
          )
          (4): RobertaLayer(
            (attention): RobertaAttention(
              (self): RobertaSelfAttention(
                (query): Linear(in_features=768, out_features=768, bias=True)
                (key): Linear(in_features=768, out_features=768, bias=True)
                (value): Linear(in_features=768, out_features=768, bias=True)
                (dropout): Dropout(p=0.1, inplace=False)
              )
              (output): RobertaSelfOutput(
                (dense): Linear(in_features=768, out_features=768, bias=True)
                (LayerNorm): LayerNorm((768,), eps=1e-05, elementwise_affine=True)
                (dropout): Dropout(p=0.1, inplace=False)
              )
            )
            (intermediate): RobertaIntermediate(
              (dense): Linear(in_features=768, out_features=3072, bias=True)
            )
            (output): RobertaOutput(
              (dense): Linear(in_features=3072, out_features=768, bias=True)
              (LayerNorm): LayerNorm((768,), eps=1e-05, elementwise_affine=True)
              (dropout): Dropout(p=0.1, inplace=False)
            )
          )
          (5): RobertaLayer(
            (attention): RobertaAttention(
              (self): RobertaSelfAttention(
                (query): Linear(in_features=768, out_features=768, bias=True)
                (key): Linear(in_features=768, out_features=768, bias=True)
                (value): Linear(in_features=768, out_features=768, bias=True)
                (dropout): Dropout(p=0.1, inplace=False)
              )
              (output): RobertaSelfOutput(
                (dense): Linear(in_features=768, out_features=768, bias=True)
                (LayerNorm): LayerNorm((768,), eps=1e-05, elementwise_affine=True)
                (dropout): Dropout(p=0.1, inplace=False)
              )
            )
            (intermediate): RobertaIntermediate(
              (dense): Linear(in_features=768, out_features=3072, bias=True)
            )
            (output): RobertaOutput(
              (dense): Linear(in_features=3072, out_features=768, bias=True)
              (LayerNorm): LayerNorm((768,), eps=1e-05, elementwise_affine=True)
              (dropout): Dropout(p=0.1, inplace=False)
            )
          )
          (6): RobertaLayer(
            (attention): RobertaAttention(
              (self): RobertaSelfAttention(
                (query): Linear(in_features=768, out_features=768, bias=True)
                (key): Linear(in_features=768, out_features=768, bias=True)
                (value): Linear(in_features=768, out_features=768, bias=True)
                (dropout): Dropout(p=0.1, inplace=False)
              )
              (output): RobertaSelfOutput(
                (dense): Linear(in_features=768, out_features=768, bias=True)
                (LayerNorm): LayerNorm((768,), eps=1e-05, elementwise_affine=True)
                (dropout): Dropout(p=0.1, inplace=False)
              )
            )
            (intermediate): RobertaIntermediate(
              (dense): Linear(in_features=768, out_features=3072, bias=True)
            )
            (output): RobertaOutput(
              (dense): Linear(in_features=3072, out_features=768, bias=True)
              (LayerNorm): LayerNorm((768,), eps=1e-05, elementwise_affine=True)
              (dropout): Dropout(p=0.1, inplace=False)
            )
          )
          (7): RobertaLayer(
            (attention): RobertaAttention(
              (self): RobertaSelfAttention(
                (query): Linear(in_features=768, out_features=768, bias=True)
                (key): Linear(in_features=768, out_features=768, bias=True)
                (value): Linear(in_features=768, out_features=768, bias=True)
                (dropout): Dropout(p=0.1, inplace=False)
              )
              (output): RobertaSelfOutput(
                (dense): Linear(in_features=768, out_features=768, bias=True)
                (LayerNorm): LayerNorm((768,), eps=1e-05, elementwise_affine=True)
                (dropout): Dropout(p=0.1, inplace=False)
              )
            )
            (intermediate): RobertaIntermediate(
              (dense): Linear(in_features=768, out_features=3072, bias=True)
            )
            (output): RobertaOutput(
              (dense): Linear(in_features=3072, out_features=768, bias=True)
              (LayerNorm): LayerNorm((768,), eps=1e-05, elementwise_affine=True)
              (dropout): Dropout(p=0.1, inplace=False)
            )
          )
          (8): RobertaLayer(
            (attention): RobertaAttention(
              (self): RobertaSelfAttention(
                (query): Linear(in_features=768, out_features=768, bias=True)
                (key): Linear(in_features=768, out_features=768, bias=True)
                (value): Linear(in_features=768, out_features=768, bias=True)
                (dropout): Dropout(p=0.1, inplace=False)
              )
              (output): RobertaSelfOutput(
                (dense): Linear(in_features=768, out_features=768, bias=True)
                (LayerNorm): LayerNorm((768,), eps=1e-05, elementwise_affine=True)
                (dropout): Dropout(p=0.1, inplace=False)
              )
            )
            (intermediate): RobertaIntermediate(
              (dense): Linear(in_features=768, out_features=3072, bias=True)
            )
            (output): RobertaOutput(
              (dense): Linear(in_features=3072, out_features=768, bias=True)
              (LayerNorm): LayerNorm((768,), eps=1e-05, elementwise_affine=True)
              (dropout): Dropout(p=0.1, inplace=False)
            )
          )
          (9): RobertaLayer(
            (attention): RobertaAttention(
              (self): RobertaSelfAttention(
                (query): Linear(in_features=768, out_features=768, bias=True)
                (key): Linear(in_features=768, out_features=768, bias=True)
                (value): Linear(in_features=768, out_features=768, bias=True)
                (dropout): Dropout(p=0.1, inplace=False)
              )
              (output): RobertaSelfOutput(
                (dense): Linear(in_features=768, out_features=768, bias=True)
                (LayerNorm): LayerNorm((768,), eps=1e-05, elementwise_affine=True)
                (dropout): Dropout(p=0.1, inplace=False)
              )
            )
            (intermediate): RobertaIntermediate(
              (dense): Linear(in_features=768, out_features=3072, bias=True)
            )
            (output): RobertaOutput(
              (dense): Linear(in_features=3072, out_features=768, bias=True)
              (LayerNorm): LayerNorm((768,), eps=1e-05, elementwise_affine=True)
              (dropout): Dropout(p=0.1, inplace=False)
            )
          )
          (10): RobertaLayer(
            (attention): RobertaAttention(
              (self): RobertaSelfAttention(
                (query): Linear(in_features=768, out_features=768, bias=True)
                (key): Linear(in_features=768, out_features=768, bias=True)
                (value): Linear(in_features=768, out_features=768, bias=True)
                (dropout): Dropout(p=0.1, inplace=False)
              )
              (output): RobertaSelfOutput(
                (dense): Linear(in_features=768, out_features=768, bias=True)
                (LayerNorm): LayerNorm((768,), eps=1e-05, elementwise_affine=True)
                (dropout): Dropout(p=0.1, inplace=False)
              )
            )
            (intermediate): RobertaIntermediate(
              (dense): Linear(in_features=768, out_features=3072, bias=True)
            )
            (output): RobertaOutput(
              (dense): Linear(in_features=3072, out_features=768, bias=True)
              (LayerNorm): LayerNorm((768,), eps=1e-05, elementwise_affine=True)
              (dropout): Dropout(p=0.1, inplace=False)
            )
          )
          (11): RobertaLayer(
            (attention): RobertaAttention(
              (self): RobertaSelfAttention(
                (query): Linear(in_features=768, out_features=768, bias=True)
                (key): Linear(in_features=768, out_features=768, bias=True)
                (value): Linear(in_features=768, out_features=768, bias=True)
                (dropout): Dropout(p=0.1, inplace=False)
              )
              (output): RobertaSelfOutput(
                (dense): Linear(in_features=768, out_features=768, bias=True)
                (LayerNorm): LayerNorm((768,), eps=1e-05, elementwise_affine=True)
                (dropout): Dropout(p=0.1, inplace=False)
              )
            )
            (intermediate): RobertaIntermediate(
              (dense): Linear(in_features=768, out_features=3072, bias=True)
            )
            (output): RobertaOutput(
              (dense): Linear(in_features=3072, out_features=768, bias=True)
              (LayerNorm): LayerNorm((768,), eps=1e-05, elementwise_affine=True)
              (dropout): Dropout(p=0.1, inplace=False)
            )
          )
        )
      )
    )
  )
  (task_head): SentenceScorer(
    (dense): Linear(in_features=768, out_features=1, bias=True)
    (dropout): Dropout(p=0.1, inplace=False)
  )
  (te_task_head): TexClassificationHead(
    (dense): Linear(in_features=768, out_features=768, bias=True)
    (dropout): Dropout(p=0.1, inplace=False)
    (out_proj): Linear(in_features=768, out_features=2, bias=True)
  )
  (te_train_metric): Accuracy()
  (te_val_metric): Accuracy()
)
05/04/2023 05:05:11 AM [INFO] Model has 124647939 trainable parameters
05/04/2023 05:05:14 AM [DEBUG] about to start training loop...
05/04/2023 05:05:17 AM [INFO] epoch : 0 - average_val_loss : 4.554853, overall_val_spearman_score : -0.316228
05/04/2023 05:11:10 AM [INFO] epoch : 0 - average_val_loss : 0.556639, overall_val_spearman_score : 0.560210
05/04/2023 05:11:10 AM [INFO] epoch : 0 - average_val_te_loss : 0.689866, overall_val_te_acc : 0.541516
05/04/2023 05:13:02 AM [INFO] featurizing the gcdc corpus: all for task: sentence-score-prediction with model architecture: mtl
05/04/2023 05:13:06 AM [DEBUG] <<LOADING>> GCDC dataset from directory: /home2/devesh.marwah/Transformer-Models-for-Text-Coherence-Assessment/processed_data/GCDC
05/04/2023 05:13:06 AM [DEBUG] working on test dataset 
05/04/2023 05:13:06 AM [DEBUG] <Done>
05/04/2023 05:13:06 AM [DEBUG] ------------------------------------------------------------
05/04/2023 05:13:06 AM [INFO] post-processing the dataset
05/04/2023 05:13:06 AM [INFO] data preprocessed: 800, sentences preprocessed: 800
05/04/2023 05:13:06 AM [INFO] featurizing the datasets..
05/04/2023 05:13:06 AM [DEBUG] 800 data instance processed. max sent_seq_length: 512
05/04/2023 05:13:06 AM [DEBUG] ------------------------------------------------------------
05/04/2023 05:13:06 AM [INFO] featurizing the textual entailment corpus for task: sentence-score-prediction with model architecture: mtl
05/04/2023 05:13:10 AM [DEBUG] <<LOADING>> RTE dataset from directory: /home2/devesh.marwah/Transformer-Models-for-Text-Coherence-Assessment/processed_data/RTE
05/04/2023 05:13:10 AM [DEBUG] working on train dataset 
05/04/2023 05:13:10 AM [DEBUG] <Done>
05/04/2023 05:13:10 AM [DEBUG] working on dev dataset 
05/04/2023 05:13:10 AM [DEBUG] <Done>
05/04/2023 05:13:10 AM [DEBUG] ------------------------------------------------------------
05/04/2023 05:13:11 AM [DEBUG] ------------------------------------------------------------
05/04/2023 05:13:11 AM [DEBUG] ------------------------------------------------------------
05/04/2023 05:13:11 AM [INFO] 
command line argument captured ..
05/04/2023 05:13:11 AM [INFO] ------------------------------------------------------------
05/04/2023 05:13:11 AM [INFO] processed_dataset_path - /home2/devesh.marwah/Transformer-Models-for-Text-Coherence-Assessment/processed_data
05/04/2023 05:13:11 AM [INFO] checkpoint_path - /home2/devesh.marwah/Transformer-Models-for-Text-Coherence-Assessment/lightning_checkpoints/gcdc-All-mtl-vanilla-sentence-score-prediction-roberta-base/epoch=0.ckpt
05/04/2023 05:13:11 AM [INFO] gpus - 1
05/04/2023 05:13:11 AM [INFO] epochs - 10
05/04/2023 05:13:11 AM [INFO] batch_size - 2
05/04/2023 05:13:11 AM [INFO] learning_rate - 1e-06
05/04/2023 05:13:11 AM [INFO] clip_grad_norm - 0.0
05/04/2023 05:13:11 AM [INFO] weight_decay - 0.01
05/04/2023 05:13:11 AM [INFO] dropout_rate - 0.1
05/04/2023 05:13:11 AM [INFO] enable_scheduler - False
05/04/2023 05:13:11 AM [INFO] warmup_steps - 0.01
05/04/2023 05:13:11 AM [INFO] margin - 1.0
05/04/2023 05:13:11 AM [INFO] corpus - gcdc
05/04/2023 05:13:11 AM [INFO] sub_corpus - all
05/04/2023 05:13:11 AM [INFO] max_seq_len - 512
05/04/2023 05:13:11 AM [INFO] max_fact_count - 50
05/04/2023 05:13:11 AM [INFO] max_fact_seq_len - 50
05/04/2023 05:13:11 AM [INFO] permutation_count - 20
05/04/2023 05:13:11 AM [INFO] with_replacement - 1
05/04/2023 05:13:11 AM [INFO] train_dataset_count - None
05/04/2023 05:13:11 AM [INFO] val_dataset_count - None
05/04/2023 05:13:11 AM [INFO] test_dataset_count - 800
05/04/2023 05:13:11 AM [INFO] inverse_pra - 0
05/04/2023 05:13:11 AM [INFO] task - sentence-score-prediction
05/04/2023 05:13:11 AM [INFO] enable_kldiv - False
05/04/2023 05:13:11 AM [INFO] label_smoothing - 0.1
05/04/2023 05:13:11 AM [INFO] inference - True
05/04/2023 05:13:11 AM [INFO] online_mode - 0
05/04/2023 05:13:11 AM [INFO] logger_exp_name - gcdc-All-mtl-vanilla-sentence-score-prediction-roberta-base
05/04/2023 05:13:11 AM [INFO] arch - mtl
05/04/2023 05:13:11 AM [INFO] disable_mtl - 0
05/04/2023 05:13:11 AM [INFO] mtl_base_arch - vanilla
05/04/2023 05:13:11 AM [INFO] model_name - roberta-base
05/04/2023 05:13:11 AM [INFO] tf2_model_name - roberta-base
05/04/2023 05:13:11 AM [INFO] use_pretrained_tf2 - 0
05/04/2023 05:13:11 AM [INFO] sentence_pooling - none
05/04/2023 05:13:11 AM [INFO] freeze_emb_layer - True
05/04/2023 05:13:11 AM [INFO] exp_count - 0
05/04/2023 05:13:11 AM [INFO] fp16 - 0
05/04/2023 05:13:11 AM [INFO] ------------------------------------------------------------
05/04/2023 05:13:11 AM [DEBUG] initiating inference process...
05/04/2023 05:13:15 AM [INFO] frozed embedding layer
05/04/2023 05:13:15 AM [DEBUG] loading the model from checkpoint : /home2/devesh.marwah/Transformer-Models-for-Text-Coherence-Assessment/lightning_checkpoints/gcdc-All-mtl-vanilla-sentence-score-prediction-roberta-base/epoch=0.ckpt
05/04/2023 05:13:20 AM [INFO] frozed embedding layer
05/04/2023 05:13:20 AM [DEBUG] loaded model successfully !!!
05/04/2023 05:13:20 AM [INFO] testing on dataset : gcdc ( sub_dataset all ) on task : sentence-score-prediction
05/04/2023 05:13:41 AM [INFO] epoch : 0 - average_test_loss : 0.208090, overall_test_spearman_score : 0.581117
05/04/2023 05:13:41 AM [DEBUG] testing done !!!
05/04/2023 05:32:05 AM [INFO] featurizing the gcdc corpus: All for task: sentence-score-prediction with model architecture: mtl
05/04/2023 05:32:09 AM [DEBUG] <<LOADING>> GCDC dataset from directory: /home2/devesh.marwah/Transformer-Models-for-Text-Coherence-Assessment/processed_data/GCDC
05/04/2023 05:32:09 AM [DEBUG] working on test dataset 
05/04/2023 05:32:09 AM [DEBUG] <Done>
05/04/2023 05:32:09 AM [DEBUG] ------------------------------------------------------------
05/04/2023 05:32:09 AM [INFO] post-processing the dataset
05/04/2023 05:32:09 AM [INFO] data preprocessed: 800, sentences preprocessed: 800
05/04/2023 05:32:09 AM [INFO] featurizing the datasets..
05/04/2023 05:32:09 AM [DEBUG] 800 data instance processed. max sent_seq_length: 512
05/04/2023 05:32:09 AM [DEBUG] ------------------------------------------------------------
05/04/2023 05:32:09 AM [INFO] featurizing the textual entailment corpus for task: sentence-score-prediction with model architecture: mtl
05/04/2023 05:32:12 AM [DEBUG] <<LOADING>> RTE dataset from directory: /home2/devesh.marwah/Transformer-Models-for-Text-Coherence-Assessment/processed_data/RTE
05/04/2023 05:32:12 AM [DEBUG] working on train dataset 
05/04/2023 05:32:12 AM [DEBUG] <Done>
05/04/2023 05:32:12 AM [DEBUG] working on dev dataset 
05/04/2023 05:32:12 AM [DEBUG] <Done>
05/04/2023 05:32:12 AM [DEBUG] ------------------------------------------------------------
05/04/2023 05:32:13 AM [DEBUG] ------------------------------------------------------------
05/04/2023 05:32:13 AM [DEBUG] ------------------------------------------------------------
05/04/2023 05:32:13 AM [INFO] 
command line argument captured ..
05/04/2023 05:32:13 AM [INFO] ------------------------------------------------------------
05/04/2023 05:32:13 AM [INFO] processed_dataset_path - /home2/devesh.marwah/Transformer-Models-for-Text-Coherence-Assessment/processed_data
05/04/2023 05:32:13 AM [INFO] checkpoint_path - /home2/devesh.marwah/Transformer-Models-for-Text-Coherence-Assessment/lightning_checkpoints/gcdc-All-mtl-vanilla-sentence-score-prediction-roberta-base/epoch=0.ckpt
05/04/2023 05:32:13 AM [INFO] gpus - 1
05/04/2023 05:32:13 AM [INFO] epochs - 10
05/04/2023 05:32:13 AM [INFO] batch_size - 2
05/04/2023 05:32:13 AM [INFO] learning_rate - 1e-06
05/04/2023 05:32:13 AM [INFO] clip_grad_norm - 0.0
05/04/2023 05:32:13 AM [INFO] weight_decay - 0.01
05/04/2023 05:32:13 AM [INFO] dropout_rate - 0.1
05/04/2023 05:32:13 AM [INFO] enable_scheduler - False
05/04/2023 05:32:13 AM [INFO] warmup_steps - 0.01
05/04/2023 05:32:13 AM [INFO] margin - 1.0
05/04/2023 05:32:13 AM [INFO] corpus - gcdc
05/04/2023 05:32:13 AM [INFO] sub_corpus - All
05/04/2023 05:32:13 AM [INFO] max_seq_len - 512
05/04/2023 05:32:13 AM [INFO] max_fact_count - 50
05/04/2023 05:32:13 AM [INFO] max_fact_seq_len - 50
05/04/2023 05:32:13 AM [INFO] permutation_count - 20
05/04/2023 05:32:13 AM [INFO] with_replacement - 1
05/04/2023 05:32:13 AM [INFO] train_dataset_count - None
05/04/2023 05:32:13 AM [INFO] val_dataset_count - None
05/04/2023 05:32:13 AM [INFO] test_dataset_count - 800
05/04/2023 05:32:13 AM [INFO] inverse_pra - 0
05/04/2023 05:32:13 AM [INFO] task - sentence-score-prediction
05/04/2023 05:32:13 AM [INFO] enable_kldiv - False
05/04/2023 05:32:13 AM [INFO] label_smoothing - 0.1
05/04/2023 05:32:13 AM [INFO] inference - True
05/04/2023 05:32:13 AM [INFO] online_mode - 0
05/04/2023 05:32:13 AM [INFO] logger_exp_name - gcdc-All-mtl-vanilla-sentence-score-prediction-roberta-base
05/04/2023 05:32:13 AM [INFO] arch - mtl
05/04/2023 05:32:13 AM [INFO] disable_mtl - 0
05/04/2023 05:32:13 AM [INFO] mtl_base_arch - vanilla
05/04/2023 05:32:13 AM [INFO] model_name - roberta-base
05/04/2023 05:32:13 AM [INFO] tf2_model_name - roberta-base
05/04/2023 05:32:13 AM [INFO] use_pretrained_tf2 - 0
05/04/2023 05:32:13 AM [INFO] sentence_pooling - none
05/04/2023 05:32:13 AM [INFO] freeze_emb_layer - True
05/04/2023 05:32:13 AM [INFO] exp_count - 0
05/04/2023 05:32:13 AM [INFO] fp16 - 0
05/04/2023 05:32:13 AM [INFO] ------------------------------------------------------------
05/04/2023 05:32:13 AM [DEBUG] initiating inference process...
05/04/2023 05:32:17 AM [INFO] frozed embedding layer
05/04/2023 05:32:17 AM [DEBUG] loading the model from checkpoint : /home2/devesh.marwah/Transformer-Models-for-Text-Coherence-Assessment/lightning_checkpoints/gcdc-All-mtl-vanilla-sentence-score-prediction-roberta-base/epoch=0.ckpt
05/04/2023 05:32:22 AM [INFO] frozed embedding layer
05/04/2023 05:32:22 AM [DEBUG] loaded model successfully !!!
05/04/2023 05:32:22 AM [INFO] testing on dataset : gcdc ( sub_dataset All ) on task : sentence-score-prediction
05/04/2023 05:32:43 AM [INFO] epoch : 0 - average_test_loss : 0.208090, overall_test_spearman_score : 0.581117
05/04/2023 05:32:43 AM [DEBUG] testing done !!!
