05/04/2023 09:36:49 AM [INFO] featurizing the gcdc corpus: all for task: sentence-score-prediction with model architecture: fact-aware
05/04/2023 09:36:53 AM [DEBUG] <<LOADING>> GCDC dataset from directory: /home2/devesh.marwah/Transformer-Models-for-Text-Coherence-Assessment/processed_data/GCDC
05/04/2023 09:36:53 AM [DEBUG] working on train dataset 
05/04/2023 09:36:54 AM [DEBUG] <Done>
05/04/2023 09:36:54 AM [DEBUG] working on dev dataset 
05/04/2023 09:36:54 AM [DEBUG] <Done>
05/04/2023 09:36:54 AM [DEBUG] ------------------------------------------------------------
05/04/2023 09:36:54 AM [DEBUG] <<INTEGRATING>> factual information to GCDC dataset
05/04/2023 09:36:54 AM [DEBUG] working on train dataset (count: 3200)
05/04/2023 09:36:54 AM [DEBUG] 0 datapoints truncated (maximum seq length : 512)
05/04/2023 09:36:54 AM [DEBUG] 0 / 3200 datapoints contains no facts
05/04/2023 09:36:54 AM [DEBUG] working on dev dataset (count: 800)
05/04/2023 09:36:54 AM [DEBUG] 0 datapoints truncated (maximum seq length : 512)
05/04/2023 09:36:54 AM [DEBUG] 0 / 800 datapoints contains no facts
05/04/2023 09:36:54 AM [DEBUG] ------------------------------------------------------------
05/04/2023 09:36:54 AM [INFO] post-processing the dataset
05/04/2023 09:36:54 AM [INFO] data preprocessed: 3200, sentences preprocessed: 3200
05/04/2023 09:36:54 AM [INFO] fact preprocessed: 87013, max_fact_count_per_doc: 50
05/04/2023 09:36:58 AM [INFO] featurizing the datasets..
05/04/2023 09:36:59 AM [DEBUG] 3200 data instance processed. max sent_seq_length: 512
05/04/2023 09:36:59 AM [DEBUG] max fact_seq_length: 50
05/04/2023 09:37:16 AM [INFO] post-processing the dataset
05/04/2023 09:37:16 AM [INFO] data preprocessed: 800, sentences preprocessed: 800
05/04/2023 09:37:16 AM [INFO] fact preprocessed: 21875, max_fact_count_per_doc: 50
05/04/2023 09:37:17 AM [INFO] featurizing the datasets..
05/04/2023 09:37:17 AM [DEBUG] 800 data instance processed. max sent_seq_length: 512
05/04/2023 09:37:17 AM [DEBUG] max fact_seq_length: 50
05/04/2023 09:37:21 AM [DEBUG] ------------------------------------------------------------
05/04/2023 09:37:21 AM [INFO] 
command line argument captured ..
05/04/2023 09:37:21 AM [INFO] ------------------------------------------------------------
05/04/2023 09:37:21 AM [INFO] processed_dataset_path - /home2/devesh.marwah/Transformer-Models-for-Text-Coherence-Assessment/processed_data
05/04/2023 09:37:21 AM [INFO] checkpoint_path - /home2/devesh.marwah/Transformer-Models-for-Text-Coherence-Assessment/lightning_checkpoints
05/04/2023 09:37:21 AM [INFO] gpus - 1
05/04/2023 09:37:21 AM [INFO] epochs - 2
05/04/2023 09:37:21 AM [INFO] batch_size - 1
05/04/2023 09:37:21 AM [INFO] learning_rate - 1e-06
05/04/2023 09:37:21 AM [INFO] clip_grad_norm - 0.0
05/04/2023 09:37:21 AM [INFO] weight_decay - 0.01
05/04/2023 09:37:21 AM [INFO] dropout_rate - 0.1
05/04/2023 09:37:21 AM [INFO] enable_scheduler - False
05/04/2023 09:37:21 AM [INFO] warmup_steps - 0.01
05/04/2023 09:37:21 AM [INFO] margin - 1.0
05/04/2023 09:37:21 AM [INFO] corpus - gcdc
05/04/2023 09:37:21 AM [INFO] sub_corpus - all
05/04/2023 09:37:21 AM [INFO] max_seq_len - 512
05/04/2023 09:37:21 AM [INFO] max_fact_count - 50
05/04/2023 09:37:21 AM [INFO] max_fact_seq_len - 50
05/04/2023 09:37:21 AM [INFO] permutation_count - 20
05/04/2023 09:37:21 AM [INFO] with_replacement - 1
05/04/2023 09:37:21 AM [INFO] train_dataset_count - 3200
05/04/2023 09:37:21 AM [INFO] val_dataset_count - 800
05/04/2023 09:37:21 AM [INFO] test_dataset_count - None
05/04/2023 09:37:21 AM [INFO] inverse_pra - 0
05/04/2023 09:37:21 AM [INFO] task - sentence-score-prediction
05/04/2023 09:37:21 AM [INFO] enable_kldiv - False
05/04/2023 09:37:21 AM [INFO] label_smoothing - 0.1
05/04/2023 09:37:21 AM [INFO] inference - False
05/04/2023 09:37:21 AM [INFO] online_mode - 0
05/04/2023 09:37:21 AM [INFO] logger_exp_name - gcdc-All-fact-aware-sentence-score-prediction-roberta-base
05/04/2023 09:37:21 AM [INFO] arch - fact-aware
05/04/2023 09:37:21 AM [INFO] disable_mtl - 0
05/04/2023 09:37:21 AM [INFO] mtl_base_arch - vanilla
05/04/2023 09:37:21 AM [INFO] model_name - roberta-base
05/04/2023 09:37:21 AM [INFO] tf2_model_name - roberta-base
05/04/2023 09:37:21 AM [INFO] use_pretrained_tf2 - 0
05/04/2023 09:37:21 AM [INFO] sentence_pooling - none
05/04/2023 09:37:21 AM [INFO] freeze_emb_layer - False
05/04/2023 09:37:21 AM [INFO] exp_count - 0
05/04/2023 09:37:21 AM [INFO] fp16 - 0
05/04/2023 09:37:21 AM [INFO] ------------------------------------------------------------
05/04/2023 09:37:21 AM [DEBUG] initiating training process...
05/04/2023 09:37:29 AM [DEBUG] ModelWrapper(
  (doc_encoder): FactAwareModel(
    (tf1): RobertaModel(
      (embeddings): RobertaEmbeddings(
        (word_embeddings): Embedding(50265, 768, padding_idx=1)
        (position_embeddings): Embedding(514, 768, padding_idx=1)
        (token_type_embeddings): Embedding(1, 768)
        (LayerNorm): LayerNorm((768,), eps=1e-05, elementwise_affine=True)
        (dropout): Dropout(p=0.1, inplace=False)
      )
      (encoder): RobertaEncoder(
        (layer): ModuleList(
          (0): RobertaLayer(
            (attention): RobertaAttention(
              (self): RobertaSelfAttention(
                (query): Linear(in_features=768, out_features=768, bias=True)
                (key): Linear(in_features=768, out_features=768, bias=True)
                (value): Linear(in_features=768, out_features=768, bias=True)
                (dropout): Dropout(p=0.1, inplace=False)
              )
              (output): RobertaSelfOutput(
                (dense): Linear(in_features=768, out_features=768, bias=True)
                (LayerNorm): LayerNorm((768,), eps=1e-05, elementwise_affine=True)
                (dropout): Dropout(p=0.1, inplace=False)
              )
            )
            (intermediate): RobertaIntermediate(
              (dense): Linear(in_features=768, out_features=3072, bias=True)
            )
            (output): RobertaOutput(
              (dense): Linear(in_features=3072, out_features=768, bias=True)
              (LayerNorm): LayerNorm((768,), eps=1e-05, elementwise_affine=True)
              (dropout): Dropout(p=0.1, inplace=False)
            )
          )
          (1): RobertaLayer(
            (attention): RobertaAttention(
              (self): RobertaSelfAttention(
                (query): Linear(in_features=768, out_features=768, bias=True)
                (key): Linear(in_features=768, out_features=768, bias=True)
                (value): Linear(in_features=768, out_features=768, bias=True)
                (dropout): Dropout(p=0.1, inplace=False)
              )
              (output): RobertaSelfOutput(
                (dense): Linear(in_features=768, out_features=768, bias=True)
                (LayerNorm): LayerNorm((768,), eps=1e-05, elementwise_affine=True)
                (dropout): Dropout(p=0.1, inplace=False)
              )
            )
            (intermediate): RobertaIntermediate(
              (dense): Linear(in_features=768, out_features=3072, bias=True)
            )
            (output): RobertaOutput(
              (dense): Linear(in_features=3072, out_features=768, bias=True)
              (LayerNorm): LayerNorm((768,), eps=1e-05, elementwise_affine=True)
              (dropout): Dropout(p=0.1, inplace=False)
            )
          )
          (2): RobertaLayer(
            (attention): RobertaAttention(
              (self): RobertaSelfAttention(
                (query): Linear(in_features=768, out_features=768, bias=True)
                (key): Linear(in_features=768, out_features=768, bias=True)
                (value): Linear(in_features=768, out_features=768, bias=True)
                (dropout): Dropout(p=0.1, inplace=False)
              )
              (output): RobertaSelfOutput(
                (dense): Linear(in_features=768, out_features=768, bias=True)
                (LayerNorm): LayerNorm((768,), eps=1e-05, elementwise_affine=True)
                (dropout): Dropout(p=0.1, inplace=False)
              )
            )
            (intermediate): RobertaIntermediate(
              (dense): Linear(in_features=768, out_features=3072, bias=True)
            )
            (output): RobertaOutput(
              (dense): Linear(in_features=3072, out_features=768, bias=True)
              (LayerNorm): LayerNorm((768,), eps=1e-05, elementwise_affine=True)
              (dropout): Dropout(p=0.1, inplace=False)
            )
          )
          (3): RobertaLayer(
            (attention): RobertaAttention(
              (self): RobertaSelfAttention(
                (query): Linear(in_features=768, out_features=768, bias=True)
                (key): Linear(in_features=768, out_features=768, bias=True)
                (value): Linear(in_features=768, out_features=768, bias=True)
                (dropout): Dropout(p=0.1, inplace=False)
              )
              (output): RobertaSelfOutput(
                (dense): Linear(in_features=768, out_features=768, bias=True)
                (LayerNorm): LayerNorm((768,), eps=1e-05, elementwise_affine=True)
                (dropout): Dropout(p=0.1, inplace=False)
              )
            )
            (intermediate): RobertaIntermediate(
              (dense): Linear(in_features=768, out_features=3072, bias=True)
            )
            (output): RobertaOutput(
              (dense): Linear(in_features=3072, out_features=768, bias=True)
              (LayerNorm): LayerNorm((768,), eps=1e-05, elementwise_affine=True)
              (dropout): Dropout(p=0.1, inplace=False)
            )
          )
          (4): RobertaLayer(
            (attention): RobertaAttention(
              (self): RobertaSelfAttention(
                (query): Linear(in_features=768, out_features=768, bias=True)
                (key): Linear(in_features=768, out_features=768, bias=True)
                (value): Linear(in_features=768, out_features=768, bias=True)
                (dropout): Dropout(p=0.1, inplace=False)
              )
              (output): RobertaSelfOutput(
                (dense): Linear(in_features=768, out_features=768, bias=True)
                (LayerNorm): LayerNorm((768,), eps=1e-05, elementwise_affine=True)
                (dropout): Dropout(p=0.1, inplace=False)
              )
            )
            (intermediate): RobertaIntermediate(
              (dense): Linear(in_features=768, out_features=3072, bias=True)
            )
            (output): RobertaOutput(
              (dense): Linear(in_features=3072, out_features=768, bias=True)
              (LayerNorm): LayerNorm((768,), eps=1e-05, elementwise_affine=True)
              (dropout): Dropout(p=0.1, inplace=False)
            )
          )
          (5): RobertaLayer(
            (attention): RobertaAttention(
              (self): RobertaSelfAttention(
                (query): Linear(in_features=768, out_features=768, bias=True)
                (key): Linear(in_features=768, out_features=768, bias=True)
                (value): Linear(in_features=768, out_features=768, bias=True)
                (dropout): Dropout(p=0.1, inplace=False)
              )
              (output): RobertaSelfOutput(
                (dense): Linear(in_features=768, out_features=768, bias=True)
                (LayerNorm): LayerNorm((768,), eps=1e-05, elementwise_affine=True)
                (dropout): Dropout(p=0.1, inplace=False)
              )
            )
            (intermediate): RobertaIntermediate(
              (dense): Linear(in_features=768, out_features=3072, bias=True)
            )
            (output): RobertaOutput(
              (dense): Linear(in_features=3072, out_features=768, bias=True)
              (LayerNorm): LayerNorm((768,), eps=1e-05, elementwise_affine=True)
              (dropout): Dropout(p=0.1, inplace=False)
            )
          )
          (6): RobertaLayer(
            (attention): RobertaAttention(
              (self): RobertaSelfAttention(
                (query): Linear(in_features=768, out_features=768, bias=True)
                (key): Linear(in_features=768, out_features=768, bias=True)
                (value): Linear(in_features=768, out_features=768, bias=True)
                (dropout): Dropout(p=0.1, inplace=False)
              )
              (output): RobertaSelfOutput(
                (dense): Linear(in_features=768, out_features=768, bias=True)
                (LayerNorm): LayerNorm((768,), eps=1e-05, elementwise_affine=True)
                (dropout): Dropout(p=0.1, inplace=False)
              )
            )
            (intermediate): RobertaIntermediate(
              (dense): Linear(in_features=768, out_features=3072, bias=True)
            )
            (output): RobertaOutput(
              (dense): Linear(in_features=3072, out_features=768, bias=True)
              (LayerNorm): LayerNorm((768,), eps=1e-05, elementwise_affine=True)
              (dropout): Dropout(p=0.1, inplace=False)
            )
          )
          (7): RobertaLayer(
            (attention): RobertaAttention(
              (self): RobertaSelfAttention(
                (query): Linear(in_features=768, out_features=768, bias=True)
                (key): Linear(in_features=768, out_features=768, bias=True)
                (value): Linear(in_features=768, out_features=768, bias=True)
                (dropout): Dropout(p=0.1, inplace=False)
              )
              (output): RobertaSelfOutput(
                (dense): Linear(in_features=768, out_features=768, bias=True)
                (LayerNorm): LayerNorm((768,), eps=1e-05, elementwise_affine=True)
                (dropout): Dropout(p=0.1, inplace=False)
              )
            )
            (intermediate): RobertaIntermediate(
              (dense): Linear(in_features=768, out_features=3072, bias=True)
            )
            (output): RobertaOutput(
              (dense): Linear(in_features=3072, out_features=768, bias=True)
              (LayerNorm): LayerNorm((768,), eps=1e-05, elementwise_affine=True)
              (dropout): Dropout(p=0.1, inplace=False)
            )
          )
          (8): RobertaLayer(
            (attention): RobertaAttention(
              (self): RobertaSelfAttention(
                (query): Linear(in_features=768, out_features=768, bias=True)
                (key): Linear(in_features=768, out_features=768, bias=True)
                (value): Linear(in_features=768, out_features=768, bias=True)
                (dropout): Dropout(p=0.1, inplace=False)
              )
              (output): RobertaSelfOutput(
                (dense): Linear(in_features=768, out_features=768, bias=True)
                (LayerNorm): LayerNorm((768,), eps=1e-05, elementwise_affine=True)
                (dropout): Dropout(p=0.1, inplace=False)
              )
            )
            (intermediate): RobertaIntermediate(
              (dense): Linear(in_features=768, out_features=3072, bias=True)
            )
            (output): RobertaOutput(
              (dense): Linear(in_features=3072, out_features=768, bias=True)
              (LayerNorm): LayerNorm((768,), eps=1e-05, elementwise_affine=True)
              (dropout): Dropout(p=0.1, inplace=False)
            )
          )
          (9): RobertaLayer(
            (attention): RobertaAttention(
              (self): RobertaSelfAttention(
                (query): Linear(in_features=768, out_features=768, bias=True)
                (key): Linear(in_features=768, out_features=768, bias=True)
                (value): Linear(in_features=768, out_features=768, bias=True)
                (dropout): Dropout(p=0.1, inplace=False)
              )
              (output): RobertaSelfOutput(
                (dense): Linear(in_features=768, out_features=768, bias=True)
                (LayerNorm): LayerNorm((768,), eps=1e-05, elementwise_affine=True)
                (dropout): Dropout(p=0.1, inplace=False)
              )
            )
            (intermediate): RobertaIntermediate(
              (dense): Linear(in_features=768, out_features=3072, bias=True)
            )
            (output): RobertaOutput(
              (dense): Linear(in_features=3072, out_features=768, bias=True)
              (LayerNorm): LayerNorm((768,), eps=1e-05, elementwise_affine=True)
              (dropout): Dropout(p=0.1, inplace=False)
            )
          )
          (10): RobertaLayer(
            (attention): RobertaAttention(
              (self): RobertaSelfAttention(
                (query): Linear(in_features=768, out_features=768, bias=True)
                (key): Linear(in_features=768, out_features=768, bias=True)
                (value): Linear(in_features=768, out_features=768, bias=True)
                (dropout): Dropout(p=0.1, inplace=False)
              )
              (output): RobertaSelfOutput(
                (dense): Linear(in_features=768, out_features=768, bias=True)
                (LayerNorm): LayerNorm((768,), eps=1e-05, elementwise_affine=True)
                (dropout): Dropout(p=0.1, inplace=False)
              )
            )
            (intermediate): RobertaIntermediate(
              (dense): Linear(in_features=768, out_features=3072, bias=True)
            )
            (output): RobertaOutput(
              (dense): Linear(in_features=3072, out_features=768, bias=True)
              (LayerNorm): LayerNorm((768,), eps=1e-05, elementwise_affine=True)
              (dropout): Dropout(p=0.1, inplace=False)
            )
          )
          (11): RobertaLayer(
            (attention): RobertaAttention(
              (self): RobertaSelfAttention(
                (query): Linear(in_features=768, out_features=768, bias=True)
                (key): Linear(in_features=768, out_features=768, bias=True)
                (value): Linear(in_features=768, out_features=768, bias=True)
                (dropout): Dropout(p=0.1, inplace=False)
              )
              (output): RobertaSelfOutput(
                (dense): Linear(in_features=768, out_features=768, bias=True)
                (LayerNorm): LayerNorm((768,), eps=1e-05, elementwise_affine=True)
                (dropout): Dropout(p=0.1, inplace=False)
              )
            )
            (intermediate): RobertaIntermediate(
              (dense): Linear(in_features=768, out_features=3072, bias=True)
            )
            (output): RobertaOutput(
              (dense): Linear(in_features=3072, out_features=768, bias=True)
              (LayerNorm): LayerNorm((768,), eps=1e-05, elementwise_affine=True)
              (dropout): Dropout(p=0.1, inplace=False)
            )
          )
        )
      )
    )
    (tf2): RobertaModel(
      (embeddings): RobertaEmbeddings(
        (word_embeddings): Embedding(50265, 768, padding_idx=1)
        (position_embeddings): Embedding(514, 768, padding_idx=1)
        (token_type_embeddings): Embedding(1, 768)
        (LayerNorm): LayerNorm((768,), eps=1e-05, elementwise_affine=True)
        (dropout): Dropout(p=0.1, inplace=False)
      )
      (encoder): RobertaEncoder(
        (layer): ModuleList(
          (0): RobertaLayer(
            (attention): RobertaAttention(
              (self): RobertaSelfAttention(
                (query): Linear(in_features=768, out_features=768, bias=True)
                (key): Linear(in_features=768, out_features=768, bias=True)
                (value): Linear(in_features=768, out_features=768, bias=True)
                (dropout): Dropout(p=0.1, inplace=False)
              )
              (output): RobertaSelfOutput(
                (dense): Linear(in_features=768, out_features=768, bias=True)
                (LayerNorm): LayerNorm((768,), eps=1e-05, elementwise_affine=True)
                (dropout): Dropout(p=0.1, inplace=False)
              )
            )
            (intermediate): RobertaIntermediate(
              (dense): Linear(in_features=768, out_features=3072, bias=True)
            )
            (output): RobertaOutput(
              (dense): Linear(in_features=3072, out_features=768, bias=True)
              (LayerNorm): LayerNorm((768,), eps=1e-05, elementwise_affine=True)
              (dropout): Dropout(p=0.1, inplace=False)
            )
          )
          (1): RobertaLayer(
            (attention): RobertaAttention(
              (self): RobertaSelfAttention(
                (query): Linear(in_features=768, out_features=768, bias=True)
                (key): Linear(in_features=768, out_features=768, bias=True)
                (value): Linear(in_features=768, out_features=768, bias=True)
                (dropout): Dropout(p=0.1, inplace=False)
              )
              (output): RobertaSelfOutput(
                (dense): Linear(in_features=768, out_features=768, bias=True)
                (LayerNorm): LayerNorm((768,), eps=1e-05, elementwise_affine=True)
                (dropout): Dropout(p=0.1, inplace=False)
              )
            )
            (intermediate): RobertaIntermediate(
              (dense): Linear(in_features=768, out_features=3072, bias=True)
            )
            (output): RobertaOutput(
              (dense): Linear(in_features=3072, out_features=768, bias=True)
              (LayerNorm): LayerNorm((768,), eps=1e-05, elementwise_affine=True)
              (dropout): Dropout(p=0.1, inplace=False)
            )
          )
          (2): RobertaLayer(
            (attention): RobertaAttention(
              (self): RobertaSelfAttention(
                (query): Linear(in_features=768, out_features=768, bias=True)
                (key): Linear(in_features=768, out_features=768, bias=True)
                (value): Linear(in_features=768, out_features=768, bias=True)
                (dropout): Dropout(p=0.1, inplace=False)
              )
              (output): RobertaSelfOutput(
                (dense): Linear(in_features=768, out_features=768, bias=True)
                (LayerNorm): LayerNorm((768,), eps=1e-05, elementwise_affine=True)
                (dropout): Dropout(p=0.1, inplace=False)
              )
            )
            (intermediate): RobertaIntermediate(
              (dense): Linear(in_features=768, out_features=3072, bias=True)
            )
            (output): RobertaOutput(
              (dense): Linear(in_features=3072, out_features=768, bias=True)
              (LayerNorm): LayerNorm((768,), eps=1e-05, elementwise_affine=True)
              (dropout): Dropout(p=0.1, inplace=False)
            )
          )
          (3): RobertaLayer(
            (attention): RobertaAttention(
              (self): RobertaSelfAttention(
                (query): Linear(in_features=768, out_features=768, bias=True)
                (key): Linear(in_features=768, out_features=768, bias=True)
                (value): Linear(in_features=768, out_features=768, bias=True)
                (dropout): Dropout(p=0.1, inplace=False)
              )
              (output): RobertaSelfOutput(
                (dense): Linear(in_features=768, out_features=768, bias=True)
                (LayerNorm): LayerNorm((768,), eps=1e-05, elementwise_affine=True)
                (dropout): Dropout(p=0.1, inplace=False)
              )
            )
            (intermediate): RobertaIntermediate(
              (dense): Linear(in_features=768, out_features=3072, bias=True)
            )
            (output): RobertaOutput(
              (dense): Linear(in_features=3072, out_features=768, bias=True)
              (LayerNorm): LayerNorm((768,), eps=1e-05, elementwise_affine=True)
              (dropout): Dropout(p=0.1, inplace=False)
            )
          )
          (4): RobertaLayer(
            (attention): RobertaAttention(
              (self): RobertaSelfAttention(
                (query): Linear(in_features=768, out_features=768, bias=True)
                (key): Linear(in_features=768, out_features=768, bias=True)
                (value): Linear(in_features=768, out_features=768, bias=True)
                (dropout): Dropout(p=0.1, inplace=False)
              )
              (output): RobertaSelfOutput(
                (dense): Linear(in_features=768, out_features=768, bias=True)
                (LayerNorm): LayerNorm((768,), eps=1e-05, elementwise_affine=True)
                (dropout): Dropout(p=0.1, inplace=False)
              )
            )
            (intermediate): RobertaIntermediate(
              (dense): Linear(in_features=768, out_features=3072, bias=True)
            )
            (output): RobertaOutput(
              (dense): Linear(in_features=3072, out_features=768, bias=True)
              (LayerNorm): LayerNorm((768,), eps=1e-05, elementwise_affine=True)
              (dropout): Dropout(p=0.1, inplace=False)
            )
          )
          (5): RobertaLayer(
            (attention): RobertaAttention(
              (self): RobertaSelfAttention(
                (query): Linear(in_features=768, out_features=768, bias=True)
                (key): Linear(in_features=768, out_features=768, bias=True)
                (value): Linear(in_features=768, out_features=768, bias=True)
                (dropout): Dropout(p=0.1, inplace=False)
              )
              (output): RobertaSelfOutput(
                (dense): Linear(in_features=768, out_features=768, bias=True)
                (LayerNorm): LayerNorm((768,), eps=1e-05, elementwise_affine=True)
                (dropout): Dropout(p=0.1, inplace=False)
              )
            )
            (intermediate): RobertaIntermediate(
              (dense): Linear(in_features=768, out_features=3072, bias=True)
            )
            (output): RobertaOutput(
              (dense): Linear(in_features=3072, out_features=768, bias=True)
              (LayerNorm): LayerNorm((768,), eps=1e-05, elementwise_affine=True)
              (dropout): Dropout(p=0.1, inplace=False)
            )
          )
          (6): RobertaLayer(
            (attention): RobertaAttention(
              (self): RobertaSelfAttention(
                (query): Linear(in_features=768, out_features=768, bias=True)
                (key): Linear(in_features=768, out_features=768, bias=True)
                (value): Linear(in_features=768, out_features=768, bias=True)
                (dropout): Dropout(p=0.1, inplace=False)
              )
              (output): RobertaSelfOutput(
                (dense): Linear(in_features=768, out_features=768, bias=True)
                (LayerNorm): LayerNorm((768,), eps=1e-05, elementwise_affine=True)
                (dropout): Dropout(p=0.1, inplace=False)
              )
            )
            (intermediate): RobertaIntermediate(
              (dense): Linear(in_features=768, out_features=3072, bias=True)
            )
            (output): RobertaOutput(
              (dense): Linear(in_features=3072, out_features=768, bias=True)
              (LayerNorm): LayerNorm((768,), eps=1e-05, elementwise_affine=True)
              (dropout): Dropout(p=0.1, inplace=False)
            )
          )
          (7): RobertaLayer(
            (attention): RobertaAttention(
              (self): RobertaSelfAttention(
                (query): Linear(in_features=768, out_features=768, bias=True)
                (key): Linear(in_features=768, out_features=768, bias=True)
                (value): Linear(in_features=768, out_features=768, bias=True)
                (dropout): Dropout(p=0.1, inplace=False)
              )
              (output): RobertaSelfOutput(
                (dense): Linear(in_features=768, out_features=768, bias=True)
                (LayerNorm): LayerNorm((768,), eps=1e-05, elementwise_affine=True)
                (dropout): Dropout(p=0.1, inplace=False)
              )
            )
            (intermediate): RobertaIntermediate(
              (dense): Linear(in_features=768, out_features=3072, bias=True)
            )
            (output): RobertaOutput(
              (dense): Linear(in_features=3072, out_features=768, bias=True)
              (LayerNorm): LayerNorm((768,), eps=1e-05, elementwise_affine=True)
              (dropout): Dropout(p=0.1, inplace=False)
            )
          )
          (8): RobertaLayer(
            (attention): RobertaAttention(
              (self): RobertaSelfAttention(
                (query): Linear(in_features=768, out_features=768, bias=True)
                (key): Linear(in_features=768, out_features=768, bias=True)
                (value): Linear(in_features=768, out_features=768, bias=True)
                (dropout): Dropout(p=0.1, inplace=False)
              )
              (output): RobertaSelfOutput(
                (dense): Linear(in_features=768, out_features=768, bias=True)
                (LayerNorm): LayerNorm((768,), eps=1e-05, elementwise_affine=True)
                (dropout): Dropout(p=0.1, inplace=False)
              )
            )
            (intermediate): RobertaIntermediate(
              (dense): Linear(in_features=768, out_features=3072, bias=True)
            )
            (output): RobertaOutput(
              (dense): Linear(in_features=3072, out_features=768, bias=True)
              (LayerNorm): LayerNorm((768,), eps=1e-05, elementwise_affine=True)
              (dropout): Dropout(p=0.1, inplace=False)
            )
          )
          (9): RobertaLayer(
            (attention): RobertaAttention(
              (self): RobertaSelfAttention(
                (query): Linear(in_features=768, out_features=768, bias=True)
                (key): Linear(in_features=768, out_features=768, bias=True)
                (value): Linear(in_features=768, out_features=768, bias=True)
                (dropout): Dropout(p=0.1, inplace=False)
              )
              (output): RobertaSelfOutput(
                (dense): Linear(in_features=768, out_features=768, bias=True)
                (LayerNorm): LayerNorm((768,), eps=1e-05, elementwise_affine=True)
                (dropout): Dropout(p=0.1, inplace=False)
              )
            )
            (intermediate): RobertaIntermediate(
              (dense): Linear(in_features=768, out_features=3072, bias=True)
            )
            (output): RobertaOutput(
              (dense): Linear(in_features=3072, out_features=768, bias=True)
              (LayerNorm): LayerNorm((768,), eps=1e-05, elementwise_affine=True)
              (dropout): Dropout(p=0.1, inplace=False)
            )
          )
          (10): RobertaLayer(
            (attention): RobertaAttention(
              (self): RobertaSelfAttention(
                (query): Linear(in_features=768, out_features=768, bias=True)
                (key): Linear(in_features=768, out_features=768, bias=True)
                (value): Linear(in_features=768, out_features=768, bias=True)
                (dropout): Dropout(p=0.1, inplace=False)
              )
              (output): RobertaSelfOutput(
                (dense): Linear(in_features=768, out_features=768, bias=True)
                (LayerNorm): LayerNorm((768,), eps=1e-05, elementwise_affine=True)
                (dropout): Dropout(p=0.1, inplace=False)
              )
            )
            (intermediate): RobertaIntermediate(
              (dense): Linear(in_features=768, out_features=3072, bias=True)
            )
            (output): RobertaOutput(
              (dense): Linear(in_features=3072, out_features=768, bias=True)
              (LayerNorm): LayerNorm((768,), eps=1e-05, elementwise_affine=True)
              (dropout): Dropout(p=0.1, inplace=False)
            )
          )
          (11): RobertaLayer(
            (attention): RobertaAttention(
              (self): RobertaSelfAttention(
                (query): Linear(in_features=768, out_features=768, bias=True)
                (key): Linear(in_features=768, out_features=768, bias=True)
                (value): Linear(in_features=768, out_features=768, bias=True)
                (dropout): Dropout(p=0.1, inplace=False)
              )
              (output): RobertaSelfOutput(
                (dense): Linear(in_features=768, out_features=768, bias=True)
                (LayerNorm): LayerNorm((768,), eps=1e-05, elementwise_affine=True)
                (dropout): Dropout(p=0.1, inplace=False)
              )
            )
            (intermediate): RobertaIntermediate(
              (dense): Linear(in_features=768, out_features=3072, bias=True)
            )
            (output): RobertaOutput(
              (dense): Linear(in_features=3072, out_features=768, bias=True)
              (LayerNorm): LayerNorm((768,), eps=1e-05, elementwise_affine=True)
              (dropout): Dropout(p=0.1, inplace=False)
            )
          )
        )
      )
      (pooler): RobertaPooler(
        (dense): Linear(in_features=768, out_features=768, bias=True)
        (activation): Tanh()
      )
    )
  )
  (task_head): SentenceScorer(
    (dense): Linear(in_features=768, out_features=1, bias=True)
    (dropout): Dropout(p=0.1, inplace=False)
  )
)
05/04/2023 09:37:29 AM [INFO] Model has 248701441 trainable parameters
05/04/2023 09:37:33 AM [DEBUG] about to start training loop...
05/04/2023 09:37:35 AM [INFO] epoch : 0 - average_val_loss : 9.071737, overall_val_spearman_score : 1.000000
05/04/2023 09:49:38 AM [INFO] epoch : 0 - average_val_loss : 0.324351, overall_val_spearman_score : 0.556355
05/04/2023 09:52:03 AM [INFO] featurizing the gcdc corpus: All for task: sentence-score-prediction with model architecture: fact-aware
05/04/2023 09:52:07 AM [DEBUG] <<LOADING>> GCDC dataset from directory: /home2/devesh.marwah/Transformer-Models-for-Text-Coherence-Assessment/processed_data/GCDC
05/04/2023 09:52:07 AM [DEBUG] working on test dataset 
05/04/2023 09:52:08 AM [DEBUG] <Done>
05/04/2023 09:52:08 AM [DEBUG] ------------------------------------------------------------
05/04/2023 09:52:08 AM [DEBUG] <<INTEGRATING>> factual information to GCDC dataset
05/04/2023 09:52:08 AM [DEBUG] working on test dataset (count: 800)
05/04/2023 09:52:08 AM [DEBUG] 0 datapoints truncated (maximum seq length : 512)
05/04/2023 09:52:08 AM [DEBUG] 0 / 800 datapoints contains no facts
05/04/2023 09:52:08 AM [DEBUG] ------------------------------------------------------------
05/04/2023 09:52:08 AM [INFO] post-processing the dataset
05/04/2023 09:52:08 AM [INFO] data preprocessed: 800, sentences preprocessed: 800
05/04/2023 09:52:08 AM [INFO] fact preprocessed: 22123, max_fact_count_per_doc: 50
05/04/2023 09:52:08 AM [INFO] featurizing the datasets..
05/04/2023 09:52:09 AM [DEBUG] 800 data instance processed. max sent_seq_length: 512
05/04/2023 09:52:09 AM [DEBUG] max fact_seq_length: 50
05/04/2023 09:52:12 AM [DEBUG] ------------------------------------------------------------
05/04/2023 09:52:12 AM [INFO] 
command line argument captured ..
05/04/2023 09:52:12 AM [INFO] ------------------------------------------------------------
05/04/2023 09:52:12 AM [INFO] processed_dataset_path - /home2/devesh.marwah/Transformer-Models-for-Text-Coherence-Assessment/processed_data
05/04/2023 09:52:12 AM [INFO] checkpoint_path - /home2/devesh.marwah/Transformer-Models-for-Text-Coherence-Assessment/lightning_checkpoints/gcdc-All-fact-aware-sentence-score-prediction-roberta-base/epoch=0.ckpt
05/04/2023 09:52:12 AM [INFO] gpus - 1
05/04/2023 09:52:12 AM [INFO] epochs - 10
05/04/2023 09:52:12 AM [INFO] batch_size - 2
05/04/2023 09:52:12 AM [INFO] learning_rate - 1e-06
05/04/2023 09:52:12 AM [INFO] clip_grad_norm - 0.0
05/04/2023 09:52:12 AM [INFO] weight_decay - 0.01
05/04/2023 09:52:12 AM [INFO] dropout_rate - 0.1
05/04/2023 09:52:12 AM [INFO] enable_scheduler - False
05/04/2023 09:52:12 AM [INFO] warmup_steps - 0.01
05/04/2023 09:52:12 AM [INFO] margin - 1.0
05/04/2023 09:52:12 AM [INFO] corpus - gcdc
05/04/2023 09:52:12 AM [INFO] sub_corpus - All
05/04/2023 09:52:12 AM [INFO] max_seq_len - 512
05/04/2023 09:52:12 AM [INFO] max_fact_count - 50
05/04/2023 09:52:12 AM [INFO] max_fact_seq_len - 50
05/04/2023 09:52:12 AM [INFO] permutation_count - 20
05/04/2023 09:52:12 AM [INFO] with_replacement - 1
05/04/2023 09:52:12 AM [INFO] train_dataset_count - None
05/04/2023 09:52:12 AM [INFO] val_dataset_count - None
05/04/2023 09:52:12 AM [INFO] test_dataset_count - 800
05/04/2023 09:52:12 AM [INFO] inverse_pra - 0
05/04/2023 09:52:12 AM [INFO] task - sentence-score-prediction
05/04/2023 09:52:12 AM [INFO] enable_kldiv - False
05/04/2023 09:52:12 AM [INFO] label_smoothing - 0.1
05/04/2023 09:52:12 AM [INFO] inference - True
05/04/2023 09:52:12 AM [INFO] online_mode - 0
05/04/2023 09:52:12 AM [INFO] logger_exp_name - gcdc-All-fact-aware-sentence-score-prediction-roberta-base
05/04/2023 09:52:12 AM [INFO] arch - fact-aware
05/04/2023 09:52:12 AM [INFO] disable_mtl - 0
05/04/2023 09:52:12 AM [INFO] mtl_base_arch - vanilla
05/04/2023 09:52:12 AM [INFO] model_name - roberta-base
05/04/2023 09:52:12 AM [INFO] tf2_model_name - roberta-base
05/04/2023 09:52:12 AM [INFO] use_pretrained_tf2 - 0
05/04/2023 09:52:12 AM [INFO] sentence_pooling - none
05/04/2023 09:52:12 AM [INFO] freeze_emb_layer - True
05/04/2023 09:52:12 AM [INFO] exp_count - 0
05/04/2023 09:52:12 AM [INFO] fp16 - 0
05/04/2023 09:52:12 AM [INFO] ------------------------------------------------------------
05/04/2023 09:52:12 AM [DEBUG] initiating inference process...
05/04/2023 09:52:20 AM [INFO] frozed embedding layer
05/04/2023 09:52:20 AM [DEBUG] loading the model from checkpoint : /home2/devesh.marwah/Transformer-Models-for-Text-Coherence-Assessment/lightning_checkpoints/gcdc-All-fact-aware-sentence-score-prediction-roberta-base/epoch=0.ckpt
05/04/2023 09:52:53 AM [INFO] frozed embedding layer
05/04/2023 09:52:54 AM [DEBUG] loaded model successfully !!!
05/04/2023 09:52:54 AM [INFO] testing on dataset : gcdc ( sub_dataset All ) on task : sentence-score-prediction
05/04/2023 09:53:42 AM [INFO] epoch : 0 - average_test_loss : 0.274303, overall_test_spearman_score : 0.588102
05/04/2023 09:53:42 AM [DEBUG] testing done !!!
