05/04/2023 04:17:04 PM [INFO] featurizing the wsj corpus for task: sentence-ordering with model architecture: vanilla
05/04/2023 04:17:08 PM [DEBUG] <<LOADING>> WSJ dataset from directory: /home2/devesh.marwah/Transformer-Models-for-Text-Coherence-Assessment/processed_data/WSJ
05/04/2023 04:17:08 PM [DEBUG] working on train dataset 
05/04/2023 04:17:08 PM [DEBUG] <Done>
05/04/2023 04:17:08 PM [DEBUG] working on dev dataset 
05/04/2023 04:17:08 PM [DEBUG] <Done>
05/04/2023 04:17:08 PM [DEBUG] ------------------------------------------------------------
05/04/2023 04:17:09 PM [INFO] single sentence doc count: 21, total doc count: 1099, obtained permutation dataset count: 21560
05/04/2023 04:17:09 PM [INFO] single sentence doc count: 4, total doc count: 400, obtained permutation dataset count: 7920
05/04/2023 04:17:09 PM [INFO] post-processing the dataset
05/04/2023 04:17:09 PM [INFO] data preprocessed: 21560, sentences preprocessed: 43120
05/04/2023 04:17:24 PM [INFO] featurizing the datasets..
05/04/2023 04:17:24 PM [DEBUG] 21560 data instance processed. max sent_seq_length: 512
05/04/2023 04:17:50 PM [INFO] post-processing the dataset
05/04/2023 04:17:50 PM [INFO] data preprocessed: 7920, sentences preprocessed: 15840
05/04/2023 04:17:54 PM [INFO] featurizing the datasets..
05/04/2023 04:17:54 PM [DEBUG] 7920 data instance processed. max sent_seq_length: 512
05/04/2023 04:18:04 PM [DEBUG] ------------------------------------------------------------
05/04/2023 04:18:04 PM [INFO] label distribution in train dataset (total count: 21560)
05/04/2023 04:18:04 PM [INFO] {1: 10780, -1: 10780}
05/04/2023 04:18:04 PM [INFO] label distribution in dev dataset (total count: 7920)
05/04/2023 04:18:04 PM [INFO] {1: 3960, -1: 3960}
05/04/2023 04:18:04 PM [DEBUG] ------------------------------------------------------------
05/04/2023 04:18:04 PM [INFO] 
command line argument captured ..
05/04/2023 04:18:04 PM [INFO] ------------------------------------------------------------
05/04/2023 04:18:04 PM [INFO] processed_dataset_path - /home2/devesh.marwah/Transformer-Models-for-Text-Coherence-Assessment/processed_data
05/04/2023 04:18:04 PM [INFO] checkpoint_path - /home2/devesh.marwah/Transformer-Models-for-Text-Coherence-Assessment/lightning_checkpoints
05/04/2023 04:18:04 PM [INFO] gpus - 1
05/04/2023 04:18:04 PM [INFO] epochs - 2
05/04/2023 04:18:04 PM [INFO] batch_size - 2
05/04/2023 04:18:04 PM [INFO] learning_rate - 1e-06
05/04/2023 04:18:04 PM [INFO] clip_grad_norm - 0.0
05/04/2023 04:18:04 PM [INFO] weight_decay - 0.01
05/04/2023 04:18:04 PM [INFO] dropout_rate - 0.1
05/04/2023 04:18:04 PM [INFO] enable_scheduler - False
05/04/2023 04:18:04 PM [INFO] warmup_steps - 0.01
05/04/2023 04:18:04 PM [INFO] margin - 1.0
05/04/2023 04:18:04 PM [INFO] corpus - wsj
05/04/2023 04:18:04 PM [INFO] sub_corpus - all
05/04/2023 04:18:04 PM [INFO] max_seq_len - 512
05/04/2023 04:18:04 PM [INFO] max_fact_count - 50
05/04/2023 04:18:04 PM [INFO] max_fact_seq_len - 50
05/04/2023 04:18:04 PM [INFO] permutation_count - 20
05/04/2023 04:18:04 PM [INFO] with_replacement - 1
05/04/2023 04:18:04 PM [INFO] train_dataset_count - 21560
05/04/2023 04:18:04 PM [INFO] val_dataset_count - 7920
05/04/2023 04:18:04 PM [INFO] test_dataset_count - None
05/04/2023 04:18:04 PM [INFO] inverse_pra - 0
05/04/2023 04:18:04 PM [INFO] task - sentence-ordering
05/04/2023 04:18:04 PM [INFO] enable_kldiv - False
05/04/2023 04:18:04 PM [INFO] label_smoothing - 0.1
05/04/2023 04:18:04 PM [INFO] inference - False
05/04/2023 04:18:04 PM [INFO] online_mode - 0
05/04/2023 04:18:04 PM [INFO] logger_exp_name - wsj-vanilla-sentence-ordering-roberta-base
05/04/2023 04:18:04 PM [INFO] arch - vanilla
05/04/2023 04:18:04 PM [INFO] disable_mtl - 0
05/04/2023 04:18:04 PM [INFO] mtl_base_arch - vanilla
05/04/2023 04:18:04 PM [INFO] model_name - roberta-base
05/04/2023 04:18:04 PM [INFO] tf2_model_name - roberta-base
05/04/2023 04:18:04 PM [INFO] use_pretrained_tf2 - 0
05/04/2023 04:18:04 PM [INFO] sentence_pooling - none
05/04/2023 04:18:04 PM [INFO] freeze_emb_layer - False
05/04/2023 04:18:04 PM [INFO] exp_count - 0
05/04/2023 04:18:04 PM [INFO] fp16 - 0
05/04/2023 04:18:04 PM [INFO] ------------------------------------------------------------
05/04/2023 04:18:04 PM [DEBUG] initiating training process...
05/04/2023 04:18:08 PM [DEBUG] ModelWrapper(
  (doc_encoder): TransformerModel(
    (tf2): RobertaModel(
      (embeddings): RobertaEmbeddings(
        (word_embeddings): Embedding(50265, 768, padding_idx=1)
        (position_embeddings): Embedding(514, 768, padding_idx=1)
        (token_type_embeddings): Embedding(1, 768)
        (LayerNorm): LayerNorm((768,), eps=1e-05, elementwise_affine=True)
        (dropout): Dropout(p=0.1, inplace=False)
      )
      (encoder): RobertaEncoder(
        (layer): ModuleList(
          (0): RobertaLayer(
            (attention): RobertaAttention(
              (self): RobertaSelfAttention(
                (query): Linear(in_features=768, out_features=768, bias=True)
                (key): Linear(in_features=768, out_features=768, bias=True)
                (value): Linear(in_features=768, out_features=768, bias=True)
                (dropout): Dropout(p=0.1, inplace=False)
              )
              (output): RobertaSelfOutput(
                (dense): Linear(in_features=768, out_features=768, bias=True)
                (LayerNorm): LayerNorm((768,), eps=1e-05, elementwise_affine=True)
                (dropout): Dropout(p=0.1, inplace=False)
              )
            )
            (intermediate): RobertaIntermediate(
              (dense): Linear(in_features=768, out_features=3072, bias=True)
            )
            (output): RobertaOutput(
              (dense): Linear(in_features=3072, out_features=768, bias=True)
              (LayerNorm): LayerNorm((768,), eps=1e-05, elementwise_affine=True)
              (dropout): Dropout(p=0.1, inplace=False)
            )
          )
          (1): RobertaLayer(
            (attention): RobertaAttention(
              (self): RobertaSelfAttention(
                (query): Linear(in_features=768, out_features=768, bias=True)
                (key): Linear(in_features=768, out_features=768, bias=True)
                (value): Linear(in_features=768, out_features=768, bias=True)
                (dropout): Dropout(p=0.1, inplace=False)
              )
              (output): RobertaSelfOutput(
                (dense): Linear(in_features=768, out_features=768, bias=True)
                (LayerNorm): LayerNorm((768,), eps=1e-05, elementwise_affine=True)
                (dropout): Dropout(p=0.1, inplace=False)
              )
            )
            (intermediate): RobertaIntermediate(
              (dense): Linear(in_features=768, out_features=3072, bias=True)
            )
            (output): RobertaOutput(
              (dense): Linear(in_features=3072, out_features=768, bias=True)
              (LayerNorm): LayerNorm((768,), eps=1e-05, elementwise_affine=True)
              (dropout): Dropout(p=0.1, inplace=False)
            )
          )
          (2): RobertaLayer(
            (attention): RobertaAttention(
              (self): RobertaSelfAttention(
                (query): Linear(in_features=768, out_features=768, bias=True)
                (key): Linear(in_features=768, out_features=768, bias=True)
                (value): Linear(in_features=768, out_features=768, bias=True)
                (dropout): Dropout(p=0.1, inplace=False)
              )
              (output): RobertaSelfOutput(
                (dense): Linear(in_features=768, out_features=768, bias=True)
                (LayerNorm): LayerNorm((768,), eps=1e-05, elementwise_affine=True)
                (dropout): Dropout(p=0.1, inplace=False)
              )
            )
            (intermediate): RobertaIntermediate(
              (dense): Linear(in_features=768, out_features=3072, bias=True)
            )
            (output): RobertaOutput(
              (dense): Linear(in_features=3072, out_features=768, bias=True)
              (LayerNorm): LayerNorm((768,), eps=1e-05, elementwise_affine=True)
              (dropout): Dropout(p=0.1, inplace=False)
            )
          )
          (3): RobertaLayer(
            (attention): RobertaAttention(
              (self): RobertaSelfAttention(
                (query): Linear(in_features=768, out_features=768, bias=True)
                (key): Linear(in_features=768, out_features=768, bias=True)
                (value): Linear(in_features=768, out_features=768, bias=True)
                (dropout): Dropout(p=0.1, inplace=False)
              )
              (output): RobertaSelfOutput(
                (dense): Linear(in_features=768, out_features=768, bias=True)
                (LayerNorm): LayerNorm((768,), eps=1e-05, elementwise_affine=True)
                (dropout): Dropout(p=0.1, inplace=False)
              )
            )
            (intermediate): RobertaIntermediate(
              (dense): Linear(in_features=768, out_features=3072, bias=True)
            )
            (output): RobertaOutput(
              (dense): Linear(in_features=3072, out_features=768, bias=True)
              (LayerNorm): LayerNorm((768,), eps=1e-05, elementwise_affine=True)
              (dropout): Dropout(p=0.1, inplace=False)
            )
          )
          (4): RobertaLayer(
            (attention): RobertaAttention(
              (self): RobertaSelfAttention(
                (query): Linear(in_features=768, out_features=768, bias=True)
                (key): Linear(in_features=768, out_features=768, bias=True)
                (value): Linear(in_features=768, out_features=768, bias=True)
                (dropout): Dropout(p=0.1, inplace=False)
              )
              (output): RobertaSelfOutput(
                (dense): Linear(in_features=768, out_features=768, bias=True)
                (LayerNorm): LayerNorm((768,), eps=1e-05, elementwise_affine=True)
                (dropout): Dropout(p=0.1, inplace=False)
              )
            )
            (intermediate): RobertaIntermediate(
              (dense): Linear(in_features=768, out_features=3072, bias=True)
            )
            (output): RobertaOutput(
              (dense): Linear(in_features=3072, out_features=768, bias=True)
              (LayerNorm): LayerNorm((768,), eps=1e-05, elementwise_affine=True)
              (dropout): Dropout(p=0.1, inplace=False)
            )
          )
          (5): RobertaLayer(
            (attention): RobertaAttention(
              (self): RobertaSelfAttention(
                (query): Linear(in_features=768, out_features=768, bias=True)
                (key): Linear(in_features=768, out_features=768, bias=True)
                (value): Linear(in_features=768, out_features=768, bias=True)
                (dropout): Dropout(p=0.1, inplace=False)
              )
              (output): RobertaSelfOutput(
                (dense): Linear(in_features=768, out_features=768, bias=True)
                (LayerNorm): LayerNorm((768,), eps=1e-05, elementwise_affine=True)
                (dropout): Dropout(p=0.1, inplace=False)
              )
            )
            (intermediate): RobertaIntermediate(
              (dense): Linear(in_features=768, out_features=3072, bias=True)
            )
            (output): RobertaOutput(
              (dense): Linear(in_features=3072, out_features=768, bias=True)
              (LayerNorm): LayerNorm((768,), eps=1e-05, elementwise_affine=True)
              (dropout): Dropout(p=0.1, inplace=False)
            )
          )
          (6): RobertaLayer(
            (attention): RobertaAttention(
              (self): RobertaSelfAttention(
                (query): Linear(in_features=768, out_features=768, bias=True)
                (key): Linear(in_features=768, out_features=768, bias=True)
                (value): Linear(in_features=768, out_features=768, bias=True)
                (dropout): Dropout(p=0.1, inplace=False)
              )
              (output): RobertaSelfOutput(
                (dense): Linear(in_features=768, out_features=768, bias=True)
                (LayerNorm): LayerNorm((768,), eps=1e-05, elementwise_affine=True)
                (dropout): Dropout(p=0.1, inplace=False)
              )
            )
            (intermediate): RobertaIntermediate(
              (dense): Linear(in_features=768, out_features=3072, bias=True)
            )
            (output): RobertaOutput(
              (dense): Linear(in_features=3072, out_features=768, bias=True)
              (LayerNorm): LayerNorm((768,), eps=1e-05, elementwise_affine=True)
              (dropout): Dropout(p=0.1, inplace=False)
            )
          )
          (7): RobertaLayer(
            (attention): RobertaAttention(
              (self): RobertaSelfAttention(
                (query): Linear(in_features=768, out_features=768, bias=True)
                (key): Linear(in_features=768, out_features=768, bias=True)
                (value): Linear(in_features=768, out_features=768, bias=True)
                (dropout): Dropout(p=0.1, inplace=False)
              )
              (output): RobertaSelfOutput(
                (dense): Linear(in_features=768, out_features=768, bias=True)
                (LayerNorm): LayerNorm((768,), eps=1e-05, elementwise_affine=True)
                (dropout): Dropout(p=0.1, inplace=False)
              )
            )
            (intermediate): RobertaIntermediate(
              (dense): Linear(in_features=768, out_features=3072, bias=True)
            )
            (output): RobertaOutput(
              (dense): Linear(in_features=3072, out_features=768, bias=True)
              (LayerNorm): LayerNorm((768,), eps=1e-05, elementwise_affine=True)
              (dropout): Dropout(p=0.1, inplace=False)
            )
          )
          (8): RobertaLayer(
            (attention): RobertaAttention(
              (self): RobertaSelfAttention(
                (query): Linear(in_features=768, out_features=768, bias=True)
                (key): Linear(in_features=768, out_features=768, bias=True)
                (value): Linear(in_features=768, out_features=768, bias=True)
                (dropout): Dropout(p=0.1, inplace=False)
              )
              (output): RobertaSelfOutput(
                (dense): Linear(in_features=768, out_features=768, bias=True)
                (LayerNorm): LayerNorm((768,), eps=1e-05, elementwise_affine=True)
                (dropout): Dropout(p=0.1, inplace=False)
              )
            )
            (intermediate): RobertaIntermediate(
              (dense): Linear(in_features=768, out_features=3072, bias=True)
            )
            (output): RobertaOutput(
              (dense): Linear(in_features=3072, out_features=768, bias=True)
              (LayerNorm): LayerNorm((768,), eps=1e-05, elementwise_affine=True)
              (dropout): Dropout(p=0.1, inplace=False)
            )
          )
          (9): RobertaLayer(
            (attention): RobertaAttention(
              (self): RobertaSelfAttention(
                (query): Linear(in_features=768, out_features=768, bias=True)
                (key): Linear(in_features=768, out_features=768, bias=True)
                (value): Linear(in_features=768, out_features=768, bias=True)
                (dropout): Dropout(p=0.1, inplace=False)
              )
              (output): RobertaSelfOutput(
                (dense): Linear(in_features=768, out_features=768, bias=True)
                (LayerNorm): LayerNorm((768,), eps=1e-05, elementwise_affine=True)
                (dropout): Dropout(p=0.1, inplace=False)
              )
            )
            (intermediate): RobertaIntermediate(
              (dense): Linear(in_features=768, out_features=3072, bias=True)
            )
            (output): RobertaOutput(
              (dense): Linear(in_features=3072, out_features=768, bias=True)
              (LayerNorm): LayerNorm((768,), eps=1e-05, elementwise_affine=True)
              (dropout): Dropout(p=0.1, inplace=False)
            )
          )
          (10): RobertaLayer(
            (attention): RobertaAttention(
              (self): RobertaSelfAttention(
                (query): Linear(in_features=768, out_features=768, bias=True)
                (key): Linear(in_features=768, out_features=768, bias=True)
                (value): Linear(in_features=768, out_features=768, bias=True)
                (dropout): Dropout(p=0.1, inplace=False)
              )
              (output): RobertaSelfOutput(
                (dense): Linear(in_features=768, out_features=768, bias=True)
                (LayerNorm): LayerNorm((768,), eps=1e-05, elementwise_affine=True)
                (dropout): Dropout(p=0.1, inplace=False)
              )
            )
            (intermediate): RobertaIntermediate(
              (dense): Linear(in_features=768, out_features=3072, bias=True)
            )
            (output): RobertaOutput(
              (dense): Linear(in_features=3072, out_features=768, bias=True)
              (LayerNorm): LayerNorm((768,), eps=1e-05, elementwise_affine=True)
              (dropout): Dropout(p=0.1, inplace=False)
            )
          )
          (11): RobertaLayer(
            (attention): RobertaAttention(
              (self): RobertaSelfAttention(
                (query): Linear(in_features=768, out_features=768, bias=True)
                (key): Linear(in_features=768, out_features=768, bias=True)
                (value): Linear(in_features=768, out_features=768, bias=True)
                (dropout): Dropout(p=0.1, inplace=False)
              )
              (output): RobertaSelfOutput(
                (dense): Linear(in_features=768, out_features=768, bias=True)
                (LayerNorm): LayerNorm((768,), eps=1e-05, elementwise_affine=True)
                (dropout): Dropout(p=0.1, inplace=False)
              )
            )
            (intermediate): RobertaIntermediate(
              (dense): Linear(in_features=768, out_features=3072, bias=True)
            )
            (output): RobertaOutput(
              (dense): Linear(in_features=3072, out_features=768, bias=True)
              (LayerNorm): LayerNorm((768,), eps=1e-05, elementwise_affine=True)
              (dropout): Dropout(p=0.1, inplace=False)
            )
          )
        )
      )
    )
  )
  (task_head): PairWiseSentenceRanking(
    (phi): Linear(in_features=768, out_features=1, bias=True)
    (dropout): Dropout(p=0.1, inplace=False)
  )
  (train_metric): Accuracy()
  (val_metric): Accuracy()
  (test_metric): Accuracy()
)
05/04/2023 04:18:08 PM [INFO] Model has 124055809 trainable parameters
05/04/2023 04:18:12 PM [DEBUG] about to start training loop...
05/04/2023 04:18:16 PM [INFO] epoch : 0 - average_val_loss : 1.000000, overall_val_acc : 0.750000
05/04/2023 05:12:43 PM [INFO] epoch : 0 - average_val_loss : 1.062448, overall_val_acc : 0.973485
05/04/2023 05:12:58 PM [INFO] epoch : 0 - average_train_loss : 0.690664, overall_train_acc : 0.903989
05/04/2023 06:07:38 PM [INFO] epoch : 1 - average_val_loss : 1.043325, overall_val_acc : 0.979167
05/04/2023 06:07:53 PM [INFO] epoch : 1 - average_train_loss : 0.603490, overall_train_acc : 0.967857
05/04/2023 06:07:54 PM [DEBUG] training done.
05/04/2023 07:00:15 PM [INFO] featurizing the wsj corpus for task: sentence-ordering with model architecture: vanilla
05/04/2023 07:00:19 PM [DEBUG] <<LOADING>> WSJ dataset from directory: /home2/devesh.marwah/Transformer-Models-for-Text-Coherence-Assessment/processed_data/WSJ
05/04/2023 07:00:19 PM [DEBUG] working on test dataset 
05/04/2023 07:00:19 PM [DEBUG] <Done>
05/04/2023 07:00:19 PM [DEBUG] ------------------------------------------------------------
05/04/2023 07:00:20 PM [INFO] single sentence doc count: 10, total doc count: 1100, obtained permutation dataset count: 21800
05/04/2023 07:00:20 PM [INFO] post-processing the dataset
05/04/2023 07:00:20 PM [INFO] data preprocessed: 21800, sentences preprocessed: 43600
05/04/2023 07:00:35 PM [INFO] featurizing the datasets..
05/04/2023 07:00:35 PM [DEBUG] 21800 data instance processed. max sent_seq_length: 512
05/04/2023 07:01:00 PM [DEBUG] ------------------------------------------------------------
05/04/2023 07:01:00 PM [INFO] label distribution in test dataset (total count: 21800)
05/04/2023 07:01:00 PM [INFO] {1: 10900, -1: 10900}
05/04/2023 07:01:00 PM [DEBUG] ------------------------------------------------------------
05/04/2023 07:01:01 PM [INFO] 
command line argument captured ..
05/04/2023 07:01:01 PM [INFO] ------------------------------------------------------------
05/04/2023 07:01:01 PM [INFO] processed_dataset_path - /home2/devesh.marwah/Transformer-Models-for-Text-Coherence-Assessment/processed_data
05/04/2023 07:01:01 PM [INFO] checkpoint_path - /home2/devesh.marwah/Transformer-Models-for-Text-Coherence-Assessment/lightning_checkpoints/wsj-vanilla-sentence-ordering-roberta-base/epoch=1.ckpt
05/04/2023 07:01:01 PM [INFO] gpus - 1
05/04/2023 07:01:01 PM [INFO] epochs - 10
05/04/2023 07:01:01 PM [INFO] batch_size - 2
05/04/2023 07:01:01 PM [INFO] learning_rate - 1e-06
05/04/2023 07:01:01 PM [INFO] clip_grad_norm - 0.0
05/04/2023 07:01:01 PM [INFO] weight_decay - 0.01
05/04/2023 07:01:01 PM [INFO] dropout_rate - 0.1
05/04/2023 07:01:01 PM [INFO] enable_scheduler - False
05/04/2023 07:01:01 PM [INFO] warmup_steps - 0.01
05/04/2023 07:01:01 PM [INFO] margin - 1.0
05/04/2023 07:01:01 PM [INFO] corpus - wsj
05/04/2023 07:01:01 PM [INFO] sub_corpus - all
05/04/2023 07:01:01 PM [INFO] max_seq_len - 512
05/04/2023 07:01:01 PM [INFO] max_fact_count - 50
05/04/2023 07:01:01 PM [INFO] max_fact_seq_len - 50
05/04/2023 07:01:01 PM [INFO] permutation_count - 20
05/04/2023 07:01:01 PM [INFO] with_replacement - 1
05/04/2023 07:01:01 PM [INFO] train_dataset_count - None
05/04/2023 07:01:01 PM [INFO] val_dataset_count - None
05/04/2023 07:01:01 PM [INFO] test_dataset_count - 21800
05/04/2023 07:01:01 PM [INFO] inverse_pra - 0
05/04/2023 07:01:01 PM [INFO] task - sentence-ordering
05/04/2023 07:01:01 PM [INFO] enable_kldiv - False
05/04/2023 07:01:01 PM [INFO] label_smoothing - 0.1
05/04/2023 07:01:01 PM [INFO] inference - True
05/04/2023 07:01:01 PM [INFO] online_mode - 0
05/04/2023 07:01:01 PM [INFO] logger_exp_name - wsj-vanilla-sentence-ordering-roberta-base
05/04/2023 07:01:01 PM [INFO] arch - vanilla
05/04/2023 07:01:01 PM [INFO] disable_mtl - 0
05/04/2023 07:01:01 PM [INFO] mtl_base_arch - vanilla
05/04/2023 07:01:01 PM [INFO] model_name - roberta-base
05/04/2023 07:01:01 PM [INFO] tf2_model_name - roberta-base
05/04/2023 07:01:01 PM [INFO] use_pretrained_tf2 - 0
05/04/2023 07:01:01 PM [INFO] sentence_pooling - none
05/04/2023 07:01:01 PM [INFO] freeze_emb_layer - True
05/04/2023 07:01:01 PM [INFO] exp_count - 0
05/04/2023 07:01:01 PM [INFO] fp16 - 0
05/04/2023 07:01:01 PM [INFO] ------------------------------------------------------------
05/04/2023 07:01:01 PM [DEBUG] initiating inference process...
05/04/2023 07:01:04 PM [INFO] frozed embedding layer
05/04/2023 07:01:04 PM [DEBUG] loading the model from checkpoint : /home2/devesh.marwah/Transformer-Models-for-Text-Coherence-Assessment/lightning_checkpoints/wsj-vanilla-sentence-ordering-roberta-base/epoch=1.ckpt
05/04/2023 07:01:09 PM [INFO] frozed embedding layer
05/04/2023 07:01:09 PM [DEBUG] loaded model successfully !!!
05/04/2023 07:01:09 PM [INFO] testing on dataset : wsj ( sub_dataset all ) on task : sentence-ordering
05/04/2023 07:16:45 PM [INFO] epoch : 0 - average_test_loss : 1.042513, overall_test_acc : 0.981193
05/04/2023 07:16:45 PM [DEBUG] testing done !!!
