05/04/2023 10:16:16 AM [INFO] featurizing the wsj corpus for task: sentence-ordering with model architecture: hierarchical
05/04/2023 10:16:18 AM [DEBUG] <<LOADING>> WSJ dataset from directory: /home2/devesh.marwah/Transformer-Models-for-Text-Coherence-Assessment/processed_data/WSJ
05/04/2023 10:16:18 AM [DEBUG] working on train dataset 
05/04/2023 10:16:18 AM [DEBUG] <Done>
05/04/2023 10:16:18 AM [DEBUG] working on dev dataset 
05/04/2023 10:16:18 AM [DEBUG] <Done>
05/04/2023 10:16:18 AM [DEBUG] ------------------------------------------------------------
05/04/2023 10:16:19 AM [INFO] single sentence doc count: 21, total doc count: 1099, obtained permutation dataset count: 21560
05/04/2023 10:16:19 AM [INFO] single sentence doc count: 4, total doc count: 400, obtained permutation dataset count: 7920
05/04/2023 10:16:19 AM [INFO] post-processing the dataset
05/04/2023 10:16:19 AM [INFO] data preprocessed: 21560, sentences preprocessed: 43120
05/04/2023 10:16:38 AM [INFO] featurizing the datasets..
05/04/2023 10:16:38 AM [DEBUG] 21560 data instance processed. max sent_seq_length: 512
05/04/2023 10:17:05 AM [INFO] post-processing the dataset
05/04/2023 10:17:05 AM [INFO] data preprocessed: 7920, sentences preprocessed: 15840
05/04/2023 10:17:11 AM [INFO] featurizing the datasets..
05/04/2023 10:17:11 AM [DEBUG] 7920 data instance processed. max sent_seq_length: 512
05/04/2023 10:17:21 AM [DEBUG] ------------------------------------------------------------
05/04/2023 10:17:21 AM [INFO] label distribution in train dataset (total count: 21560)
05/04/2023 10:17:21 AM [INFO] {1: 10780, -1: 10780}
05/04/2023 10:17:21 AM [INFO] label distribution in dev dataset (total count: 7920)
05/04/2023 10:17:21 AM [INFO] {1: 3960, -1: 3960}
05/04/2023 10:17:21 AM [DEBUG] ------------------------------------------------------------
05/04/2023 10:17:22 AM [INFO] 
command line argument captured ..
05/04/2023 10:17:22 AM [INFO] ------------------------------------------------------------
05/04/2023 10:17:22 AM [INFO] processed_dataset_path - /home2/devesh.marwah/Transformer-Models-for-Text-Coherence-Assessment/processed_data
05/04/2023 10:17:22 AM [INFO] checkpoint_path - /home2/devesh.marwah/Transformer-Models-for-Text-Coherence-Assessment/lightning_checkpoints
05/04/2023 10:17:22 AM [INFO] gpus - 1
05/04/2023 10:17:22 AM [INFO] epochs - 2
05/04/2023 10:17:22 AM [INFO] batch_size - 2
05/04/2023 10:17:22 AM [INFO] learning_rate - 1e-06
05/04/2023 10:17:22 AM [INFO] clip_grad_norm - 0.0
05/04/2023 10:17:22 AM [INFO] weight_decay - 0.01
05/04/2023 10:17:22 AM [INFO] dropout_rate - 0.1
05/04/2023 10:17:22 AM [INFO] enable_scheduler - False
05/04/2023 10:17:22 AM [INFO] warmup_steps - 0.01
05/04/2023 10:17:22 AM [INFO] margin - 1.0
05/04/2023 10:17:22 AM [INFO] corpus - wsj
05/04/2023 10:17:22 AM [INFO] sub_corpus - all
05/04/2023 10:17:22 AM [INFO] max_seq_len - 512
05/04/2023 10:17:22 AM [INFO] max_fact_count - 50
05/04/2023 10:17:22 AM [INFO] max_fact_seq_len - 50
05/04/2023 10:17:22 AM [INFO] permutation_count - 20
05/04/2023 10:17:22 AM [INFO] with_replacement - 1
05/04/2023 10:17:22 AM [INFO] train_dataset_count - 21560
05/04/2023 10:17:22 AM [INFO] val_dataset_count - 7920
05/04/2023 10:17:22 AM [INFO] test_dataset_count - None
05/04/2023 10:17:22 AM [INFO] inverse_pra - 0
05/04/2023 10:17:22 AM [INFO] task - sentence-ordering
05/04/2023 10:17:22 AM [INFO] enable_kldiv - False
05/04/2023 10:17:22 AM [INFO] label_smoothing - 0.1
05/04/2023 10:17:22 AM [INFO] inference - False
05/04/2023 10:17:22 AM [INFO] online_mode - 0
05/04/2023 10:17:22 AM [INFO] logger_exp_name - wsj-hierarchical-sentence-ordering-roberta-base
05/04/2023 10:17:22 AM [INFO] arch - hierarchical
05/04/2023 10:17:22 AM [INFO] disable_mtl - 0
05/04/2023 10:17:22 AM [INFO] mtl_base_arch - vanilla
05/04/2023 10:17:22 AM [INFO] model_name - roberta-base
05/04/2023 10:17:22 AM [INFO] tf2_model_name - roberta-base
05/04/2023 10:17:22 AM [INFO] use_pretrained_tf2 - 0
05/04/2023 10:17:22 AM [INFO] sentence_pooling - none
05/04/2023 10:17:22 AM [INFO] freeze_emb_layer - False
05/04/2023 10:17:22 AM [INFO] exp_count - 0
05/04/2023 10:17:22 AM [INFO] fp16 - 0
05/04/2023 10:17:22 AM [INFO] ------------------------------------------------------------
05/04/2023 10:17:22 AM [DEBUG] initiating training process...
05/04/2023 10:17:31 AM [DEBUG] ModelWrapper(
  (doc_encoder): HierarchicalModel(
    (tf1): RobertaModel(
      (embeddings): RobertaEmbeddings(
        (word_embeddings): Embedding(50265, 768, padding_idx=1)
        (position_embeddings): Embedding(514, 768, padding_idx=1)
        (token_type_embeddings): Embedding(1, 768)
        (LayerNorm): LayerNorm((768,), eps=1e-05, elementwise_affine=True)
        (dropout): Dropout(p=0.1, inplace=False)
      )
      (encoder): RobertaEncoder(
        (layer): ModuleList(
          (0): RobertaLayer(
            (attention): RobertaAttention(
              (self): RobertaSelfAttention(
                (query): Linear(in_features=768, out_features=768, bias=True)
                (key): Linear(in_features=768, out_features=768, bias=True)
                (value): Linear(in_features=768, out_features=768, bias=True)
                (dropout): Dropout(p=0.1, inplace=False)
              )
              (output): RobertaSelfOutput(
                (dense): Linear(in_features=768, out_features=768, bias=True)
                (LayerNorm): LayerNorm((768,), eps=1e-05, elementwise_affine=True)
                (dropout): Dropout(p=0.1, inplace=False)
              )
            )
            (intermediate): RobertaIntermediate(
              (dense): Linear(in_features=768, out_features=3072, bias=True)
            )
            (output): RobertaOutput(
              (dense): Linear(in_features=3072, out_features=768, bias=True)
              (LayerNorm): LayerNorm((768,), eps=1e-05, elementwise_affine=True)
              (dropout): Dropout(p=0.1, inplace=False)
            )
          )
          (1): RobertaLayer(
            (attention): RobertaAttention(
              (self): RobertaSelfAttention(
                (query): Linear(in_features=768, out_features=768, bias=True)
                (key): Linear(in_features=768, out_features=768, bias=True)
                (value): Linear(in_features=768, out_features=768, bias=True)
                (dropout): Dropout(p=0.1, inplace=False)
              )
              (output): RobertaSelfOutput(
                (dense): Linear(in_features=768, out_features=768, bias=True)
                (LayerNorm): LayerNorm((768,), eps=1e-05, elementwise_affine=True)
                (dropout): Dropout(p=0.1, inplace=False)
              )
            )
            (intermediate): RobertaIntermediate(
              (dense): Linear(in_features=768, out_features=3072, bias=True)
            )
            (output): RobertaOutput(
              (dense): Linear(in_features=3072, out_features=768, bias=True)
              (LayerNorm): LayerNorm((768,), eps=1e-05, elementwise_affine=True)
              (dropout): Dropout(p=0.1, inplace=False)
            )
          )
          (2): RobertaLayer(
            (attention): RobertaAttention(
              (self): RobertaSelfAttention(
                (query): Linear(in_features=768, out_features=768, bias=True)
                (key): Linear(in_features=768, out_features=768, bias=True)
                (value): Linear(in_features=768, out_features=768, bias=True)
                (dropout): Dropout(p=0.1, inplace=False)
              )
              (output): RobertaSelfOutput(
                (dense): Linear(in_features=768, out_features=768, bias=True)
                (LayerNorm): LayerNorm((768,), eps=1e-05, elementwise_affine=True)
                (dropout): Dropout(p=0.1, inplace=False)
              )
            )
            (intermediate): RobertaIntermediate(
              (dense): Linear(in_features=768, out_features=3072, bias=True)
            )
            (output): RobertaOutput(
              (dense): Linear(in_features=3072, out_features=768, bias=True)
              (LayerNorm): LayerNorm((768,), eps=1e-05, elementwise_affine=True)
              (dropout): Dropout(p=0.1, inplace=False)
            )
          )
          (3): RobertaLayer(
            (attention): RobertaAttention(
              (self): RobertaSelfAttention(
                (query): Linear(in_features=768, out_features=768, bias=True)
                (key): Linear(in_features=768, out_features=768, bias=True)
                (value): Linear(in_features=768, out_features=768, bias=True)
                (dropout): Dropout(p=0.1, inplace=False)
              )
              (output): RobertaSelfOutput(
                (dense): Linear(in_features=768, out_features=768, bias=True)
                (LayerNorm): LayerNorm((768,), eps=1e-05, elementwise_affine=True)
                (dropout): Dropout(p=0.1, inplace=False)
              )
            )
            (intermediate): RobertaIntermediate(
              (dense): Linear(in_features=768, out_features=3072, bias=True)
            )
            (output): RobertaOutput(
              (dense): Linear(in_features=3072, out_features=768, bias=True)
              (LayerNorm): LayerNorm((768,), eps=1e-05, elementwise_affine=True)
              (dropout): Dropout(p=0.1, inplace=False)
            )
          )
          (4): RobertaLayer(
            (attention): RobertaAttention(
              (self): RobertaSelfAttention(
                (query): Linear(in_features=768, out_features=768, bias=True)
                (key): Linear(in_features=768, out_features=768, bias=True)
                (value): Linear(in_features=768, out_features=768, bias=True)
                (dropout): Dropout(p=0.1, inplace=False)
              )
              (output): RobertaSelfOutput(
                (dense): Linear(in_features=768, out_features=768, bias=True)
                (LayerNorm): LayerNorm((768,), eps=1e-05, elementwise_affine=True)
                (dropout): Dropout(p=0.1, inplace=False)
              )
            )
            (intermediate): RobertaIntermediate(
              (dense): Linear(in_features=768, out_features=3072, bias=True)
            )
            (output): RobertaOutput(
              (dense): Linear(in_features=3072, out_features=768, bias=True)
              (LayerNorm): LayerNorm((768,), eps=1e-05, elementwise_affine=True)
              (dropout): Dropout(p=0.1, inplace=False)
            )
          )
          (5): RobertaLayer(
            (attention): RobertaAttention(
              (self): RobertaSelfAttention(
                (query): Linear(in_features=768, out_features=768, bias=True)
                (key): Linear(in_features=768, out_features=768, bias=True)
                (value): Linear(in_features=768, out_features=768, bias=True)
                (dropout): Dropout(p=0.1, inplace=False)
              )
              (output): RobertaSelfOutput(
                (dense): Linear(in_features=768, out_features=768, bias=True)
                (LayerNorm): LayerNorm((768,), eps=1e-05, elementwise_affine=True)
                (dropout): Dropout(p=0.1, inplace=False)
              )
            )
            (intermediate): RobertaIntermediate(
              (dense): Linear(in_features=768, out_features=3072, bias=True)
            )
            (output): RobertaOutput(
              (dense): Linear(in_features=3072, out_features=768, bias=True)
              (LayerNorm): LayerNorm((768,), eps=1e-05, elementwise_affine=True)
              (dropout): Dropout(p=0.1, inplace=False)
            )
          )
          (6): RobertaLayer(
            (attention): RobertaAttention(
              (self): RobertaSelfAttention(
                (query): Linear(in_features=768, out_features=768, bias=True)
                (key): Linear(in_features=768, out_features=768, bias=True)
                (value): Linear(in_features=768, out_features=768, bias=True)
                (dropout): Dropout(p=0.1, inplace=False)
              )
              (output): RobertaSelfOutput(
                (dense): Linear(in_features=768, out_features=768, bias=True)
                (LayerNorm): LayerNorm((768,), eps=1e-05, elementwise_affine=True)
                (dropout): Dropout(p=0.1, inplace=False)
              )
            )
            (intermediate): RobertaIntermediate(
              (dense): Linear(in_features=768, out_features=3072, bias=True)
            )
            (output): RobertaOutput(
              (dense): Linear(in_features=3072, out_features=768, bias=True)
              (LayerNorm): LayerNorm((768,), eps=1e-05, elementwise_affine=True)
              (dropout): Dropout(p=0.1, inplace=False)
            )
          )
          (7): RobertaLayer(
            (attention): RobertaAttention(
              (self): RobertaSelfAttention(
                (query): Linear(in_features=768, out_features=768, bias=True)
                (key): Linear(in_features=768, out_features=768, bias=True)
                (value): Linear(in_features=768, out_features=768, bias=True)
                (dropout): Dropout(p=0.1, inplace=False)
              )
              (output): RobertaSelfOutput(
                (dense): Linear(in_features=768, out_features=768, bias=True)
                (LayerNorm): LayerNorm((768,), eps=1e-05, elementwise_affine=True)
                (dropout): Dropout(p=0.1, inplace=False)
              )
            )
            (intermediate): RobertaIntermediate(
              (dense): Linear(in_features=768, out_features=3072, bias=True)
            )
            (output): RobertaOutput(
              (dense): Linear(in_features=3072, out_features=768, bias=True)
              (LayerNorm): LayerNorm((768,), eps=1e-05, elementwise_affine=True)
              (dropout): Dropout(p=0.1, inplace=False)
            )
          )
          (8): RobertaLayer(
            (attention): RobertaAttention(
              (self): RobertaSelfAttention(
                (query): Linear(in_features=768, out_features=768, bias=True)
                (key): Linear(in_features=768, out_features=768, bias=True)
                (value): Linear(in_features=768, out_features=768, bias=True)
                (dropout): Dropout(p=0.1, inplace=False)
              )
              (output): RobertaSelfOutput(
                (dense): Linear(in_features=768, out_features=768, bias=True)
                (LayerNorm): LayerNorm((768,), eps=1e-05, elementwise_affine=True)
                (dropout): Dropout(p=0.1, inplace=False)
              )
            )
            (intermediate): RobertaIntermediate(
              (dense): Linear(in_features=768, out_features=3072, bias=True)
            )
            (output): RobertaOutput(
              (dense): Linear(in_features=3072, out_features=768, bias=True)
              (LayerNorm): LayerNorm((768,), eps=1e-05, elementwise_affine=True)
              (dropout): Dropout(p=0.1, inplace=False)
            )
          )
          (9): RobertaLayer(
            (attention): RobertaAttention(
              (self): RobertaSelfAttention(
                (query): Linear(in_features=768, out_features=768, bias=True)
                (key): Linear(in_features=768, out_features=768, bias=True)
                (value): Linear(in_features=768, out_features=768, bias=True)
                (dropout): Dropout(p=0.1, inplace=False)
              )
              (output): RobertaSelfOutput(
                (dense): Linear(in_features=768, out_features=768, bias=True)
                (LayerNorm): LayerNorm((768,), eps=1e-05, elementwise_affine=True)
                (dropout): Dropout(p=0.1, inplace=False)
              )
            )
            (intermediate): RobertaIntermediate(
              (dense): Linear(in_features=768, out_features=3072, bias=True)
            )
            (output): RobertaOutput(
              (dense): Linear(in_features=3072, out_features=768, bias=True)
              (LayerNorm): LayerNorm((768,), eps=1e-05, elementwise_affine=True)
              (dropout): Dropout(p=0.1, inplace=False)
            )
          )
          (10): RobertaLayer(
            (attention): RobertaAttention(
              (self): RobertaSelfAttention(
                (query): Linear(in_features=768, out_features=768, bias=True)
                (key): Linear(in_features=768, out_features=768, bias=True)
                (value): Linear(in_features=768, out_features=768, bias=True)
                (dropout): Dropout(p=0.1, inplace=False)
              )
              (output): RobertaSelfOutput(
                (dense): Linear(in_features=768, out_features=768, bias=True)
                (LayerNorm): LayerNorm((768,), eps=1e-05, elementwise_affine=True)
                (dropout): Dropout(p=0.1, inplace=False)
              )
            )
            (intermediate): RobertaIntermediate(
              (dense): Linear(in_features=768, out_features=3072, bias=True)
            )
            (output): RobertaOutput(
              (dense): Linear(in_features=3072, out_features=768, bias=True)
              (LayerNorm): LayerNorm((768,), eps=1e-05, elementwise_affine=True)
              (dropout): Dropout(p=0.1, inplace=False)
            )
          )
          (11): RobertaLayer(
            (attention): RobertaAttention(
              (self): RobertaSelfAttention(
                (query): Linear(in_features=768, out_features=768, bias=True)
                (key): Linear(in_features=768, out_features=768, bias=True)
                (value): Linear(in_features=768, out_features=768, bias=True)
                (dropout): Dropout(p=0.1, inplace=False)
              )
              (output): RobertaSelfOutput(
                (dense): Linear(in_features=768, out_features=768, bias=True)
                (LayerNorm): LayerNorm((768,), eps=1e-05, elementwise_affine=True)
                (dropout): Dropout(p=0.1, inplace=False)
              )
            )
            (intermediate): RobertaIntermediate(
              (dense): Linear(in_features=768, out_features=3072, bias=True)
            )
            (output): RobertaOutput(
              (dense): Linear(in_features=3072, out_features=768, bias=True)
              (LayerNorm): LayerNorm((768,), eps=1e-05, elementwise_affine=True)
              (dropout): Dropout(p=0.1, inplace=False)
            )
          )
        )
      )
    )
    (tf2): RobertaModel(
      (embeddings): RobertaEmbeddings(
        (word_embeddings): Embedding(50265, 768, padding_idx=1)
        (position_embeddings): Embedding(514, 768, padding_idx=1)
        (token_type_embeddings): Embedding(1, 768)
        (LayerNorm): LayerNorm((768,), eps=1e-05, elementwise_affine=True)
        (dropout): Dropout(p=0.1, inplace=False)
      )
      (encoder): RobertaEncoder(
        (layer): ModuleList(
          (0): RobertaLayer(
            (attention): RobertaAttention(
              (self): RobertaSelfAttention(
                (query): Linear(in_features=768, out_features=768, bias=True)
                (key): Linear(in_features=768, out_features=768, bias=True)
                (value): Linear(in_features=768, out_features=768, bias=True)
                (dropout): Dropout(p=0.1, inplace=False)
              )
              (output): RobertaSelfOutput(
                (dense): Linear(in_features=768, out_features=768, bias=True)
                (LayerNorm): LayerNorm((768,), eps=1e-05, elementwise_affine=True)
                (dropout): Dropout(p=0.1, inplace=False)
              )
            )
            (intermediate): RobertaIntermediate(
              (dense): Linear(in_features=768, out_features=3072, bias=True)
            )
            (output): RobertaOutput(
              (dense): Linear(in_features=3072, out_features=768, bias=True)
              (LayerNorm): LayerNorm((768,), eps=1e-05, elementwise_affine=True)
              (dropout): Dropout(p=0.1, inplace=False)
            )
          )
          (1): RobertaLayer(
            (attention): RobertaAttention(
              (self): RobertaSelfAttention(
                (query): Linear(in_features=768, out_features=768, bias=True)
                (key): Linear(in_features=768, out_features=768, bias=True)
                (value): Linear(in_features=768, out_features=768, bias=True)
                (dropout): Dropout(p=0.1, inplace=False)
              )
              (output): RobertaSelfOutput(
                (dense): Linear(in_features=768, out_features=768, bias=True)
                (LayerNorm): LayerNorm((768,), eps=1e-05, elementwise_affine=True)
                (dropout): Dropout(p=0.1, inplace=False)
              )
            )
            (intermediate): RobertaIntermediate(
              (dense): Linear(in_features=768, out_features=3072, bias=True)
            )
            (output): RobertaOutput(
              (dense): Linear(in_features=3072, out_features=768, bias=True)
              (LayerNorm): LayerNorm((768,), eps=1e-05, elementwise_affine=True)
              (dropout): Dropout(p=0.1, inplace=False)
            )
          )
          (2): RobertaLayer(
            (attention): RobertaAttention(
              (self): RobertaSelfAttention(
                (query): Linear(in_features=768, out_features=768, bias=True)
                (key): Linear(in_features=768, out_features=768, bias=True)
                (value): Linear(in_features=768, out_features=768, bias=True)
                (dropout): Dropout(p=0.1, inplace=False)
              )
              (output): RobertaSelfOutput(
                (dense): Linear(in_features=768, out_features=768, bias=True)
                (LayerNorm): LayerNorm((768,), eps=1e-05, elementwise_affine=True)
                (dropout): Dropout(p=0.1, inplace=False)
              )
            )
            (intermediate): RobertaIntermediate(
              (dense): Linear(in_features=768, out_features=3072, bias=True)
            )
            (output): RobertaOutput(
              (dense): Linear(in_features=3072, out_features=768, bias=True)
              (LayerNorm): LayerNorm((768,), eps=1e-05, elementwise_affine=True)
              (dropout): Dropout(p=0.1, inplace=False)
            )
          )
          (3): RobertaLayer(
            (attention): RobertaAttention(
              (self): RobertaSelfAttention(
                (query): Linear(in_features=768, out_features=768, bias=True)
                (key): Linear(in_features=768, out_features=768, bias=True)
                (value): Linear(in_features=768, out_features=768, bias=True)
                (dropout): Dropout(p=0.1, inplace=False)
              )
              (output): RobertaSelfOutput(
                (dense): Linear(in_features=768, out_features=768, bias=True)
                (LayerNorm): LayerNorm((768,), eps=1e-05, elementwise_affine=True)
                (dropout): Dropout(p=0.1, inplace=False)
              )
            )
            (intermediate): RobertaIntermediate(
              (dense): Linear(in_features=768, out_features=3072, bias=True)
            )
            (output): RobertaOutput(
              (dense): Linear(in_features=3072, out_features=768, bias=True)
              (LayerNorm): LayerNorm((768,), eps=1e-05, elementwise_affine=True)
              (dropout): Dropout(p=0.1, inplace=False)
            )
          )
          (4): RobertaLayer(
            (attention): RobertaAttention(
              (self): RobertaSelfAttention(
                (query): Linear(in_features=768, out_features=768, bias=True)
                (key): Linear(in_features=768, out_features=768, bias=True)
                (value): Linear(in_features=768, out_features=768, bias=True)
                (dropout): Dropout(p=0.1, inplace=False)
              )
              (output): RobertaSelfOutput(
                (dense): Linear(in_features=768, out_features=768, bias=True)
                (LayerNorm): LayerNorm((768,), eps=1e-05, elementwise_affine=True)
                (dropout): Dropout(p=0.1, inplace=False)
              )
            )
            (intermediate): RobertaIntermediate(
              (dense): Linear(in_features=768, out_features=3072, bias=True)
            )
            (output): RobertaOutput(
              (dense): Linear(in_features=3072, out_features=768, bias=True)
              (LayerNorm): LayerNorm((768,), eps=1e-05, elementwise_affine=True)
              (dropout): Dropout(p=0.1, inplace=False)
            )
          )
          (5): RobertaLayer(
            (attention): RobertaAttention(
              (self): RobertaSelfAttention(
                (query): Linear(in_features=768, out_features=768, bias=True)
                (key): Linear(in_features=768, out_features=768, bias=True)
                (value): Linear(in_features=768, out_features=768, bias=True)
                (dropout): Dropout(p=0.1, inplace=False)
              )
              (output): RobertaSelfOutput(
                (dense): Linear(in_features=768, out_features=768, bias=True)
                (LayerNorm): LayerNorm((768,), eps=1e-05, elementwise_affine=True)
                (dropout): Dropout(p=0.1, inplace=False)
              )
            )
            (intermediate): RobertaIntermediate(
              (dense): Linear(in_features=768, out_features=3072, bias=True)
            )
            (output): RobertaOutput(
              (dense): Linear(in_features=3072, out_features=768, bias=True)
              (LayerNorm): LayerNorm((768,), eps=1e-05, elementwise_affine=True)
              (dropout): Dropout(p=0.1, inplace=False)
            )
          )
          (6): RobertaLayer(
            (attention): RobertaAttention(
              (self): RobertaSelfAttention(
                (query): Linear(in_features=768, out_features=768, bias=True)
                (key): Linear(in_features=768, out_features=768, bias=True)
                (value): Linear(in_features=768, out_features=768, bias=True)
                (dropout): Dropout(p=0.1, inplace=False)
              )
              (output): RobertaSelfOutput(
                (dense): Linear(in_features=768, out_features=768, bias=True)
                (LayerNorm): LayerNorm((768,), eps=1e-05, elementwise_affine=True)
                (dropout): Dropout(p=0.1, inplace=False)
              )
            )
            (intermediate): RobertaIntermediate(
              (dense): Linear(in_features=768, out_features=3072, bias=True)
            )
            (output): RobertaOutput(
              (dense): Linear(in_features=3072, out_features=768, bias=True)
              (LayerNorm): LayerNorm((768,), eps=1e-05, elementwise_affine=True)
              (dropout): Dropout(p=0.1, inplace=False)
            )
          )
          (7): RobertaLayer(
            (attention): RobertaAttention(
              (self): RobertaSelfAttention(
                (query): Linear(in_features=768, out_features=768, bias=True)
                (key): Linear(in_features=768, out_features=768, bias=True)
                (value): Linear(in_features=768, out_features=768, bias=True)
                (dropout): Dropout(p=0.1, inplace=False)
              )
              (output): RobertaSelfOutput(
                (dense): Linear(in_features=768, out_features=768, bias=True)
                (LayerNorm): LayerNorm((768,), eps=1e-05, elementwise_affine=True)
                (dropout): Dropout(p=0.1, inplace=False)
              )
            )
            (intermediate): RobertaIntermediate(
              (dense): Linear(in_features=768, out_features=3072, bias=True)
            )
            (output): RobertaOutput(
              (dense): Linear(in_features=3072, out_features=768, bias=True)
              (LayerNorm): LayerNorm((768,), eps=1e-05, elementwise_affine=True)
              (dropout): Dropout(p=0.1, inplace=False)
            )
          )
          (8): RobertaLayer(
            (attention): RobertaAttention(
              (self): RobertaSelfAttention(
                (query): Linear(in_features=768, out_features=768, bias=True)
                (key): Linear(in_features=768, out_features=768, bias=True)
                (value): Linear(in_features=768, out_features=768, bias=True)
                (dropout): Dropout(p=0.1, inplace=False)
              )
              (output): RobertaSelfOutput(
                (dense): Linear(in_features=768, out_features=768, bias=True)
                (LayerNorm): LayerNorm((768,), eps=1e-05, elementwise_affine=True)
                (dropout): Dropout(p=0.1, inplace=False)
              )
            )
            (intermediate): RobertaIntermediate(
              (dense): Linear(in_features=768, out_features=3072, bias=True)
            )
            (output): RobertaOutput(
              (dense): Linear(in_features=3072, out_features=768, bias=True)
              (LayerNorm): LayerNorm((768,), eps=1e-05, elementwise_affine=True)
              (dropout): Dropout(p=0.1, inplace=False)
            )
          )
          (9): RobertaLayer(
            (attention): RobertaAttention(
              (self): RobertaSelfAttention(
                (query): Linear(in_features=768, out_features=768, bias=True)
                (key): Linear(in_features=768, out_features=768, bias=True)
                (value): Linear(in_features=768, out_features=768, bias=True)
                (dropout): Dropout(p=0.1, inplace=False)
              )
              (output): RobertaSelfOutput(
                (dense): Linear(in_features=768, out_features=768, bias=True)
                (LayerNorm): LayerNorm((768,), eps=1e-05, elementwise_affine=True)
                (dropout): Dropout(p=0.1, inplace=False)
              )
            )
            (intermediate): RobertaIntermediate(
              (dense): Linear(in_features=768, out_features=3072, bias=True)
            )
            (output): RobertaOutput(
              (dense): Linear(in_features=3072, out_features=768, bias=True)
              (LayerNorm): LayerNorm((768,), eps=1e-05, elementwise_affine=True)
              (dropout): Dropout(p=0.1, inplace=False)
            )
          )
          (10): RobertaLayer(
            (attention): RobertaAttention(
              (self): RobertaSelfAttention(
                (query): Linear(in_features=768, out_features=768, bias=True)
                (key): Linear(in_features=768, out_features=768, bias=True)
                (value): Linear(in_features=768, out_features=768, bias=True)
                (dropout): Dropout(p=0.1, inplace=False)
              )
              (output): RobertaSelfOutput(
                (dense): Linear(in_features=768, out_features=768, bias=True)
                (LayerNorm): LayerNorm((768,), eps=1e-05, elementwise_affine=True)
                (dropout): Dropout(p=0.1, inplace=False)
              )
            )
            (intermediate): RobertaIntermediate(
              (dense): Linear(in_features=768, out_features=3072, bias=True)
            )
            (output): RobertaOutput(
              (dense): Linear(in_features=3072, out_features=768, bias=True)
              (LayerNorm): LayerNorm((768,), eps=1e-05, elementwise_affine=True)
              (dropout): Dropout(p=0.1, inplace=False)
            )
          )
          (11): RobertaLayer(
            (attention): RobertaAttention(
              (self): RobertaSelfAttention(
                (query): Linear(in_features=768, out_features=768, bias=True)
                (key): Linear(in_features=768, out_features=768, bias=True)
                (value): Linear(in_features=768, out_features=768, bias=True)
                (dropout): Dropout(p=0.1, inplace=False)
              )
              (output): RobertaSelfOutput(
                (dense): Linear(in_features=768, out_features=768, bias=True)
                (LayerNorm): LayerNorm((768,), eps=1e-05, elementwise_affine=True)
                (dropout): Dropout(p=0.1, inplace=False)
              )
            )
            (intermediate): RobertaIntermediate(
              (dense): Linear(in_features=768, out_features=3072, bias=True)
            )
            (output): RobertaOutput(
              (dense): Linear(in_features=3072, out_features=768, bias=True)
              (LayerNorm): LayerNorm((768,), eps=1e-05, elementwise_affine=True)
              (dropout): Dropout(p=0.1, inplace=False)
            )
          )
        )
      )
      (pooler): RobertaPooler(
        (dense): Linear(in_features=768, out_features=768, bias=True)
        (activation): Tanh()
      )
    )
  )
  (task_head): PairWiseSentenceRanking(
    (phi): Linear(in_features=768, out_features=1, bias=True)
    (dropout): Dropout(p=0.1, inplace=False)
  )
  (train_metric): Accuracy()
  (val_metric): Accuracy()
  (test_metric): Accuracy()
)
05/04/2023 10:17:31 AM [INFO] Model has 248701441 trainable parameters
05/04/2023 10:17:34 AM [DEBUG] about to start training loop...
05/04/2023 10:17:37 AM [INFO] epoch : 0 - average_val_loss : 1.000000, overall_val_acc : 0.750000
05/04/2023 11:33:06 AM [INFO] epoch : 0 - average_val_loss : 1.069876, overall_val_acc : 0.987121
05/04/2023 11:33:31 AM [INFO] epoch : 0 - average_train_loss : 0.668667, overall_train_acc : 0.942069
05/04/2023 12:47:49 PM [INFO] epoch : 1 - average_val_loss : 1.086314, overall_val_acc : 0.989141
05/04/2023 12:48:16 PM [INFO] epoch : 1 - average_train_loss : 0.609616, overall_train_acc : 0.978803
05/04/2023 12:48:17 PM [DEBUG] training done.
05/04/2023 03:48:35 PM [INFO] featurizing the wsj corpus for task: sentence-ordering with model architecture: hierarchical
05/04/2023 03:48:38 PM [DEBUG] <<LOADING>> WSJ dataset from directory: /home2/devesh.marwah/Transformer-Models-for-Text-Coherence-Assessment/processed_data/WSJ
05/04/2023 03:48:38 PM [DEBUG] working on test dataset 
05/04/2023 03:48:38 PM [DEBUG] <Done>
05/04/2023 03:48:38 PM [DEBUG] ------------------------------------------------------------
05/04/2023 03:48:39 PM [INFO] single sentence doc count: 10, total doc count: 1100, obtained permutation dataset count: 21800
05/04/2023 03:48:39 PM [INFO] post-processing the dataset
05/04/2023 03:48:39 PM [INFO] data preprocessed: 21800, sentences preprocessed: 43600
05/04/2023 03:51:01 PM [INFO] featurizing the wsj corpus for task: sentence-ordering with model architecture: hierarchical
05/04/2023 03:51:04 PM [DEBUG] <<LOADING>> WSJ dataset from directory: /home2/devesh.marwah/Transformer-Models-for-Text-Coherence-Assessment/processed_data/WSJ
05/04/2023 03:51:04 PM [DEBUG] working on test dataset 
05/04/2023 03:51:05 PM [DEBUG] <Done>
05/04/2023 03:51:05 PM [DEBUG] ------------------------------------------------------------
05/04/2023 03:51:06 PM [INFO] single sentence doc count: 10, total doc count: 1100, obtained permutation dataset count: 21800
05/04/2023 03:51:06 PM [INFO] post-processing the dataset
05/04/2023 03:51:06 PM [INFO] data preprocessed: 21800, sentences preprocessed: 43600
05/04/2023 03:56:17 PM [INFO] featurizing the wsj corpus for task: sentence-ordering with model architecture: hierarchical
05/04/2023 03:56:19 PM [DEBUG] <<LOADING>> WSJ dataset from directory: /home2/devesh.marwah/Transformer-Models-for-Text-Coherence-Assessment/processed_data/WSJ
05/04/2023 03:56:19 PM [DEBUG] working on test dataset 
05/04/2023 03:56:19 PM [DEBUG] <Done>
05/04/2023 03:56:19 PM [DEBUG] ------------------------------------------------------------
05/04/2023 03:56:20 PM [INFO] single sentence doc count: 10, total doc count: 1100, obtained permutation dataset count: 21800
05/04/2023 03:56:20 PM [INFO] post-processing the dataset
05/04/2023 03:56:20 PM [INFO] data preprocessed: 21800, sentences preprocessed: 43600
05/04/2023 03:56:37 PM [INFO] featurizing the datasets..
05/04/2023 03:56:37 PM [DEBUG] 21800 data instance processed. max sent_seq_length: 512
05/04/2023 03:57:03 PM [DEBUG] ------------------------------------------------------------
05/04/2023 03:57:03 PM [INFO] label distribution in test dataset (total count: 21800)
05/04/2023 03:57:03 PM [INFO] {1: 10900, -1: 10900}
05/04/2023 03:57:03 PM [DEBUG] ------------------------------------------------------------
05/04/2023 03:57:03 PM [INFO] 
command line argument captured ..
05/04/2023 03:57:03 PM [INFO] ------------------------------------------------------------
05/04/2023 03:57:03 PM [INFO] processed_dataset_path - /home2/devesh.marwah/Transformer-Models-for-Text-Coherence-Assessment/processed_data
05/04/2023 03:57:03 PM [INFO] checkpoint_path - /home2/devesh.marwah/Transformer-Models-for-Text-Coherence-Assessment/lightning_checkpoints/wsj-hierarchical-sentence-ordering-roberta-base/epoch=1.ckpt
05/04/2023 03:57:03 PM [INFO] gpus - 1
05/04/2023 03:57:03 PM [INFO] epochs - 10
05/04/2023 03:57:03 PM [INFO] batch_size - 2
05/04/2023 03:57:03 PM [INFO] learning_rate - 1e-06
05/04/2023 03:57:03 PM [INFO] clip_grad_norm - 0.0
05/04/2023 03:57:03 PM [INFO] weight_decay - 0.01
05/04/2023 03:57:03 PM [INFO] dropout_rate - 0.1
05/04/2023 03:57:03 PM [INFO] enable_scheduler - False
05/04/2023 03:57:03 PM [INFO] warmup_steps - 0.01
05/04/2023 03:57:03 PM [INFO] margin - 1.0
05/04/2023 03:57:03 PM [INFO] corpus - wsj
05/04/2023 03:57:03 PM [INFO] sub_corpus - all
05/04/2023 03:57:03 PM [INFO] max_seq_len - 512
05/04/2023 03:57:03 PM [INFO] max_fact_count - 50
05/04/2023 03:57:03 PM [INFO] max_fact_seq_len - 50
05/04/2023 03:57:03 PM [INFO] permutation_count - 20
05/04/2023 03:57:03 PM [INFO] with_replacement - 1
05/04/2023 03:57:03 PM [INFO] train_dataset_count - None
05/04/2023 03:57:03 PM [INFO] val_dataset_count - None
05/04/2023 03:57:03 PM [INFO] test_dataset_count - 21800
05/04/2023 03:57:03 PM [INFO] inverse_pra - 0
05/04/2023 03:57:03 PM [INFO] task - sentence-ordering
05/04/2023 03:57:03 PM [INFO] enable_kldiv - False
05/04/2023 03:57:03 PM [INFO] label_smoothing - 0.1
05/04/2023 03:57:03 PM [INFO] inference - True
05/04/2023 03:57:03 PM [INFO] online_mode - 0
05/04/2023 03:57:03 PM [INFO] logger_exp_name - wsj-hierarchical-sentence-ordering-roberta-base
05/04/2023 03:57:03 PM [INFO] arch - hierarchical
05/04/2023 03:57:03 PM [INFO] disable_mtl - 0
05/04/2023 03:57:03 PM [INFO] mtl_base_arch - vanilla
05/04/2023 03:57:03 PM [INFO] model_name - roberta-base
05/04/2023 03:57:03 PM [INFO] tf2_model_name - roberta-base
05/04/2023 03:57:03 PM [INFO] use_pretrained_tf2 - 0
05/04/2023 03:57:03 PM [INFO] sentence_pooling - none
05/04/2023 03:57:03 PM [INFO] freeze_emb_layer - True
05/04/2023 03:57:03 PM [INFO] exp_count - 0
05/04/2023 03:57:03 PM [INFO] fp16 - 0
05/04/2023 03:57:03 PM [INFO] ------------------------------------------------------------
05/04/2023 03:57:03 PM [DEBUG] initiating inference process...
05/04/2023 03:57:14 PM [INFO] frozed embedding layer
05/04/2023 03:57:14 PM [DEBUG] loading the model from checkpoint : /home2/devesh.marwah/Transformer-Models-for-Text-Coherence-Assessment/lightning_checkpoints/wsj-hierarchical-sentence-ordering-roberta-base/epoch=1.ckpt
05/04/2023 03:57:46 PM [INFO] frozed embedding layer
05/04/2023 03:57:46 PM [DEBUG] loaded model successfully !!!
05/04/2023 03:57:46 PM [INFO] testing on dataset : wsj ( sub_dataset all ) on task : sentence-ordering
05/04/2023 04:16:42 PM [INFO] epoch : 0 - average_test_loss : 1.081145, overall_test_acc : 0.985000
05/04/2023 04:16:42 PM [DEBUG] testing done !!!
